#
# A fatal error has been detected by the Java Runtime Environment:
#
#  EXCEPTION_ACCESS_VIOLATION (0xc0000005) at pc=0x000002595983933f, pid=7724, tid=18872
#
# JRE version: OpenJDK Runtime Environment (19.0.2+7) (build 19.0.2+7-44)
# Java VM: OpenJDK 64-Bit Server VM (19.0.2+7-44, mixed mode, sharing, tiered, compressed oops, compressed class ptrs, g1 gc, windows-amd64)
# Problematic frame:
# v  ~BufferBlob::MethodHandles adapters 0x000002595983933f
#
# No core dump will be written. Minidumps are not enabled by default on client versions of Windows
#
# If you would like to submit a bug report, please visit:
#   https://bugreport.java.com/bugreport/crash.jsp
#

---------------  S U M M A R Y ------------

Command Line: -agentlib:jdwp=transport=dt_socket,server=n,suspend=y,address=localhost:61211 -XX:+ShowCodeDetailsInExceptionMessages org.disertatie.dbsync.DbsyncApplication

Host: Intel(R) Core(TM) i9-9900K CPU @ 3.60GHz, 16 cores, 15G,  Windows 10 , 64 bit Build 19041 (10.0.19041.2913)
Time: Sun May 28 17:15:39 2023 GTB Daylight Time elapsed time: 257.754155 seconds (0d 0h 4m 17s)

---------------  T H R E A D  ---------------

Current thread (0x0000025975ab2630):  JavaThread "org.springframework.kafka.KafkaListenerEndpointContainer#1-0-C-1" [_thread_in_Java, id=18872, stack(0x000000e67d600000,0x000000e67d700000)]

Stack: [0x000000e67d600000,0x000000e67d700000],  sp=0x000000e67d6fe618,  free space=1017k
Native frames: (J=compiled Java code, j=interpreted, Vv=VM code, C=native code)
C  0x000002595983933f


siginfo: EXCEPTION_ACCESS_VIOLATION (0xc0000005), reading address 0xffffffffffffffff


Registers:
RAX=0x00000259597ec11a, RBX=0x736ed800000000b1, RCX=0x000000e67d6fe628, RDX=0x0000000000000003
RSP=0x000000e67d6fe618, RBP=0x000000e67d6fe670, RSI=0x0000025975b9aa18, RDI=0x00000259753ab370
R8 =0x0000000000000004, R9 =0x0000000000000004, R10=0x00000008007366b3, R11=0x00000000000000cc
R12=0x0000000000000000, R13=0x000000e67d6fe618, R14=0x000000e67d6fe698, R15=0x0000025975ab2630
RIP=0x000002595983933f, EFLAGS=0x0000000000010202


Register to memory mapping:

RIP=0x000002595983933f is at begin+92 in a stub
MethodHandle::interpreter_entry::_linkToVirtual [0x00000259598392e3, 0x000002595983934a] (103 bytes)
RAX=0x00000259597ec11a is at code_begin+3354 in an Interpreter codelet
return entry points  [0x00000259597eb400, 0x00000259597ed4d0]  8400 bytes
RBX=0x736ed800000000b1 is an unknown value
RCX=0x000000e67d6fe628 is pointing into the stack for thread: 0x0000025975ab2630
RDX=0x0000000000000003 is an unknown value
RSP=0x000000e67d6fe618 is pointing into the stack for thread: 0x0000025975ab2630
RBP=0x000000e67d6fe670 is pointing into the stack for thread: 0x0000025975ab2630
RSI=0x0000025975b9aa18 points into unknown readable memory: 0x800017598223bd66 | 66 bd 23 82 59 17 00 80
RDI=0x00000259753ab370 points into unknown readable memory: 0x0000002000000070 | 70 00 00 00 20 00 00 00
R8 =0x0000000000000004 is an unknown value
R9 =0x0000000000000004 is an unknown value
R10=0x00000008007366b3 is pointing into metadata
R11=0x00000000000000cc is an unknown value
R12=0x0 is NULL
R13=0x000000e67d6fe618 is pointing into the stack for thread: 0x0000025975ab2630
R14=0x000000e67d6fe698 is pointing into the stack for thread: 0x0000025975ab2630
R15=0x0000025975ab2630 is a thread


Top of Stack: (sp=0x000000e67d6fe618)
0x000000e67d6fe618:   00000259597ec11a 000000070254e258
0x000000e67d6fe628:   000000e67d6fe628 00000008007366b3
0x000000e67d6fe638:   000000e67d6fe698 00000008000d4e18
0x000000e67d6fe648:   0000025971f8e038 0000000701276f30
0x000000e67d6fe658:   00000008000d7900 000000e67d6fe618
0x000000e67d6fe668:   000000e67d6fe6a0 000000e67d6fea00
0x000000e67d6fe678:   00000259529a7fc6 0000000710eb5758
0x000000e67d6fe688:   00000007053298d0 000000070254e258
0x000000e67d6fe698:   0000000710eb58d0 0000000701c34c50
0x000000e67d6fe6a8:   0000025959f50611 0000000701c34c50
0x000000e67d6fe6b8:   000000e67d6fe710 0000000710eb5ca0
0x000000e67d6fe6c8:   000000070254e258 0000000710eb5bb8
0x000000e67d6fe6d8:   00000007053298d0 00000007053298d0
0x000000e67d6fe6e8:   0000000710eb5a98 0000000710eb58d0
0x000000e67d6fe6f8:   000000070254e258 00000259529a7e9c
0x000000e67d6fe708:   0000000000000000 000000e67d6fea00 

Instructions: (pc=0x000002595983933f)
0x000002595983923f:   00 80 92 83 59 59 02 00 00 00 a3 83 59 59 02 00
0x000002595983924f:   00 78 92 83 59 59 02 00 00 78 92 83 59 59 02 00
0x000002595983925f:   00 00 00 00 00 00 00 00 00 00 00 00 00 00 00 00
0x000002595983926f:   00 38 3b 48 fd f8 7f 00 00 00 00 00 00 00 00 00
0x000002595983927f:   00 f4 66 66 66 0f 1f 84 00 00 00 00 00 66 66 66
0x000002595983928f:   90 66 66 66 0f 1f 84 00 00 00 00 00 66 66 66 90
0x000002595983929f:   90 48 8b 53 08 0f b7 52 2c 48 8b 0c d4 8b 59 14
0x00000259598392af:   48 c1 e3 03 8b 5b 28 48 c1 e3 03 8b 5b 24 48 c1
0x00000259598392bf:   e3 03 48 8b 5b 10 48 85 db 0f 84 10 00 00 00 41
0x00000259598392cf:   80 bf f8 04 00 00 00 74 03 ff 63 38 ff 63 50 e9
0x00000259598392df:   1d ac fd ff 66 66 66 0f 1f 84 00 00 00 00 00 66
0x00000259598392ef:   66 66 90 66 66 0f 1f 84 00 00 00 00 00 66 66 66
0x00000259598392ff:   90 48 8b 53 08 0f b7 52 2c 48 8b 0c d4 58 5b 50
0x000002595983930f:   44 8b 51 08 49 bb 00 00 00 00 08 00 00 00 4d 03
0x000002595983931f:   d3 4c 8b 5b 10 4b 8b 9c da b8 01 00 00 48 85 db
0x000002595983932f:   0f 84 10 00 00 00 41 80 bf f8 04 00 00 00 74 03
0x000002595983933f:   ff 63 38 ff 63 50 e9 b6 ab fd ff 66 66 66 0f 1f
0x000002595983934f:   84 00 00 00 00 00 66 66 66 90 0f 1f 80 00 00 00
0x000002595983935f:   00 58 5b 50 8b 5b 24 48 c1 e3 03 48 8b 5b 10 48
0x000002595983936f:   85 db 0f 84 10 00 00 00 41 80 bf f8 04 00 00 00
0x000002595983937f:   74 03 ff 63 38 ff 63 50 e9 74 ab fd ff 66 66 66
0x000002595983938f:   0f 1f 84 00 00 00 00 00 66 66 66 90 0f 1f 44 00
0x000002595983939f:   00 48 8b 53 08 0f b7 52 2c 48 8b 0c d4 58 5b 50
0x00000259598393af:   48 3b 01 8b 5b 24 48 c1 e3 03 48 8b 5b 10 48 85
0x00000259598393bf:   db 0f 84 10 00 00 00 41 80 bf f8 04 00 00 00 74
0x00000259598393cf:   03 ff 63 38 ff 63 50 e9 25 ab fd ff 0f 1f 44 00
0x00000259598393df:   00 48 8b 53 08 0f b7 52 2c 48 8b 0c d4 58 5b 50
0x00000259598393ef:   44 8b 51 08 49 bb 00 00 00 00 08 00 00 00 4d 03
0x00000259598393ff:   d3 8b 43 18 48 c1 e0 03 48 8b 40 10 48 8b 5b 10
0x000002595983940f:   45 8b 9a a0 00 00 00 4f 8d 9c da b8 01 00 00 4d
0x000002595983941f:   8d 14 da 49 8b 1b 48 3b c3 74 15 48 85 db 0f 84
0x000002595983942f:   32 00 00 00 49 83 c3 10 49 8b 1b 48 3b c3 75 eb 


Stack slot to memory mapping:
stack at sp + 0 slots: 0x00000259597ec11a is at code_begin+3354 in an Interpreter codelet
return entry points  [0x00000259597eb400, 0x00000259597ed4d0]  8400 bytes
stack at sp + 1 slots: 0x000000070254e258 is an oop: org.disertatie.dbsync.kafka.KafkaSqlChangeConsumer 
{0x000000070254e258} - klass: 'org/disertatie/dbsync/kafka/KafkaSqlChangeConsumer'
 - ---- fields (total size 3 words):
 - 'mongoService' 'Lorg/disertatie/dbsync/nosql/MyMongoService;' @12  a 'org/disertatie/dbsync/nosql/MyMongoService'{0x000000070254e270} (e04a9c4e)
 - 'serde' 'Lorg/disertatie/dbsync/common/DeserializerProvider;' @16  a 'org/disertatie/dbsync/common/DeserializerProvider'{0x0000000702480090} (e0490012)
stack at sp + 2 slots: 0x000000e67d6fe628 is pointing into the stack for thread: 0x0000025975ab2630
stack at sp + 3 slots: 0x00000008007366b3 is pointing into metadata
stack at sp + 4 slots: 0x000000e67d6fe698 is pointing into the stack for thread: 0x0000025975ab2630
stack at sp + 5 slots: 0x00000008000d4e18 is pointing into metadata
stack at sp + 6 slots: 0x0000025971f8e038 is pointing into metadata
stack at sp + 7 slots: 0x0000000701276f30 is an oop: java.lang.Class 
{0x0000000701276f30} - klass: 'java/lang/Class'
 - ---- fields (total size 14 words):
 - private volatile transient 'classRedefinedCount' 'I' @12  0
 - abstract internal 'klass' 'J' @16  34360609272 (d49f8 8)
 - abstract internal 'array_klass' 'J' @24  0 (0 0)
 - abstract internal 'oop_size' 'I' @32  14 (e)
 - abstract internal 'static_oop_field_count' 'I' @36  0
 - private volatile transient 'cachedConstructor' 'Ljava/lang/reflect/Constructor;' @40  NULL (0)
 - private transient 'name' 'Ljava/lang/String;' @44  NULL (0)
 - private transient 'module' 'Ljava/lang/Module;' @48  a 'java/lang/Module'{0x0000000701280a68} (e025014d)
 - private final 'classLoader' 'Ljava/lang/ClassLoader;' @52  NULL (0)
 - private transient 'classData' 'Ljava/lang/Object;' @56  NULL (0)
 - private transient 'packageName' 'Ljava/lang/String;' @60  NULL (0)
 - private final 'componentType' 'Ljava/lang/Class;' @64  NULL (0)
 - private volatile transient 'reflectionData' 'Ljava/lang/ref/SoftReference;' @68  NULL (0)
 - private volatile transient 'genericInfo' 'Lsun/reflect/generics/repository/ClassRepository;' @72  NULL (0)
 - private volatile transient 'enumConstants' '[Ljava/lang/Object;' @76  NULL (0)
 - private volatile transient 'enumConstantDirectory' 'Ljava/util/Map;' @80  NULL (0)
 - private volatile transient 'annotationData' 'Ljava/lang/Class$AnnotationData;' @84  NULL (0)
 - private volatile transient 'annotationType' 'Lsun/reflect/annotation/AnnotationType;' @88  NULL (0)
 - transient 'classValueMap' 'Ljava/lang/ClassValue$ClassValueMap;' @92  NULL (0)
 - abstract internal 'protection_domain' 'Ljava/lang/Object;' @96  NULL (0)
 - abstract internal 'signers_name' 'Ljava/lang/Object;' @100  NULL (0)
 - abstract internal 'source_file' 'Ljava/lang/Object;' @104  NULL (0)
 - signature: Ljava/lang/invoke/DirectMethodHandle$Holder;
 - ---- static fields (0):

MethodHandle::interpreter_entry::_linkToVirtual [0x00000259598392e3, 0x000002595983934a] (103 bytes)
[MachCode]
  0x00000259598392e3: 6666 660f | 1f84 0000 | 0000 0066 | 6666 9066 | 660f 1f84 | 0000 0000 | 0066 6666 | 9048 8b53 
  0x0000025959839303: 080f b752 | 2c48 8b0c | d458 5b50 | 448b 5108 | 49bb 0000 | 0000 0800 | 0000 4d03 | d34c 8b5b 
  0x0000025959839323: 104b 8b9c | dab8 0100 | 0048 85db | 0f84 1000 | 0000 4180 | bff8 0400 | 0000 7403 | ff63 38ff 
  0x0000025959839343: 6350 e9b6 | 
[/MachCode]

---------------  P R O C E S S  ---------------

Threads class SMR info:
_java_thread_list=0x0000025974b50750, length=30, elements={
0x000002596eb4dfd0, 0x000002596eb4edc0, 0x000002596eb51f80, 0x000002596eb54c10,
0x000002596eb57550, 0x000002596eb5a110, 0x000002596eb5cd90, 0x000002596eb5d310,
0x000002596eb62370, 0x0000025972e2ad10, 0x0000025972e4a700, 0x0000025972e4d470,
0x000002596eb61e20, 0x000002596eb628c0, 0x000002596eb60e30, 0x000002596eb618d0,
0x0000025975ab1640, 0x0000025975ab75e0, 0x0000025975ab7090, 0x0000025975ab6b40,
0x0000025975ab7b30, 0x0000025975ab8080, 0x0000025975ab85d0, 0x0000025975ab5b50,
0x0000025975ab9070, 0x0000025975ab60a0, 0x0000025975ab2630, 0x0000025975ab2b80,
0x0000025975ab3620, 0x0000025975ab5600
}

Java Threads: ( => current thread )
  0x000002596eb4dfd0 JavaThread "Reference Handler" daemon [_thread_blocked, id=4360, stack(0x000000e67a400000,0x000000e67a500000)]
  0x000002596eb4edc0 JavaThread "Finalizer" daemon [_thread_blocked, id=22412, stack(0x000000e67a500000,0x000000e67a600000)]
  0x000002596eb51f80 JavaThread "Signal Dispatcher" daemon [_thread_blocked, id=10464, stack(0x000000e67a600000,0x000000e67a700000)]
  0x000002596eb54c10 JavaThread "Attach Listener" daemon [_thread_blocked, id=24556, stack(0x000000e67a700000,0x000000e67a800000)]
  0x000002596eb57550 JavaThread "Service Thread" daemon [_thread_blocked, id=19436, stack(0x000000e67a800000,0x000000e67a900000)]
  0x000002596eb5a110 JavaThread "Monitor Deflation Thread" daemon [_thread_blocked, id=17492, stack(0x000000e67a900000,0x000000e67aa00000)]
  0x000002596eb5cd90 JavaThread "C2 CompilerThread0" daemon [_thread_blocked, id=4536, stack(0x000000e67aa00000,0x000000e67ab00000)]
  0x000002596eb5d310 JavaThread "C1 CompilerThread0" daemon [_thread_blocked, id=6500, stack(0x000000e67ab00000,0x000000e67ac00000)]
  0x000002596eb62370 JavaThread "Sweeper thread" daemon [_thread_blocked, id=12816, stack(0x000000e67ac00000,0x000000e67ad00000)]
  0x0000025972e2ad10 JavaThread "JDWP Transport Listener: dt_socket" daemon [_thread_blocked, id=24796, stack(0x000000e67af00000,0x000000e67b000000)]
  0x0000025972e4a700 JavaThread "JDWP Event Helper Thread" daemon [_thread_blocked, id=24824, stack(0x000000e67b000000,0x000000e67b100000)]
  0x0000025972e4d470 JavaThread "JDWP Command Reader" daemon [_thread_in_native, id=22068, stack(0x000000e67b100000,0x000000e67b200000)]
  0x000002596eb61e20 JavaThread "Notification Thread" daemon [_thread_blocked, id=25268, stack(0x000000e67b200000,0x000000e67b300000)]
  0x000002596eb628c0 JavaThread "Common-Cleaner" daemon [_thread_blocked, id=23836, stack(0x000000e67b400000,0x000000e67b500000)]
  0x000002596eb60e30 JavaThread "mysql-cj-abandoned-connection-cleanup" daemon [_thread_blocked, id=25500, stack(0x000000e67c100000,0x000000e67c200000)]
  0x000002596eb618d0 JavaThread "HikariPool-1 housekeeper" daemon [_thread_blocked, id=12812, stack(0x000000e67c400000,0x000000e67c500000)]
  0x0000025975ab1640 JavaThread "BufferPoolPruner-1-thread-1" daemon [_thread_blocked, id=7840, stack(0x000000e67cc00000,0x000000e67cd00000)]
  0x0000025975ab75e0 JavaThread "cluster-ClusterId{value='6473610c6c4a5900a62c1d49', description='null'}-localhost:27017" daemon [_thread_in_native, id=22384, stack(0x000000e67cd00000,0x000000e67ce00000)]
  0x0000025975ab7090 JavaThread "cluster-rtt-ClusterId{value='6473610c6c4a5900a62c1d49', description='null'}-localhost:27017" daemon [_thread_blocked, id=23240, stack(0x000000e67ce00000,0x000000e67cf00000)]
  0x0000025975ab6b40 JavaThread "MaintenanceTimer-2-thread-1" daemon [_thread_blocked, id=23020, stack(0x000000e67cf00000,0x000000e67d000000)]
  0x0000025975ab7b30 JavaThread "cluster-ClusterId{value='6473610d6c4a5900a62c1d4a', description='null'}-localhost:27017" daemon [_thread_in_native, id=20264, stack(0x000000e67d000000,0x000000e67d100000)]
  0x0000025975ab8080 JavaThread "cluster-rtt-ClusterId{value='6473610d6c4a5900a62c1d4a', description='null'}-localhost:27017" daemon [_thread_blocked, id=7524, stack(0x000000e67d100000,0x000000e67d200000)]
  0x0000025975ab85d0 JavaThread "MaintenanceTimer-3-thread-1" daemon [_thread_blocked, id=25252, stack(0x000000e67d200000,0x000000e67d300000)]
  0x0000025975ab5b50 JavaThread "ThreadPoolTaskScheduler-1" [_thread_blocked, id=7416, stack(0x000000e67d300000,0x000000e67d400000)]
  0x0000025975ab9070 JavaThread "org.springframework.kafka.KafkaListenerEndpointContainer#0-0-C-1" [_thread_in_native, id=8004, stack(0x000000e67d400000,0x000000e67d500000)]
  0x0000025975ab60a0 JavaThread "ThreadPoolTaskScheduler-1" [_thread_blocked, id=7016, stack(0x000000e67d500000,0x000000e67d600000)]
=>0x0000025975ab2630 JavaThread "org.springframework.kafka.KafkaListenerEndpointContainer#1-0-C-1" [_thread_in_Java, id=18872, stack(0x000000e67d600000,0x000000e67d700000)]
  0x0000025975ab2b80 JavaThread "DestroyJavaVM" [_thread_blocked, id=20616, stack(0x000000e679d00000,0x000000e679e00000)]
  0x0000025975ab3620 JavaThread "kafka-coordinator-heartbeat-thread | test-group" daemon [_thread_blocked, id=9360, stack(0x000000e67b500000,0x000000e67b600000)]
  0x0000025975ab5600 JavaThread "kafka-coordinator-heartbeat-thread | test-group" daemon [_thread_blocked, id=4112, stack(0x000000e67b600000,0x000000e67b700000)]

Other Threads:
  0x000002596eb31b20 VMThread "VM Thread" [stack: 0x000000e67a300000,0x000000e67a400000] [id=7756] _threads_hazard_ptr=0x0000025974b50750
  0x0000025972e540c0 WatcherThread "VM Periodic Task Thread" [stack: 0x000000e67b300000,0x000000e67b400000] [id=6240]
  0x0000025948c7dc80 WorkerThread "GC Thread#0" [stack: 0x000000e679e00000,0x000000e679f00000] [id=24756]
  0x0000025973e1e8c0 WorkerThread "GC Thread#1" [stack: 0x000000e67b700000,0x000000e67b800000] [id=25508]
  0x0000025973e1d7e0 WorkerThread "GC Thread#2" [stack: 0x000000e67b800000,0x000000e67b900000] [id=21820]
  0x0000025973e1dab0 WorkerThread "GC Thread#3" [stack: 0x000000e67b900000,0x000000e67ba00000] [id=1764]
  0x0000025973e1e5f0 WorkerThread "GC Thread#4" [stack: 0x000000e67ba00000,0x000000e67bb00000] [id=24008]
  0x0000025973e1dd80 WorkerThread "GC Thread#5" [stack: 0x000000e67bb00000,0x000000e67bc00000] [id=15448]
  0x0000025973e1eb90 WorkerThread "GC Thread#6" [stack: 0x000000e67bc00000,0x000000e67bd00000] [id=12256]
  0x0000025973e1e050 WorkerThread "GC Thread#7" [stack: 0x000000e67bd00000,0x000000e67be00000] [id=20548]
  0x000002597425d850 WorkerThread "GC Thread#8" [stack: 0x000000e67be00000,0x000000e67bf00000] [id=1980]
  0x0000025974260af0 WorkerThread "GC Thread#9" [stack: 0x000000e67bf00000,0x000000e67c000000] [id=22644]
  0x0000025974260280 WorkerThread "GC Thread#10" [stack: 0x000000e67c000000,0x000000e67c100000] [id=24980]
  0x000002597425e660 WorkerThread "GC Thread#11" [stack: 0x000000e67c500000,0x000000e67c600000] [id=20512]
  0x000002597425ddf0 WorkerThread "GC Thread#12" [stack: 0x000000e67c600000,0x000000e67c700000] [id=20760]
  0x0000025948c90ca0 ConcurrentGCThread "G1 Main Marker" [stack: 0x000000e679f00000,0x000000e67a000000] [id=24432]
  0x0000025948c936f0 WorkerThread "G1 Conc#0" [stack: 0x000000e67a000000,0x000000e67a100000] [id=24276]
  0x000002597425e930 WorkerThread "G1 Conc#1" [stack: 0x000000e67c700000,0x000000e67c800000] [id=23056]
  0x000002597425e0c0 WorkerThread "G1 Conc#2" [stack: 0x000000e67c800000,0x000000e67c900000] [id=11056]
  0x000002596e9f22a0 ConcurrentGCThread "G1 Refine#0" [stack: 0x000000e67a100000,0x000000e67a200000] [id=25320]
  0x000002596e9f2de0 ConcurrentGCThread "G1 Service" [stack: 0x000000e67a200000,0x000000e67a300000] [id=3124]

Threads with active compile tasks:

VM state: synchronizing (normal execution)

VM Mutex/Monitor currently owned by a thread:  ([mutex/lock_event])
[0x0000025948c00ce0] Threads_lock - owner thread: 0x000002596eb31b20

Heap address: 0x0000000701000000, size: 4080 MB, Compressed Oops mode: Zero based, Oop shift amount: 3

CDS archive(s) mapped at: [0x0000000800000000-0x0000000800c40000-0x0000000800c40000), size 12845056, SharedBaseAddress: 0x0000000800000000, ArchiveRelocationMode: 0.
Compressed class space mapped at: 0x0000000801000000-0x0000000841000000, reserved size: 1073741824
Narrow klass base: 0x0000000800000000, Narrow klass shift: 0, Narrow klass range: 0x100000000

GC Precious Log:
 CardTable entry size: 512
 Card Set container configuration: InlinePtr #cards 4 size 8 Array Of Cards #cards 16 size 48 Howl #buckets 8 coarsen threshold 3686 Howl Bitmap #cards 512 size 80 coarsen threshold 460 Card regions per heap region 1 cards per card region 4096
 CPUs: 16 total, 16 available
 Memory: 16315M
 Large Page Support: Disabled
 NUMA Support: Disabled
 Compressed Oops: Enabled (Zero based)
 Heap Region Size: 2M
 Heap Min Capacity: 8M
 Heap Initial Capacity: 256M
 Heap Max Capacity: 4080M
 Pre-touch: Disabled
 Parallel Workers: 13
 Concurrent Workers: 3
 Concurrent Refinement Workers: 13
 Periodic GC: Disabled

Heap:
 garbage-first heap   total 96256K, used 52950K [0x0000000701000000, 0x0000000800000000)
  region size 2048K, 17 young (34816K), 2 survivors (4096K)
 Metaspace       used 63720K, committed 64320K, reserved 1114112K
  class space    used 7741K, committed 8064K, reserved 1048576K

Heap Regions: E=young(eden), S=young(survivor), O=old, HS=humongous(starts), HC=humongous(continues), CS=collection set, F=free, OA=open archive, CA=closed archive, TAMS=top-at-mark-start (previous, next)
|   0|0x0000000701000000, 0x0000000701200000, 0x0000000701200000|100%| O|  |TAMS 0x0000000701200000, 0x0000000701000000| Untracked 
|   1|0x0000000701200000, 0x0000000701400000, 0x0000000701400000|100%| O|  |TAMS 0x0000000701400000, 0x0000000701200000| Untracked 
|   2|0x0000000701400000, 0x0000000701600000, 0x0000000701600000|100%| O|  |TAMS 0x0000000701600000, 0x0000000701400000| Untracked 
|   3|0x0000000701600000, 0x0000000701800000, 0x0000000701800000|100%| O|  |TAMS 0x0000000701800000, 0x0000000701600000| Untracked 
|   4|0x0000000701800000, 0x0000000701a00000, 0x0000000701a00000|100%| O|  |TAMS 0x0000000701a00000, 0x0000000701800000| Untracked 
|   5|0x0000000701a00000, 0x0000000701c00000, 0x0000000701c00000|100%| O|  |TAMS 0x0000000701c00000, 0x0000000701a00000| Untracked 
|   6|0x0000000701c00000, 0x0000000701e00000, 0x0000000701e00000|100%| O|  |TAMS 0x0000000701e00000, 0x0000000701c00000| Untracked 
|   7|0x0000000701e00000, 0x0000000702000000, 0x0000000702000000|100%| O|  |TAMS 0x0000000702000000, 0x0000000701e00000| Untracked 
|   8|0x0000000702000000, 0x0000000702142200, 0x0000000702200000| 62%| O|  |TAMS 0x0000000702142200, 0x0000000702000000| Complete 
|   9|0x0000000702200000, 0x0000000702400000, 0x0000000702400000|100%| O|  |TAMS 0x0000000702400000, 0x0000000702200000| Untracked 
|  10|0x0000000702400000, 0x0000000702600000, 0x0000000702600000|100%| O|  |TAMS 0x0000000702600000, 0x0000000702400000| Untracked 
|  11|0x0000000702600000, 0x0000000702600000, 0x0000000702800000|  0%| F|  |TAMS 0x0000000702600000, 0x0000000702600000| Untracked 
|  12|0x0000000702800000, 0x0000000702800000, 0x0000000702a00000|  0%| F|  |TAMS 0x0000000702800000, 0x0000000702800000| Untracked 
|  13|0x0000000702a00000, 0x0000000702a00000, 0x0000000702c00000|  0%| F|  |TAMS 0x0000000702a00000, 0x0000000702a00000| Untracked 
|  14|0x0000000702c00000, 0x0000000702c00000, 0x0000000702e00000|  0%| F|  |TAMS 0x0000000702c00000, 0x0000000702c00000| Untracked 
|  15|0x0000000702e00000, 0x0000000702e00000, 0x0000000703000000|  0%| F|  |TAMS 0x0000000702e00000, 0x0000000702e00000| Untracked 
|  16|0x0000000703000000, 0x0000000703000000, 0x0000000703200000|  0%| F|  |TAMS 0x0000000703000000, 0x0000000703000000| Untracked 
|  17|0x0000000703200000, 0x0000000703200000, 0x0000000703400000|  0%| F|  |TAMS 0x0000000703200000, 0x0000000703200000| Untracked 
|  18|0x0000000703400000, 0x0000000703400000, 0x0000000703600000|  0%| F|  |TAMS 0x0000000703400000, 0x0000000703400000| Untracked 
|  19|0x0000000703600000, 0x0000000703600000, 0x0000000703800000|  0%| F|  |TAMS 0x0000000703600000, 0x0000000703600000| Untracked 
|  20|0x0000000703800000, 0x0000000703800000, 0x0000000703a00000|  0%| F|  |TAMS 0x0000000703800000, 0x0000000703800000| Untracked 
|  21|0x0000000703a00000, 0x0000000703a00000, 0x0000000703c00000|  0%| F|  |TAMS 0x0000000703a00000, 0x0000000703a00000| Untracked 
|  22|0x0000000703c00000, 0x0000000703c00000, 0x0000000703e00000|  0%| F|  |TAMS 0x0000000703c00000, 0x0000000703c00000| Untracked 
|  23|0x0000000703e00000, 0x0000000703e00000, 0x0000000704000000|  0%| F|  |TAMS 0x0000000703e00000, 0x0000000703e00000| Untracked 
|  24|0x0000000704000000, 0x0000000704000000, 0x0000000704200000|  0%| F|  |TAMS 0x0000000704000000, 0x0000000704000000| Untracked 
|  25|0x0000000704200000, 0x0000000704200000, 0x0000000704400000|  0%| F|  |TAMS 0x0000000704200000, 0x0000000704200000| Untracked 
|  26|0x0000000704400000, 0x0000000704400000, 0x0000000704600000|  0%| F|  |TAMS 0x0000000704400000, 0x0000000704400000| Untracked 
|  27|0x0000000704600000, 0x0000000704600000, 0x0000000704800000|  0%| F|  |TAMS 0x0000000704600000, 0x0000000704600000| Untracked 
|  28|0x0000000704800000, 0x0000000704873730, 0x0000000704a00000| 22%| S|CS|TAMS 0x0000000704800000, 0x0000000704800000| Complete 
|  29|0x0000000704a00000, 0x0000000704c00000, 0x0000000704c00000|100%| S|CS|TAMS 0x0000000704a00000, 0x0000000704a00000| Complete 
|  30|0x0000000704c00000, 0x0000000704c00000, 0x0000000704e00000|  0%| F|  |TAMS 0x0000000704c00000, 0x0000000704c00000| Untracked 
|  31|0x0000000704e00000, 0x0000000704e00000, 0x0000000705000000|  0%| F|  |TAMS 0x0000000704e00000, 0x0000000704e00000| Untracked 
|  32|0x0000000705000000, 0x00000007050e6248, 0x0000000705200000| 44%| E|  |TAMS 0x0000000705000000, 0x0000000705000000| Complete 
|  33|0x0000000705200000, 0x0000000705400000, 0x0000000705400000|100%| E|CS|TAMS 0x0000000705200000, 0x0000000705200000| Complete 
|  34|0x0000000705400000, 0x0000000705600000, 0x0000000705600000|100%| E|CS|TAMS 0x0000000705400000, 0x0000000705400000| Complete 
|  35|0x0000000705600000, 0x0000000705800000, 0x0000000705800000|100%| E|CS|TAMS 0x0000000705600000, 0x0000000705600000| Complete 
|  36|0x0000000705800000, 0x0000000705a00000, 0x0000000705a00000|100%| E|CS|TAMS 0x0000000705800000, 0x0000000705800000| Complete 
|  37|0x0000000705a00000, 0x0000000705c00000, 0x0000000705c00000|100%| E|CS|TAMS 0x0000000705a00000, 0x0000000705a00000| Complete 
|  38|0x0000000705c00000, 0x0000000705e00000, 0x0000000705e00000|100%| E|CS|TAMS 0x0000000705c00000, 0x0000000705c00000| Complete 
|  39|0x0000000705e00000, 0x0000000706000000, 0x0000000706000000|100%| E|CS|TAMS 0x0000000705e00000, 0x0000000705e00000| Complete 
|  40|0x0000000706000000, 0x0000000706200000, 0x0000000706200000|100%| E|CS|TAMS 0x0000000706000000, 0x0000000706000000| Complete 
|  41|0x0000000706200000, 0x0000000706400000, 0x0000000706400000|100%| E|CS|TAMS 0x0000000706200000, 0x0000000706200000| Complete 
|  42|0x0000000706400000, 0x0000000706600000, 0x0000000706600000|100%| E|CS|TAMS 0x0000000706400000, 0x0000000706400000| Complete 
|  43|0x0000000706600000, 0x0000000706800000, 0x0000000706800000|100%| E|CS|TAMS 0x0000000706600000, 0x0000000706600000| Complete 
|  44|0x0000000706800000, 0x0000000706a00000, 0x0000000706a00000|100%| E|CS|TAMS 0x0000000706800000, 0x0000000706800000| Complete 
|  45|0x0000000706a00000, 0x0000000706c00000, 0x0000000706c00000|100%| E|CS|TAMS 0x0000000706a00000, 0x0000000706a00000| Complete 
| 127|0x0000000710e00000, 0x0000000711000000, 0x0000000711000000|100%| E|CS|TAMS 0x0000000710e00000, 0x0000000710e00000| Complete 

Card table byte_map: [0x0000025962b40000,0x0000025963340000] _byte_map_base: 0x000002595f338000

Marking Bits (Prev, Next): (CMBitMap*) 0x0000025948c7e2f0, (CMBitMap*) 0x0000025948c7e2b0
 Prev Bits: [0x0000025967b00000, 0x000002596bac0000)
 Next Bits: [0x0000025963b40000, 0x0000025967b00000)

Polling page: 0x0000025948a40000

Metaspace:

Usage:
  Non-class:     54.67 MB used.
      Class:      7.56 MB used.
       Both:     62.23 MB used.

Virtual space:
  Non-class space:       64.00 MB reserved,      54.94 MB ( 86%) committed,  1 nodes.
      Class space:        1.00 GB reserved,       7.88 MB ( <1%) committed,  1 nodes.
             Both:        1.06 GB reserved,      62.81 MB (  6%) committed. 

Chunk freelists:
   Non-Class:  978.00 KB
       Class:  121.00 KB
        Both:  1.07 MB

MaxMetaspaceSize: unlimited
CompressedClassSpaceSize: 1.00 GB
Initial GC threshold: 21.00 MB
Current GC threshold: 98.75 MB
CDS: on
MetaspaceReclaimPolicy: balanced
 - commit_granule_bytes: 65536.
 - commit_granule_words: 8192.
 - virtual_space_node_default_size: 8388608.
 - enlarge_chunks_in_place: 1.
 - new_chunks_are_fully_committed: 0.
 - uncommit_free_chunks: 1.
 - use_allocation_guard: 0.


Internal statistics:

num_allocs_failed_limit: 9.
num_arena_births: 778.
num_arena_deaths: 0.
num_vsnodes_births: 2.
num_vsnodes_deaths: 0.
num_space_committed: 1005.
num_space_uncommitted: 0.
num_chunks_returned_to_freelist: 9.
num_chunks_taken_from_freelist: 2854.
num_chunk_merges: 6.
num_chunk_splits: 2100.
num_chunks_enlarged: 1689.
num_inconsistent_stats: 0.

CodeHeap 'non-profiled nmethods': size=119168Kb used=3632Kb max_used=3632Kb free=115535Kb
 bounds [0x0000025959f20000, 0x000002595a2b0000, 0x0000025961380000]
CodeHeap 'profiled nmethods': size=119104Kb used=13929Kb max_used=13929Kb free=105175Kb
 bounds [0x0000025952380000, 0x0000025953120000, 0x00000259597d0000]
CodeHeap 'non-nmethods': size=7488Kb used=1540Kb max_used=3326Kb free=5948Kb
 bounds [0x00000259597d0000, 0x0000025959b20000, 0x0000025959f20000]
 total_blobs=7396 nmethods=6662 adapters=642
 compilation: enabled
              stopped_count=0, restarted_count=0
 full_count=0

Compilation events (20 events):
Event: 253.840 Thread 0x000002597827b470 nmethod 7460 0x0000025953117510 code [0x00000259531177a0, 0x0000025953118598]
Event: 253.841 Thread 0x000002597827b470 7462       3       sun.nio.ch.IOVecWrapper::putBase (41 bytes)
Event: 253.841 Thread 0x000002596eb5d310 nmethod 7461 0x0000025953118a10 code [0x0000025953118bc0, 0x0000025953118ef8]
Event: 253.841 Thread 0x000002596eb5d310 7452       3       org.apache.kafka.common.protocol.SendBuilder::buildSend (94 bytes)
Event: 253.841 Thread 0x000002597827b470 nmethod 7462 0x0000025953119090 code [0x0000025953119260, 0x0000025953119498]
Event: 253.841 Thread 0x000002596eb5d310 nmethod 7452 0x0000025953119610 code [0x0000025953119880, 0x000002595311a548]
Event: 254.342 Thread 0x000002596eb5d310 7463       3       java.util.stream.Collectors::toSet (26 bytes)
Event: 254.342 Thread 0x000002597827b470 7464       3       java.util.stream.Collectors$$Lambda$30/0x800000045::get (8 bytes)
Event: 254.342 Thread 0x000002597827b470 nmethod 7464 0x000002595311aa10 code [0x000002595311abe0, 0x000002595311b0b8]
Event: 254.342 Thread 0x000002596eb5d310 nmethod 7463 0x000002595311b290 code [0x000002595311b4a0, 0x000002595311bac8]
Event: 254.753 Thread 0x000002596eb5cd90 7465  s    4       org.apache.kafka.clients.Metadata::timeToNextUpdate (37 bytes)
Event: 254.754 Thread 0x000002596eb5cd90 nmethod 7465 0x000002595a2ab790 code [0x000002595a2ab920, 0x000002595a2abb38]
Event: 254.845 Thread 0x000002596eb5d310 7466   !   3       org.apache.kafka.clients.consumer.internals.ConsumerNetworkClient::isUnavailable (69 bytes)
Event: 254.846 Thread 0x000002596eb5d310 nmethod 7466 0x000002595311bc90 code [0x000002595311bf20, 0x000002595311cc98]
Event: 255.348 Thread 0x000002596eb5d310 7467       3       org.apache.kafka.common.Uuid::hashCode (19 bytes)
Event: 255.348 Thread 0x000002596eb5d310 nmethod 7467 0x000002595311d390 code [0x000002595311d520, 0x000002595311d658]
Event: 255.850 Thread 0x000002596eb5cd90 7468       4       org.apache.kafka.clients.NetworkClient::ensureActive (38 bytes)
Event: 255.851 Thread 0x000002596eb5cd90 nmethod 7468 0x000002595a2abc90 code [0x000002595a2abe20, 0x000002595a2abed8]
Event: 256.855 Thread 0x000002596eb5cd90 7469       4       java.util.concurrent.atomic.AtomicInteger::getAndSet (12 bytes)
Event: 256.855 Thread 0x000002596eb5cd90 nmethod 7469 0x000002595a2ac010 code [0x000002595a2ac180, 0x000002595a2ac1f8]

GC Heap History (20 events):
Event: 0.933 GC heap before
{Heap before GC invocations=1 (full 0):
 garbage-first heap   total 262144K, used 29023K [0x0000000701000000, 0x0000000800000000)
  region size 2048K, 14 young (28672K), 2 survivors (4096K)
 Metaspace       used 11870K, committed 12160K, reserved 1114112K
  class space    used 1386K, committed 1536K, reserved 1048576K
}
Event: 0.938 GC heap after
{Heap after GC invocations=2 (full 0):
 garbage-first heap   total 262144K, used 9165K [0x0000000701000000, 0x0000000800000000)
  region size 2048K, 2 young (4096K), 2 survivors (4096K)
 Metaspace       used 11870K, committed 12160K, reserved 1114112K
  class space    used 1386K, committed 1536K, reserved 1048576K
}
Event: 1.752 GC heap before
{Heap before GC invocations=2 (full 0):
 garbage-first heap   total 262144K, used 52173K [0x0000000701000000, 0x0000000800000000)
  region size 2048K, 25 young (51200K), 2 survivors (4096K)
 Metaspace       used 21136K, committed 21504K, reserved 1114112K
  class space    used 2623K, committed 2816K, reserved 1048576K
}
Event: 1.756 GC heap after
{Heap after GC invocations=3 (full 0):
 garbage-first heap   total 262144K, used 12206K [0x0000000701000000, 0x0000000800000000)
  region size 2048K, 3 young (6144K), 3 survivors (6144K)
 Metaspace       used 21136K, committed 21504K, reserved 1114112K
  class space    used 2623K, committed 2816K, reserved 1048576K
}
Event: 2.246 GC heap before
{Heap before GC invocations=4 (full 0):
 garbage-first heap   total 55296K, used 38830K [0x0000000701000000, 0x0000000800000000)
  region size 2048K, 16 young (32768K), 3 survivors (6144K)
 Metaspace       used 32986K, committed 33408K, reserved 1114112K
  class space    used 4035K, committed 4224K, reserved 1048576K
}
Event: 2.255 GC heap after
{Heap after GC invocations=5 (full 0):
 garbage-first heap   total 55296K, used 15791K [0x0000000701000000, 0x0000000800000000)
  region size 2048K, 2 young (4096K), 2 survivors (4096K)
 Metaspace       used 32986K, committed 33408K, reserved 1114112K
  class space    used 4035K, committed 4224K, reserved 1048576K
}
Event: 2.279 GC heap before
{Heap before GC invocations=5 (full 0):
 garbage-first heap   total 55296K, used 17839K [0x0000000701000000, 0x0000000800000000)
  region size 2048K, 3 young (6144K), 2 survivors (4096K)
 Metaspace       used 33459K, committed 33856K, reserved 1114112K
  class space    used 4101K, committed 4288K, reserved 1048576K
}
Event: 2.283 GC heap after
{Heap after GC invocations=6 (full 0):
 garbage-first heap   total 55296K, used 16375K [0x0000000701000000, 0x0000000800000000)
  region size 2048K, 1 young (2048K), 1 survivors (2048K)
 Metaspace       used 33459K, committed 33856K, reserved 1114112K
  class space    used 4101K, committed 4288K, reserved 1048576K
}
Event: 2.374 GC heap before
{Heap before GC invocations=6 (full 0):
 garbage-first heap   total 55296K, used 20471K [0x0000000701000000, 0x0000000800000000)
  region size 2048K, 5 young (10240K), 1 survivors (2048K)
 Metaspace       used 35580K, committed 35968K, reserved 1114112K
  class space    used 4295K, committed 4480K, reserved 1048576K
}
Event: 2.376 GC heap after
{Heap after GC invocations=7 (full 0):
 garbage-first heap   total 159744K, used 16421K [0x0000000701000000, 0x0000000800000000)
  region size 2048K, 1 young (2048K), 1 survivors (2048K)
 Metaspace       used 35580K, committed 35968K, reserved 1114112K
  class space    used 4295K, committed 4480K, reserved 1048576K
}
Event: 3.037 GC heap before
{Heap before GC invocations=8 (full 0):
 garbage-first heap   total 69632K, used 55333K [0x0000000701000000, 0x0000000800000000)
  region size 2048K, 20 young (40960K), 1 survivors (2048K)
 Metaspace       used 45700K, committed 46144K, reserved 1114112K
  class space    used 5733K, committed 5952K, reserved 1048576K
}
Event: 3.043 GC heap after
{Heap after GC invocations=9 (full 0):
 garbage-first heap   total 69632K, used 19633K [0x0000000701000000, 0x0000000800000000)
  region size 2048K, 2 young (4096K), 2 survivors (4096K)
 Metaspace       used 45700K, committed 46144K, reserved 1114112K
  class space    used 5733K, committed 5952K, reserved 1048576K
}
Event: 3.073 GC heap before
{Heap before GC invocations=9 (full 0):
 garbage-first heap   total 69632K, used 21681K [0x0000000701000000, 0x0000000800000000)
  region size 2048K, 3 young (6144K), 2 survivors (4096K)
 Metaspace       used 46145K, committed 46592K, reserved 1114112K
  class space    used 5796K, committed 6016K, reserved 1048576K
}
Event: 3.079 GC heap after
{Heap after GC invocations=10 (full 0):
 garbage-first heap   total 69632K, used 19531K [0x0000000701000000, 0x0000000800000000)
  region size 2048K, 1 young (2048K), 1 survivors (2048K)
 Metaspace       used 46145K, committed 46592K, reserved 1114112K
  class space    used 5796K, committed 6016K, reserved 1048576K
}
Event: 3.513 GC heap before
{Heap before GC invocations=10 (full 0):
 garbage-first heap   total 69632K, used 46155K [0x0000000701000000, 0x0000000800000000)
  region size 2048K, 14 young (28672K), 1 survivors (2048K)
 Metaspace       used 49555K, committed 50048K, reserved 1114112K
  class space    used 6295K, committed 6528K, reserved 1048576K
}
Event: 3.519 GC heap after
{Heap after GC invocations=11 (full 0):
 garbage-first heap   total 69632K, used 21959K [0x0000000701000000, 0x0000000800000000)
  region size 2048K, 2 young (4096K), 2 survivors (4096K)
 Metaspace       used 49555K, committed 50048K, reserved 1114112K
  class space    used 6295K, committed 6528K, reserved 1048576K
}
Event: 3.895 GC heap before
{Heap before GC invocations=11 (full 0):
 garbage-first heap   total 69632K, used 46535K [0x0000000701000000, 0x0000000800000000)
  region size 2048K, 15 young (30720K), 2 survivors (4096K)
 Metaspace       used 58078K, committed 58560K, reserved 1114112K
  class space    used 7025K, committed 7232K, reserved 1048576K
}
Event: 3.899 GC heap after
{Heap after GC invocations=12 (full 0):
 garbage-first heap   total 69632K, used 23865K [0x0000000701000000, 0x0000000800000000)
  region size 2048K, 2 young (4096K), 2 survivors (4096K)
 Metaspace       used 58078K, committed 58560K, reserved 1114112K
  class space    used 7025K, committed 7232K, reserved 1048576K
}
Event: 4.027 GC heap before
{Heap before GC invocations=12 (full 0):
 garbage-first heap   total 69632K, used 30009K [0x0000000701000000, 0x0000000800000000)
  region size 2048K, 6 young (12288K), 2 survivors (4096K)
 Metaspace       used 59917K, committed 60416K, reserved 1114112K
  class space    used 7348K, committed 7552K, reserved 1048576K
}
Event: 4.030 GC heap after
{Heap after GC invocations=13 (full 0):
 garbage-first heap   total 108544K, used 24278K [0x0000000701000000, 0x0000000800000000)
  region size 2048K, 2 young (4096K), 2 survivors (4096K)
 Metaspace       used 59917K, committed 60416K, reserved 1114112K
  class space    used 7348K, committed 7552K, reserved 1048576K
}

Dll operation events (11 events):
Event: 0.005 Loaded shared library C:\Program Files\jdk-19.0.2\bin\java.dll
Event: 0.011 Loaded shared library C:\Program Files\jdk-19.0.2\bin\jsvml.dll
Event: 0.191 Loaded shared library C:\Program Files\jdk-19.0.2\bin\net.dll
Event: 0.192 Loaded shared library C:\Program Files\jdk-19.0.2\bin\nio.dll
Event: 0.194 Loaded shared library C:\Program Files\jdk-19.0.2\bin\zip.dll
Event: 0.252 Loaded shared library C:\Program Files\jdk-19.0.2\bin\jimage.dll
Event: 0.685 Loaded shared library C:\Program Files\jdk-19.0.2\bin\verify.dll
Event: 1.993 Loaded shared library C:\Program Files\jdk-19.0.2\bin\extnet.dll
Event: 2.037 Loaded shared library C:\Program Files\jdk-19.0.2\bin\sunmscapi.dll
Event: 3.582 Loaded shared library C:\Program Files\jdk-19.0.2\bin\management.dll
Event: 3.592 Loaded shared library C:\Program Files\jdk-19.0.2\bin\management_ext.dll

Deoptimization events (20 events):
Event: 6.748 Thread 0x0000025975ab2630 DEOPT PACKING pc=0x0000025952e1d49c sp=0x000000e67d6fd1f0
Event: 6.748 Thread 0x0000025975ab2630 DEOPT UNPACKING pc=0x0000025959837543 sp=0x000000e67d6fc748 mode 1
Event: 6.765 Thread 0x0000025975ab2630 Uncommon trap: trap_request=0xffffffde fr.pc=0x0000025959fb3800 relative=0x00000000000003c0
Event: 6.765 Thread 0x0000025975ab2630 Uncommon trap: reason=class_check action=maybe_recompile pc=0x0000025959fb3800 method=java.util.concurrent.ConcurrentHashMap.get(Ljava/lang/Object;)Ljava/lang/Object; @ 93 c2
Event: 6.766 Thread 0x0000025975ab2630 DEOPT PACKING pc=0x0000025959fb3800 sp=0x000000e67d6fd070
Event: 6.766 Thread 0x0000025975ab2630 DEOPT UNPACKING pc=0x0000025959836da3 sp=0x000000e67d6fcff8 mode 2
Event: 6.766 Thread 0x0000025975ab2630 Uncommon trap: trap_request=0xffffff45 fr.pc=0x0000025959f915f8 relative=0x00000000000002d8
Event: 6.766 Thread 0x0000025975ab2630 Uncommon trap: reason=unstable_if action=reinterpret pc=0x0000025959f915f8 method=java.util.concurrent.ConcurrentHashMap$Traverser.advance()Ljava/util/concurrent/ConcurrentHashMap$Node; @ 84 c2
Event: 6.766 Thread 0x0000025975ab2630 DEOPT PACKING pc=0x0000025959f915f8 sp=0x000000e67d6fd070
Event: 6.766 Thread 0x0000025975ab2630 DEOPT UNPACKING pc=0x0000025959836da3 sp=0x000000e67d6fd020 mode 2
Event: 33.942 Thread 0x0000025975ab3620 Uncommon trap: trap_request=0xffffff45 fr.pc=0x000002595a265314 relative=0x00000000000002d4
Event: 33.942 Thread 0x0000025975ab3620 Uncommon trap: reason=unstable_if action=reinterpret pc=0x000002595a265314 method=org.apache.kafka.common.metrics.stats.SampledStat$Sample.isComplete(JLorg/apache/kafka/common/metrics/MetricConfig;)Z @ 11 c2
Event: 33.942 Thread 0x0000025975ab3620 DEOPT PACKING pc=0x000002595a265314 sp=0x000000e67b5fec30
Event: 33.942 Thread 0x0000025975ab3620 DEOPT UNPACKING pc=0x0000025959836da3 sp=0x000000e67b5feb60 mode 2
Event: 250.346 Thread 0x0000025975ab5600 Uncommon trap: trap_request=0xffffff45 fr.pc=0x000002595a2aa148 relative=0x0000000000000c88
Event: 250.346 Thread 0x0000025975ab5600 Uncommon trap: reason=unstable_if action=reinterpret pc=0x000002595a2aa148 method=java.util.concurrent.locks.AbstractQueuedSynchronizer.hasQueuedThreads()Z @ 12 c2
Event: 250.346 Thread 0x0000025975ab5600 DEOPT PACKING pc=0x000002595a2aa148 sp=0x000000e67b6ff270
Event: 250.346 Thread 0x0000025975ab5600 DEOPT UNPACKING pc=0x0000025959836da3 sp=0x000000e67b6ff0d8 mode 2
Event: 257.709 Thread 0x0000025975ab2630 DEOPT PACKING pc=0x0000025952d1f55c sp=0x000000e67d6fe630
Event: 257.709 Thread 0x0000025975ab2630 DEOPT UNPACKING pc=0x0000025959837543 sp=0x000000e67d6fdad8 mode 0

Classes loaded (20 events):
Event: 4.120 Loading class java/lang/foreign/MemorySegment
Event: 4.120 Loading class java/lang/foreign/Addressable
Event: 4.120 Loading class java/lang/foreign/Addressable done
Event: 4.120 Loading class java/lang/foreign/MemorySegment done
Event: 4.126 Loading class java/util/concurrent/atomic/Striped64$Cell
Event: 4.126 Loading class java/util/concurrent/atomic/Striped64$Cell done
Event: 4.131 Loading class sun/util/resources/LocaleData$CommonResourceBundleProvider
Event: 4.131 Loading class sun/util/resources/LocaleData$LocaleDataResourceBundleProvider
Event: 4.131 Loading class java/util/spi/ResourceBundleProvider
Event: 4.131 Loading class java/util/spi/ResourceBundleProvider done
Event: 4.131 Loading class sun/util/resources/LocaleData$LocaleDataResourceBundleProvider done
Event: 4.131 Loading class sun/util/resources/LocaleData$CommonResourceBundleProvider done
Event: 4.131 Loading class sun/util/resources/Bundles$2
Event: 4.131 Loading class sun/util/resources/Bundles$2 done
Event: 4.137 Loading class java/util/concurrent/locks/ReentrantReadWriteLock$Sync$HoldCounter
Event: 4.137 Loading class java/util/concurrent/locks/ReentrantReadWriteLock$Sync$HoldCounter done
Event: 4.157 Loading class java/util/stream/ReduceOps$1
Event: 4.158 Loading class java/util/stream/ReduceOps$1 done
Event: 4.158 Loading class java/util/stream/ReduceOps$1ReducingSink
Event: 4.158 Loading class java/util/stream/ReduceOps$1ReducingSink done

Classes unloaded (0 events):
No events

Classes redefined (2 events):
Event: 257.732 Thread 0x000002596eb31b20 redefined class name=org.disertatie.dbsync.kafka.KafkaSqlChangeConsumer, count=1
Event: 257.732 Thread 0x000002596eb31b20 redefined class name=org.disertatie.dbsync.kafka.KafkaMongoChangeConsumer, count=1

Internal exceptions (20 events):
Event: 3.506 Thread 0x0000025948c05900 Exception <a 'java/lang/NoSuchMethodError'{0x0000000703988b50}: 'java.lang.Object java.lang.invoke.DirectMethodHandle$Holder.newInvokeSpecial(java.lang.Object, java.lang.Object, int, java.lang.Object, int)'> (0x0000000703988b50) 
thrown [s\open\src\hotspot\share\interpreter\linkResolver.cpp, line 774]
Event: 3.507 Thread 0x0000025948c05900 Exception <a 'java/lang/NoSuchMethodError'{0x000000070398ceb8}: 'java.lang.Object java.lang.invoke.DirectMethodHandle$Holder.invokeSpecial(java.lang.Object, java.lang.Object, java.lang.Object, int, java.lang.Object, int)'> (0x000000070398ceb8) 
thrown [s\open\src\hotspot\share\interpreter\linkResolver.cpp, line 774]
Event: 3.596 Thread 0x0000025948c05900 Exception <a 'java/lang/IncompatibleClassChangeError'{0x00000007050980d0}: Found class java.lang.Object, but interface was expected> (0x00000007050980d0) 
thrown [s\open\src\hotspot\share\interpreter\linkResolver.cpp, line 841]
Event: 3.618 Thread 0x0000025948c05900 Implicit null exception at 0x000002595a07ad40 to 0x000002595a07b6a8
Event: 3.907 Thread 0x0000025975ab2630 Exception <a 'java/lang/NoSuchMethodError'{0x0000000710eafb30}: 'java.lang.Object java.lang.invoke.DirectMethodHandle$Holder.newInvokeSpecial(java.lang.Object, java.lang.Object, long)'> (0x0000000710eafb30) 
thrown [s\open\src\hotspot\share\interpreter\linkResolver.cpp, line 774]
Event: 3.907 Thread 0x0000025975ab9070 Exception <a 'java/lang/NoSuchMethodError'{0x0000000710e85c48}: 'java.lang.Object java.lang.invoke.DirectMethodHandle$Holder.newInvokeSpecial(java.lang.Object, java.lang.Object, long)'> (0x0000000710e85c48) 
thrown [s\open\src\hotspot\share\interpreter\linkResolver.cpp, line 774]
Event: 3.907 Thread 0x0000025975ab9070 Exception <a 'java/lang/NoSuchMethodError'{0x0000000710e89490}: 'java.lang.Object java.lang.invoke.Invokers$Holder.linkToTargetMethod(java.lang.Object, long, java.lang.Object)'> (0x0000000710e89490) 
thrown [s\open\src\hotspot\share\interpreter\linkResolver.cpp, line 774]
Event: 3.907 Thread 0x0000025975ab2630 Exception <a 'java/lang/NoSuchMethodError'{0x0000000710eb36b0}: 'java.lang.Object java.lang.invoke.Invokers$Holder.linkToTargetMethod(java.lang.Object, long, java.lang.Object)'> (0x0000000710eb36b0) 
thrown [s\open\src\hotspot\share\interpreter\linkResolver.cpp, line 774]
Event: 3.955 Thread 0x0000025975ab9070 Exception <a 'java/lang/NoSuchMethodError'{0x000000070504a328}: 'void java.lang.invoke.DirectMethodHandle$Holder.invokeStatic(java.lang.Object, int, java.lang.Object)'> (0x000000070504a328) 
thrown [s\open\src\hotspot\share\interpreter\linkResolver.cpp, line 774]
Event: 3.955 Thread 0x0000025975ab2630 Exception <a 'java/lang/NoSuchMethodError'{0x0000000704e420f0}: 'void java.lang.invoke.DirectMethodHandle$Holder.invokeStatic(java.lang.Object, int, java.lang.Object)'> (0x0000000704e420f0) 
thrown [s\open\src\hotspot\share\interpreter\linkResolver.cpp, line 774]
Event: 4.009 Thread 0x0000025975ab2630 Exception <a 'java/lang/NoSuchMethodError'{0x0000000704cbdec8}: 'java.lang.Object java.lang.invoke.DirectMethodHandle$Holder.invokeVirtual(java.lang.Object, java.lang.Object, int)'> (0x0000000704cbdec8) 
thrown [s\open\src\hotspot\share\interpreter\linkResolver.cpp, line 774]
Event: 4.009 Thread 0x0000025975ab9070 Exception <a 'java/lang/NoSuchMethodError'{0x0000000704c931f0}: 'java.lang.Object java.lang.invoke.DirectMethodHandle$Holder.invokeVirtual(java.lang.Object, java.lang.Object, int)'> (0x0000000704c931f0) 
thrown [s\open\src\hotspot\share\interpreter\linkResolver.cpp, line 774]
Event: 4.020 Thread 0x0000025975ab2630 Exception <a 'java/lang/NoSuchMethodError'{0x0000000704d85d08}: 'java.lang.Object java.lang.invoke.DirectMethodHandle$Holder.newInvokeSpecial(java.lang.Object, int, java.lang.Object, java.lang.Object)'> (0x0000000704d85d08) 
thrown [s\open\src\hotspot\share\interpreter\linkResolver.cpp, line 774]
Event: 4.021 Thread 0x0000025975ab9070 Exception <a 'java/lang/NoSuchMethodError'{0x0000000704d37b90}: 'java.lang.Object java.lang.invoke.DirectMethodHandle$Holder.newInvokeSpecial(java.lang.Object, int, java.lang.Object, java.lang.Object)'> (0x0000000704d37b90) 
thrown [s\open\src\hotspot\share\interpreter\linkResolver.cpp, line 774]
Event: 4.084 Thread 0x0000025975ab9070 Implicit null exception at 0x0000025959f8efe0 to 0x0000025959f8f22c
Event: 4.147 Thread 0x0000025975ab9070 Exception <a 'java/lang/NoSuchMethodError'{0x00000007067850f8}: 'void java.lang.invoke.Invokers$Holder.invoke_MT(java.lang.Object, java.lang.Object, java.lang.Object, java.lang.Object)'> (0x00000007067850f8) 
thrown [s\open\src\hotspot\share\interpreter\linkResolver.cpp, line 774]
Event: 4.147 Thread 0x0000025975ab2630 Exception <a 'java/lang/NoSuchMethodError'{0x000000070644ef48}: 'void java.lang.invoke.Invokers$Holder.invoke_MT(java.lang.Object, java.lang.Object, java.lang.Object, java.lang.Object)'> (0x000000070644ef48) 
thrown [s\open\src\hotspot\share\interpreter\linkResolver.cpp, line 774]
Event: 4.148 Thread 0x0000025975ab9070 Exception <a 'java/lang/NoSuchMethodError'{0x000000070645d4a0}: 'int java.lang.invoke.DirectMethodHandle$Holder.invokeSpecialIFC(java.lang.Object, java.lang.Object, java.lang.Object)'> (0x000000070645d4a0) 
thrown [s\open\src\hotspot\share\interpreter\linkResolver.cpp, line 774]
Event: 4.148 Thread 0x0000025975ab2630 Exception <a 'java/lang/NoSuchMethodError'{0x0000000706486c50}: 'int java.lang.invoke.DirectMethodHandle$Holder.invokeSpecialIFC(java.lang.Object, java.lang.Object, java.lang.Object)'> (0x0000000706486c50) 
thrown [s\open\src\hotspot\share\interpreter\linkResolver.cpp, line 774]
Event: 6.740 Thread 0x0000025975ab2630 Implicit null exception at 0x0000025959fed446 to 0x0000025959fed51e

VM Operations (20 events):
Event: 245.685 Executing VM operation: get/set locals
Event: 245.685 Executing VM operation: get/set locals done
Event: 245.851 Executing VM operation: get/set locals
Event: 245.852 Executing VM operation: get/set locals done
Event: 250.353 Executing VM operation: get/set locals
Event: 250.353 Executing VM operation: get/set locals done
Event: 250.357 Executing VM operation: get/set locals
Event: 250.357 Executing VM operation: get/set locals done
Event: 254.390 Executing VM operation: Cleanup
Event: 254.391 Executing VM operation: Cleanup done
Event: 255.397 Executing VM operation: Cleanup
Event: 255.397 Executing VM operation: Cleanup done
Event: 257.708 Executing VM operation: ChangeSingleStep
Event: 257.709 Executing VM operation: ChangeSingleStep done
Event: 257.709 Executing VM operation: ChangeSingleStep
Event: 257.709 Executing VM operation: ChangeSingleStep done
Event: 257.724 Executing VM operation: RedefineClasses
Event: 257.746 Executing VM operation: RedefineClasses done
Event: 257.751 Executing VM operation: ChangeSingleStep
Event: 257.751 Executing VM operation: ChangeSingleStep done

Events (20 events):
Event: 10.778 Thread 0x0000025978276c20 Thread added: 0x0000025978276c20
Event: 11.290 Thread 0x0000025978276c20 Thread exited: 0x0000025978276c20
Event: 14.308 Thread 0x000002597827a3c0 Thread exited: 0x000002597827a3c0
Event: 14.308 Thread 0x0000025978279e30 Thread exited: 0x0000025978279e30
Event: 37.470 Thread 0x0000025978277cd0 Thread added: 0x0000025978277cd0
Event: 38.978 Thread 0x0000025978277cd0 Thread exited: 0x0000025978277cd0
Event: 54.591 Thread 0x000002597827e0f0 Thread added: 0x000002597827e0f0
Event: 54.591 Thread 0x000002597827ba00 Thread added: 0x000002597827ba00
Event: 55.992 Thread 0x000002597827ba00 Thread exited: 0x000002597827ba00
Event: 59.751 Thread 0x000002597827e0f0 Thread exited: 0x000002597827e0f0
Event: 226.138 Thread 0x0000025978277740 Thread added: 0x0000025978277740
Event: 227.085 Thread 0x0000025978277740 Thread exited: 0x0000025978277740
Event: 243.240 Thread 0x000002597827b470 Thread added: 0x000002597827b470
Event: 243.240 Thread 0x0000025978277740 Thread added: 0x0000025978277740
Event: 243.240 Thread 0x000002597827c520 Thread added: 0x000002597827c520
Event: 244.783 Thread 0x000002597827c520 Thread exited: 0x000002597827c520
Event: 245.795 Thread 0x000002597827b470 Thread exited: 0x000002597827b470
Event: 245.795 Thread 0x0000025978277740 Thread exited: 0x0000025978277740
Event: 253.839 Thread 0x000002597827b470 Thread added: 0x000002597827b470
Event: 254.845 Thread 0x000002597827b470 Thread exited: 0x000002597827b470


Dynamic libraries:
0x00007ff6e1310000 - 0x00007ff6e131e000 	C:\Program Files\jdk-19.0.2\bin\java.exe
0x00007ff9431b0000 - 0x00007ff9433a8000 	C:\WINDOWS\SYSTEM32\ntdll.dll
0x00007ff941330000 - 0x00007ff9413ef000 	C:\WINDOWS\System32\KERNEL32.DLL
0x00007ff940c40000 - 0x00007ff940f36000 	C:\WINDOWS\System32\KERNELBASE.dll
0x00007ff9408e0000 - 0x00007ff9409e0000 	C:\WINDOWS\System32\ucrtbase.dll
0x00007ff93db50000 - 0x00007ff93db6b000 	C:\Program Files\jdk-19.0.2\bin\VCRUNTIME140.dll
0x00007ff93bf60000 - 0x00007ff93bf77000 	C:\Program Files\jdk-19.0.2\bin\jli.dll
0x00007ff9418a0000 - 0x00007ff941a3d000 	C:\WINDOWS\System32\USER32.dll
0x00007ff940c10000 - 0x00007ff940c32000 	C:\WINDOWS\System32\win32u.dll
0x00007ff934da0000 - 0x00007ff93503a000 	C:\WINDOWS\WinSxS\amd64_microsoft.windows.common-controls_6595b64144ccf1df_6.0.19041.1110_none_60b5254171f9507e\COMCTL32.dll
0x00007ff941a40000 - 0x00007ff941a6c000 	C:\WINDOWS\System32\GDI32.dll
0x00007ff9413f0000 - 0x00007ff94148e000 	C:\WINDOWS\System32\msvcrt.dll
0x00007ff941060000 - 0x00007ff941175000 	C:\WINDOWS\System32\gdi32full.dll
0x00007ff9409e0000 - 0x00007ff940a7d000 	C:\WINDOWS\System32\msvcp_win.dll
0x00007ff941850000 - 0x00007ff941880000 	C:\WINDOWS\System32\IMM32.DLL
0x00007ff93bf50000 - 0x00007ff93bf5c000 	C:\Program Files\jdk-19.0.2\bin\vcruntime140_1.dll
0x00007ff9116c0000 - 0x00007ff91174e000 	C:\Program Files\jdk-19.0.2\bin\msvcp140.dll
0x00007ff8fcb10000 - 0x00007ff8fd7d0000 	C:\Program Files\jdk-19.0.2\bin\server\jvm.dll
0x00007ff9428e0000 - 0x00007ff94298f000 	C:\WINDOWS\System32\ADVAPI32.dll
0x00007ff942680000 - 0x00007ff94271c000 	C:\WINDOWS\System32\sechost.dll
0x00007ff942550000 - 0x00007ff942676000 	C:\WINDOWS\System32\RPCRT4.dll
0x00007ff936bc0000 - 0x00007ff936be7000 	C:\WINDOWS\SYSTEM32\WINMM.dll
0x00007ff933710000 - 0x00007ff933719000 	C:\WINDOWS\SYSTEM32\WSOCK32.dll
0x00007ff93a280000 - 0x00007ff93a28a000 	C:\WINDOWS\SYSTEM32\VERSION.dll
0x00007ff942480000 - 0x00007ff9424eb000 	C:\WINDOWS\System32\WS2_32.dll
0x00007ff93f0f0000 - 0x00007ff93f102000 	C:\WINDOWS\SYSTEM32\kernel.appcore.dll
0x00007ff93bf40000 - 0x00007ff93bf4a000 	C:\Program Files\jdk-19.0.2\bin\jimage.dll
0x00007ff93ed30000 - 0x00007ff93ef14000 	C:\WINDOWS\SYSTEM32\DBGHELP.DLL
0x00007ff932700000 - 0x00007ff932734000 	C:\WINDOWS\SYSTEM32\dbgcore.DLL
0x00007ff941180000 - 0x00007ff941202000 	C:\WINDOWS\System32\bcryptPrimitives.dll
0x00007ff922210000 - 0x00007ff92224c000 	C:\Program Files\jdk-19.0.2\bin\jdwp.dll
0x00007ff93bf10000 - 0x00007ff93bf36000 	C:\Program Files\jdk-19.0.2\bin\java.dll
0x00007ff90a2e0000 - 0x00007ff90a3b7000 	C:\Program Files\jdk-19.0.2\bin\jsvml.dll
0x00007ff941b80000 - 0x00007ff9422c4000 	C:\WINDOWS\System32\SHELL32.dll
0x00007ff93e4d0000 - 0x00007ff93ec63000 	C:\WINDOWS\SYSTEM32\windows.storage.dll
0x00007ff9414f0000 - 0x00007ff941844000 	C:\WINDOWS\System32\combase.dll
0x00007ff940210000 - 0x00007ff94023e000 	C:\WINDOWS\SYSTEM32\Wldp.dll
0x00007ff942990000 - 0x00007ff942a3d000 	C:\WINDOWS\System32\SHCORE.dll
0x00007ff9424f0000 - 0x00007ff942545000 	C:\WINDOWS\System32\shlwapi.dll
0x00007ff9407d0000 - 0x00007ff9407ef000 	C:\WINDOWS\SYSTEM32\profapi.dll
0x00007ff93be90000 - 0x00007ff93be9c000 	C:\Program Files\jdk-19.0.2\bin\dt_socket.dll
0x00007ff93fcb0000 - 0x00007ff93fcec000 	C:\WINDOWS\SYSTEM32\IPHLPAPI.DLL
0x00007ff93fff0000 - 0x00007ff94005a000 	C:\WINDOWS\system32\mswsock.dll
0x00007ff93fcf0000 - 0x00007ff93fdbb000 	C:\WINDOWS\SYSTEM32\DNSAPI.dll
0x00007ff9423c0000 - 0x00007ff9423c8000 	C:\WINDOWS\System32\NSI.dll
0x00007ff9392f0000 - 0x00007ff9392fa000 	C:\Windows\System32\rasadhlp.dll
0x00007ff937900000 - 0x00007ff937982000 	C:\WINDOWS\System32\fwpuclnt.dll
0x00007ff940be0000 - 0x00007ff940c07000 	C:\WINDOWS\System32\bcrypt.dll
0x00007ff933a30000 - 0x00007ff933a43000 	C:\Program Files\jdk-19.0.2\bin\net.dll
0x00007ff93a630000 - 0x00007ff93a73a000 	C:\WINDOWS\SYSTEM32\WINHTTP.dll
0x00007ff9338b0000 - 0x00007ff9338c6000 	C:\Program Files\jdk-19.0.2\bin\nio.dll
0x00007ff933840000 - 0x00007ff933858000 	C:\Program Files\jdk-19.0.2\bin\zip.dll
0x00007ff933a20000 - 0x00007ff933a30000 	C:\Program Files\jdk-19.0.2\bin\verify.dll
0x00007ff940250000 - 0x00007ff940268000 	C:\WINDOWS\SYSTEM32\CRYPTSP.dll
0x00007ff93f8c0000 - 0x00007ff93f8f4000 	C:\WINDOWS\system32\rsaenh.dll
0x00007ff940790000 - 0x00007ff9407be000 	C:\WINDOWS\SYSTEM32\USERENV.dll
0x00007ff940180000 - 0x00007ff94018c000 	C:\WINDOWS\SYSTEM32\CRYPTBASE.dll
0x00007ff93a8f0000 - 0x00007ff93a907000 	C:\WINDOWS\SYSTEM32\dhcpcsvc6.DLL
0x00007ff93a260000 - 0x00007ff93a27d000 	C:\WINDOWS\SYSTEM32\dhcpcsvc.DLL
0x00007ff9338a0000 - 0x00007ff9338a8000 	C:\Program Files\jdk-19.0.2\bin\extnet.dll
0x00007ff933830000 - 0x00007ff93383e000 	C:\Program Files\jdk-19.0.2\bin\sunmscapi.dll
0x00007ff940a80000 - 0x00007ff940bde000 	C:\WINDOWS\System32\CRYPT32.dll
0x00007ff940360000 - 0x00007ff940388000 	C:\WINDOWS\SYSTEM32\ncrypt.dll
0x00007ff940320000 - 0x00007ff94035b000 	C:\WINDOWS\SYSTEM32\NTASN1.dll
0x00007ff928b50000 - 0x00007ff928b5a000 	C:\Program Files\jdk-19.0.2\bin\management.dll
0x00007ff928b40000 - 0x00007ff928b4b000 	C:\Program Files\jdk-19.0.2\bin\management_ext.dll
0x00007ff9423b0000 - 0x00007ff9423b8000 	C:\WINDOWS\System32\PSAPI.DLL
0x00007ff928980000 - 0x00007ff928987000 	C:\WINDOWS\system32\wshunix.dll

dbghelp: loaded successfully - version: 4.0.5 - missing functions: none
symbol engine: initialized successfully - sym options: 0x614 - pdb path: .;C:\Program Files\jdk-19.0.2\bin;C:\WINDOWS\SYSTEM32;C:\WINDOWS\WinSxS\amd64_microsoft.windows.common-controls_6595b64144ccf1df_6.0.19041.1110_none_60b5254171f9507e;C:\Program Files\jdk-19.0.2\bin\server

VM Arguments:
jvm_args: -agentlib:jdwp=transport=dt_socket,server=n,suspend=y,address=localhost:61211 -XX:+ShowCodeDetailsInExceptionMessages 
java_command: org.disertatie.dbsync.DbsyncApplication
java_class_path (initial): C:\Users\turtu\Desktop\dise\disertatie\dbsync\target\classes;C:\Users\turtu\.m2\repository\org\springframework\boot\spring-boot-starter\3.0.3\spring-boot-starter-3.0.3.jar;C:\Users\turtu\.m2\repository\org\springframework\boot\spring-boot\3.0.3\spring-boot-3.0.3.jar;C:\Users\turtu\.m2\repository\org\springframework\boot\spring-boot-autoconfigure\3.0.3\spring-boot-autoconfigure-3.0.3.jar;C:\Users\turtu\.m2\repository\org\springframework\boot\spring-boot-starter-logging\3.0.3\spring-boot-starter-logging-3.0.3.jar;C:\Users\turtu\.m2\repository\ch\qos\logback\logback-classic\1.4.5\logback-classic-1.4.5.jar;C:\Users\turtu\.m2\repository\ch\qos\logback\logback-core\1.4.5\logback-core-1.4.5.jar;C:\Users\turtu\.m2\repository\org\apache\logging\log4j\log4j-to-slf4j\2.19.0\log4j-to-slf4j-2.19.0.jar;C:\Users\turtu\.m2\repository\org\apache\logging\log4j\log4j-api\2.19.0\log4j-api-2.19.0.jar;C:\Users\turtu\.m2\repository\org\slf4j\jul-to-slf4j\2.0.6\jul-to-slf4j-2.0.6.jar;C:\Users\turtu\.m2\repository\jakarta\annotation\jakarta.annotation-api\2.1.1\jakarta.annotation-api-2.1.1.jar;C:\Users\turtu\.m2\repository\org\springframework\spring-core\6.0.5\spring-core-6.0.5.jar;C:\Users\turtu\.m2\repository\org\springframework\spring-jcl\6.0.5\spring-jcl-6.0.5.jar;C:\Users\turtu\.m2\repository\org\yaml\snakeyaml\1.33\snakeyaml-1.33.jar;C:\Users\turtu\.m2\repository\org\springframework\boot\spring-boot-starter-data-mongodb\3.0.3\spring-boot-starter-data-mongodb-3.0.3.jar;C:\Users\turtu\.m2\repository\org\mongodb\mongodb-driver-sync\4.8.2\mongodb-driver-sync-4.8.2.jar;C:\Users\turtu\.m2\repository\org\mongodb\bson\4.8.2\bson-4.8.2.jar;C:\Users\turtu\.m2\repository\org\mongodb\mongodb-driver-core\4.8.2\mongodb-driver-core-4.8.2.jar;C:\Users\turtu\.m2\repository\org\mongodb\bson-record-codec\4.8.2\bson-record-codec-4.8.2.jar;C:\Users\turtu\.m2\repository\org\springframework\data\spring-data-mongodb\4.0.2\spring-data-mongodb-4.0.2.jar;C:\Users\turtu\.m2\repository\org\springframework\spring-beans\6.0.5\spring-beans-6.0.5.jar;C:\Users\turtu\.m2\repository\org\springframework\spring-expression\6.0.5\spring-expression-6.0.5.jar;C:\Users\turtu\.m2\repository\org\springframework\data\spring-data-commons\3.0.2\spring-data-commons-3.0.2.jar;C:\Users\turtu\.m2\repository\org\springframework\boot\spring-boot-starter-data-jpa\3.0.3\spring-boot-starter-data-jpa-3.0.3.jar;C:\Users\turtu\.m2\repository\org\springframework\boot\spring-boot-starter-aop\3.0.3\spring-boot-starter-aop-3.0.3.jar;C:\Users\turtu\.m2\repository\org\springframework\spring-aop\6.0.5\spring-aop-6.0.5.jar;C:\Users\turtu\.m2\repository\org\aspectj\aspectjweaver\1.9.19\aspectjweaver-1.9.19.jar;C:\Users\turtu\.m2\repository\org\springframework\boot\spring-boot-starter-jdbc\3.0.3\spring-boot-starter-jdbc-3.0.3.jar;C:\Users\turtu\.m2\repository\com\zaxxer\HikariCP\5.0.1\HikariCP-5.0.1.jar;C:\Users\turtu\.m2\repository\org\springframework\spring-jdbc\6.0.5\spring-jdbc-6.0.5.jar;C:\Users\turtu\.m2\repository\org\hibernate\orm\hibernate-core\6.1.7.Final\hibernate-core-6.1.7.Final.jar;C:\Users\turtu\.m2\repository\jakarta\persistence\jakarta.persistence-api\3.1.0\jakarta.persistence-api-3.1.0.jar;C:\Users\turtu\.m2\repository\jakarta\transaction\jakarta.transaction-api\2.0.1\jakarta.transaction-api-2.0.1.jar;C:\Users\turtu\.m2\repository\org\jboss\logging\jboss-logging\3.5.0.Final\jboss-logging-3.5.0.Final.jar;C:\Users\turtu\.m2\repository\org\hibernate\common\hibernate-commons-annotations\6.0.6.Final\hibernate-commons-annotations-6.0.6.Final.jar;C:\Users\turtu\.m2\repository\org\jboss\jandex\2.4.2.Final\jandex-2.4.2.Final.jar;C:\Users\turtu\.m2\repository\com\fasterxml\classmate\1.5.1\classmate-1.5.1.jar;C:\Users\turtu\.m2\repository\net\bytebuddy\byte-buddy\1.12.23\byte-buddy-1.12.23.jar;C:\Users\turtu\.m2\repository\org\glassfish\jaxb\jaxb-runtime\4.0.2\jaxb-runtime-4.0.2.jar;C:\Users\turtu\.m2\repository\org\glassfish\jaxb\jaxb-core\4.0.2\jaxb-core-4.0.2.jar;C:\Users\turtu\.m2\repository\org\eclipse\angus\angus-activation\2.0.0\angus-activation-2.0.0.jar;C:\Users\turtu\.m2\repository\org\glassfish\jaxb\txw2\4.0.2\txw2-4.0.2.jar;C:\Users\turtu\.m2\repository\com\sun\istack\istack-commons-runtime\4.1.1\istack-commons-runtime-4.1.1.jar;C:\Users\turtu\.m2\repository\jakarta\inject\jakarta.inject-api\2.0.0\jakarta.inject-api-2.0.0.jar;C:\Users\turtu\.m2\repository\org\antlr\antlr4-runtime\4.10.1\antlr4-runtime-4.10.1.jar;C:\Users\turtu\.m2\repository\org\springframework\data\spring-data-jpa\3.0.2\spring-data-jpa-3.0.2.jar;C:\Users\turtu\.m2\repository\org\springframework\spring-orm\6.0.5\spring-orm-6.0.5.jar;C:\Users\turtu\.m2\repository\org\springframework\spring-aspects\6.0.5\spring-aspects-6.0.5.jar;C:\Users\turtu\.m2\repository\com\mysql\mysql-connector-j\8.0.32\mysql-connector-j-8.0.32.jar;C:\Users\turtu\.m2\repository\org\apache\kafka\kafka-streams\3.3.2\kafka-streams-3.3.2.jar;C:\Users\turtu\.m2\repository\org\apache\kafka\kafka-clients\3.3.2\kafka-clients-3.3.2.jar;C:\Users\turtu\.m2\repository\com\github\luben\zstd-jni\1.5.2-1\zstd-jni-1.5.2-1.jar;C:\Users\turtu\.m2\repository\org\lz4\lz4-java\1.8.0\lz4-java-1.8.0.jar;C:\Users\turtu\.m2\repository\org\xerial\snappy\snappy-java\1.1.8.4\snappy-java-1.1.8.4.jar;C:\Users\turtu\.m2\repository\org\rocksdb\rocksdbjni\7.1.2\rocksdbjni-7.1.2.jar;C:\Users\turtu\.m2\repository\org\slf4j\slf4j-api\2.0.6\slf4j-api-2.0.6.jar;C:\Users\turtu\.m2\repository\com\fasterxml\jackson\core\jackson-annotations\2.14.2\jackson-annotations-2.14.2.jar;C:\Users\turtu\.m2\repository\com\fasterxml\jackson\core\jackson-databind\2.14.2\jackson-databind-2.14.2.jar;C:\Users\turtu\.m2\repository\org\springframework\kafka\spring-kafka\3.0.3\spring-kafka-3.0.3.jar;C:\Users\turtu\.m2\repository\org\springframework\spring-context\6.0.5\spring-context-6.0.5.jar;C:\Users\turtu\.m2\repository\org\springframework\spring-messaging\6.0.5\spring-messaging-6.0.5.jar;C:\Users\turtu\.m2\repository\org\springframework\spring-tx\6.0.5\spring-tx-6.0.5.jar;C:\Users\turtu\.m2\repository\org\springframework\retry\spring-retry\2.0.0\spring-retry-2.0.0.jar;C:\Users\turtu\.m2\repository\io\micrometer\micrometer-observation\1.10.4\micrometer-observation-1.10.4.jar;C:\Users\turtu\.m2\repository\io\micrometer\micrometer-commons\1.10.4\micrometer-commons-1.10.4.jar;C:\Users\turtu\.m2\repository\com\google\code\findbugs\jsr305\3.0.2\jsr305-3.0.2.jar;C:\Users\turtu\.m2\repository\io\debezium\debezium-core\2.2.0.Final\debezium-core-2.2.0.Final.jar;C:\Users\turtu\.m2\repository\io\debezium\debezium-api\2.2.0.Final\debezium-api-2.2.0.Final.jar;C:\Users\turtu\.m2\repository\com\fasterxml\jackson\datatype\jackson-datatype-jsr310\2.14.2\jackson-datatype-jsr310-2.14.2.jar;C:\Users\turtu\.m2\repository\com\fasterxml\jackson\core\jackson-core\2.14.2\jackson-core-2.14.2.jar;C:\Users\turtu\.m2\repository\jakarta\xml\bind\jakarta.xml.bind-api\4.0.0\jakarta.xml.bind-api-4.0.0.jar;C:\Users\turtu\.m2\repository\jakarta\activation\jakarta.activation-api\2.1.1\jakarta.activation-api-2.1.1.jar
Launcher Type: SUN_STANDARD

[Global flags]
     intx CICompilerCount                          = 12                                        {product} {ergonomic}
     uint ConcGCThreads                            = 3                                         {product} {ergonomic}
     uint G1ConcRefinementThreads                  = 13                                        {product} {ergonomic}
   size_t G1HeapRegionSize                         = 2097152                                   {product} {ergonomic}
    uintx GCDrainStackTargetSize                   = 64                                        {product} {ergonomic}
   size_t InitialHeapSize                          = 268435456                                 {product} {ergonomic}
   size_t MarkStackSize                            = 4194304                                   {product} {ergonomic}
   size_t MaxHeapSize                              = 4278190080                                {product} {ergonomic}
   size_t MaxNewSize                               = 2566914048                                {product} {ergonomic}
   size_t MinHeapDeltaBytes                        = 2097152                                   {product} {ergonomic}
   size_t MinHeapSize                              = 8388608                                   {product} {ergonomic}
    uintx NonNMethodCodeHeapSize                   = 7602480                                {pd product} {ergonomic}
    uintx NonProfiledCodeHeapSize                  = 122027880                              {pd product} {ergonomic}
    uintx ProfiledCodeHeapSize                     = 122027880                              {pd product} {ergonomic}
    uintx ReservedCodeCacheSize                    = 251658240                              {pd product} {ergonomic}
     bool SegmentedCodeCache                       = true                                      {product} {ergonomic}
     bool ShowCodeDetailsInExceptionMessages       = true                                   {manageable} {command line}
   size_t SoftMaxHeapSize                          = 4278190080                             {manageable} {ergonomic}
     bool UseCompressedClassPointers               = true                           {product lp64_product} {ergonomic}
     bool UseCompressedOops                        = true                           {product lp64_product} {ergonomic}
     bool UseG1GC                                  = true                                      {product} {ergonomic}
     bool UseLargePagesIndividualAllocation        = false                                  {pd product} {ergonomic}

Logging:
Log output configuration:
 #0: stdout all=warning uptime,level,tags foldmultilines=false
 #1: stderr all=off uptime,level,tags foldmultilines=false

Environment Variables:
JAVA_HOME=C:\Program Files\jdk-19.0.2
PATH=C:\Program Files (x86)\Common Files\Intel\Shared Libraries\redist\intel64_win\compiler;C:\Program Files (x86)\Common Files\Oracle\Java\javapath;C:\Python311\Scripts\;C:\Python311\;C:\WINDOWS\system32;C:\WINDOWS;C:\WINDOWS\System32\Wbem;C:\WINDOWS\System32\WindowsPowerShell\v1.0\;C:\WINDOWS\System32\OpenSSH\;C:\Program Files\Git\cmd;C:\ProgramData\chocolatey\bin;C:\Program Files\nodejs\;C:\Program Files\SafeNet\Authentication\SAC\x64;C:\Program Files\SafeNet\Authentication\SAC\x32;C:\Program Files\dotnet\;C:\Program Files\NVIDIA Corporation\NVIDIA NvDLISR;C:\Program Files (x86)\NVIDIA Corporation\PhysX\Common;C:\Program Files\Docker\Docker\resources\bin;C:\composer;C:\Users\turtu\AppData\Local\Programs\Python\Python310\Scripts\;C:\Users\turtu\AppData\Local\Programs\Python\Python310\;C:\Users\turtu\AppData\Local\Microsoft\WindowsApps;C:\Users\turtu\AppData\Local\Programs\Microsoft VS Code\bin;C:\mvn\bin;C:\Program Files\jdk-19.0.2\bin;C:\Users\turtu\AppData\Roaming\npm;C:\mysql\bin;C:\Users\turtu\.dotnet\tools;C:\php;C:\Users\turtu\AppData\Roaming\Composer\vendor\bin;C:\composer;
USERNAME=turtu
LANG=en_US.UTF-8
OS=Windows_NT
PROCESSOR_IDENTIFIER=Intel64 Family 6 Model 158 Stepping 13, GenuineIntel
TMP=C:\Users\turtu\AppData\Local\Temp
TEMP=C:\Users\turtu\AppData\Local\Temp



---------------  S Y S T E M  ---------------

OS:
 Windows 10 , 64 bit Build 19041 (10.0.19041.2913)
OS uptime: 0 days 5:38 hours
Hyper-V role detected

CPU: total 16 (initial active 16) (8 cores per cpu, 2 threads per core) family 6 model 158 stepping 13 microcode 0xb8, cx8, cmov, fxsr, ht, mmx, 3dnowpref, sse, sse2, sse3, ssse3, sse4.1, sse4.2, popcnt, lzcnt, tsc, tscinvbit, avx, avx2, aes, erms, clmul, bmi1, bmi2, rtm, adx, fma, vzeroupper, clflush, clflushopt, hv, rdtscp

Memory: 4k page, system-wide physical 16315M (2731M free)
TotalPageFile size 29650M (AvailPageFile size 4528M)
current process WorkingSet (physical memory assigned to process): 252M, peak: 285M
current process commit charge ("private bytes"): 302M, peak: 460M

vm_info: OpenJDK 64-Bit Server VM (19.0.2+7-44) for windows-amd64 JRE (19.0.2+7-44), built on 2022-11-30T18:02:09Z by "mach5one" with MS VC++ 17.1 (VS2022)

END.
