#
# A fatal error has been detected by the Java Runtime Environment:
#
#  EXCEPTION_ACCESS_VIOLATION (0xc0000005) at pc=0x000002d63441933f, pid=12856, tid=25084
#
# JRE version: OpenJDK Runtime Environment (19.0.2+7) (build 19.0.2+7-44)
# Java VM: OpenJDK 64-Bit Server VM (19.0.2+7-44, mixed mode, sharing, tiered, compressed oops, compressed class ptrs, g1 gc, windows-amd64)
# Problematic frame:
# v  ~BufferBlob::MethodHandles adapters 0x000002d63441933f
#
# No core dump will be written. Minidumps are not enabled by default on client versions of Windows
#
# If you would like to submit a bug report, please visit:
#   https://bugreport.java.com/bugreport/crash.jsp
#

---------------  S U M M A R Y ------------

Command Line: -agentlib:jdwp=transport=dt_socket,server=n,suspend=y,address=localhost:59570 -XX:+ShowCodeDetailsInExceptionMessages org.disertatie.dbsync.DbsyncApplication

Host: Intel(R) Core(TM) i9-9900K CPU @ 3.60GHz, 16 cores, 15G,  Windows 10 , 64 bit Build 19041 (10.0.19041.2913)
Time: Sun May 28 16:00:20 2023 GTB Daylight Time elapsed time: 135.214359 seconds (0d 0h 2m 15s)

---------------  T H R E A D  ---------------

Current thread (0x000002d64f2ebf00):  JavaThread "org.springframework.kafka.KafkaListenerEndpointContainer#1-0-C-1" [_thread_in_Java, id=25084, stack(0x000000eceae00000,0x000000eceaf00000)]

Stack: [0x000000eceae00000,0x000000eceaf00000],  sp=0x000000eceaefe778,  free space=1017k
Native frames: (J=compiled Java code, j=interpreted, Vv=VM code, C=native code)
C  0x000002d63441933f


siginfo: EXCEPTION_ACCESS_VIOLATION (0xc0000005), reading address 0x00000e0000000838


Registers:
RAX=0x000002d6343cc11a, RBX=0x00000e0000000800, RCX=0x000000eceaefe788, RDX=0x0000000000000003
RSP=0x000000eceaefe778, RBP=0x000000eceaefe7d0, RSI=0x000002d653b34108, RDI=0x000002d64f1d0f70
R8 =0x0000000000000004, R9 =0x0000000000000004, R10=0x00000008007366b3, R11=0x000000000000005d
R12=0x0000000000000000, R13=0x000000eceaefe778, R14=0x000000eceaefe7f8, R15=0x000002d64f2ebf00
RIP=0x000002d63441933f, EFLAGS=0x0000000000010202


Register to memory mapping:

RIP=0x000002d63441933f is at begin+92 in a stub
MethodHandle::interpreter_entry::_linkToVirtual [0x000002d6344192e3, 0x000002d63441934a] (103 bytes)
RAX=0x000002d6343cc11a is at code_begin+3354 in an Interpreter codelet
return entry points  [0x000002d6343cb400, 0x000002d6343cd4d0]  8400 bytes
RBX=0x00000e0000000800 is an unknown value
RCX=0x000000eceaefe788 is pointing into the stack for thread: 0x000002d64f2ebf00
RDX=0x0000000000000003 is an unknown value
RSP=0x000000eceaefe778 is pointing into the stack for thread: 0x000002d64f2ebf00
RBP=0x000000eceaefe7d0 is pointing into the stack for thread: 0x000002d64f2ebf00
RSI=0x000002d653b34108 points into unknown readable memory: 0x880007bfda35dfa8 | a8 df 35 da bf 07 00 88
RDI=0x000002d64f1d0f70 points into unknown readable memory: 0x0000002000000070 | 70 00 00 00 20 00 00 00
R8 =0x0000000000000004 is an unknown value
R9 =0x0000000000000004 is an unknown value
R10=0x00000008007366b3 is pointing into metadata
R11=0x000000000000005d is an unknown value
R12=0x0 is NULL
R13=0x000000eceaefe778 is pointing into the stack for thread: 0x000002d64f2ebf00
R14=0x000000eceaefe7f8 is pointing into the stack for thread: 0x000002d64f2ebf00
R15=0x000002d64f2ebf00 is a thread


Top of Stack: (sp=0x000000eceaefe778)
0x000000eceaefe778:   000002d6343cc11a 0000000705609180
0x000000eceaefe788:   000000eceaefe788 00000008007366b3
0x000000eceaefe798:   000000eceaefe7f8 00000008000d4e18
0x000000eceaefe7a8:   000002d64cbba510 00000007021ca580
0x000000eceaefe7b8:   00000008000d7900 000000eceaefe778
0x000000eceaefe7c8:   000000eceaefe800 000000eceaefeb60
0x000000eceaefe7d8:   000002d62daebf46 00000007061014c8
0x000000eceaefe7e8:   00000007059b57b8 0000000705609180
0x000000eceaefe7f8:   0000000706101640 0000000701b56800
0x000000eceaefe808:   000002d634b2fc91 0000000701b56800
0x000000eceaefe818:   000000eceaefe870 0000000706101a10
0x000000eceaefe828:   0000000705609180 0000000706101928
0x000000eceaefe838:   00000007059b57b8 00000007059b57b8
0x000000eceaefe848:   0000000706101808 0000000706101640
0x000000eceaefe858:   0000000705609180 000002d62daebe1c
0x000000eceaefe868:   0000000000000000 000000eceaefeb60 

Instructions: (pc=0x000002d63441933f)
0x000002d63441923f:   00 80 92 41 34 d6 02 00 00 00 a3 41 34 d6 02 00
0x000002d63441924f:   00 78 92 41 34 d6 02 00 00 78 92 41 34 d6 02 00
0x000002d63441925f:   00 00 00 00 00 00 00 00 00 00 00 00 00 00 00 00
0x000002d63441926f:   00 38 3b 48 fd f8 7f 00 00 00 00 00 00 00 00 00
0x000002d63441927f:   00 f4 66 66 66 0f 1f 84 00 00 00 00 00 66 66 66
0x000002d63441928f:   90 66 66 66 0f 1f 84 00 00 00 00 00 66 66 66 90
0x000002d63441929f:   90 48 8b 53 08 0f b7 52 2c 48 8b 0c d4 8b 59 14
0x000002d6344192af:   48 c1 e3 03 8b 5b 28 48 c1 e3 03 8b 5b 24 48 c1
0x000002d6344192bf:   e3 03 48 8b 5b 10 48 85 db 0f 84 10 00 00 00 41
0x000002d6344192cf:   80 bf f8 04 00 00 00 74 03 ff 63 38 ff 63 50 e9
0x000002d6344192df:   1d ac fd ff 66 66 66 0f 1f 84 00 00 00 00 00 66
0x000002d6344192ef:   66 66 90 66 66 0f 1f 84 00 00 00 00 00 66 66 66
0x000002d6344192ff:   90 48 8b 53 08 0f b7 52 2c 48 8b 0c d4 58 5b 50
0x000002d63441930f:   44 8b 51 08 49 bb 00 00 00 00 08 00 00 00 4d 03
0x000002d63441931f:   d3 4c 8b 5b 10 4b 8b 9c da b8 01 00 00 48 85 db
0x000002d63441932f:   0f 84 10 00 00 00 41 80 bf f8 04 00 00 00 74 03
0x000002d63441933f:   ff 63 38 ff 63 50 e9 b6 ab fd ff 66 66 66 0f 1f
0x000002d63441934f:   84 00 00 00 00 00 66 66 66 90 0f 1f 80 00 00 00
0x000002d63441935f:   00 58 5b 50 8b 5b 24 48 c1 e3 03 48 8b 5b 10 48
0x000002d63441936f:   85 db 0f 84 10 00 00 00 41 80 bf f8 04 00 00 00
0x000002d63441937f:   74 03 ff 63 38 ff 63 50 e9 74 ab fd ff 66 66 66
0x000002d63441938f:   0f 1f 84 00 00 00 00 00 66 66 66 90 0f 1f 44 00
0x000002d63441939f:   00 48 8b 53 08 0f b7 52 2c 48 8b 0c d4 58 5b 50
0x000002d6344193af:   48 3b 01 8b 5b 24 48 c1 e3 03 48 8b 5b 10 48 85
0x000002d6344193bf:   db 0f 84 10 00 00 00 41 80 bf f8 04 00 00 00 74
0x000002d6344193cf:   03 ff 63 38 ff 63 50 e9 25 ab fd ff 0f 1f 44 00
0x000002d6344193df:   00 48 8b 53 08 0f b7 52 2c 48 8b 0c d4 58 5b 50
0x000002d6344193ef:   44 8b 51 08 49 bb 00 00 00 00 08 00 00 00 4d 03
0x000002d6344193ff:   d3 8b 43 18 48 c1 e0 03 48 8b 40 10 48 8b 5b 10
0x000002d63441940f:   45 8b 9a a0 00 00 00 4f 8d 9c da b8 01 00 00 4d
0x000002d63441941f:   8d 14 da 49 8b 1b 48 3b c3 74 15 48 85 db 0f 84
0x000002d63441942f:   32 00 00 00 49 83 c3 10 49 8b 1b 48 3b c3 75 eb 


Stack slot to memory mapping:
stack at sp + 0 slots: 0x000002d6343cc11a is at code_begin+3354 in an Interpreter codelet
return entry points  [0x000002d6343cb400, 0x000002d6343cd4d0]  8400 bytes
stack at sp + 1 slots: 0x0000000705609180 is an oop: org.disertatie.dbsync.kafka.KafkaSqlChangeConsumer 
{0x0000000705609180} - klass: 'org/disertatie/dbsync/kafka/KafkaSqlChangeConsumer'
 - ---- fields (total size 3 words):
 - 'mongoService' 'Lorg/disertatie/dbsync/nosql/MyMongoService;' @12  a 'org/disertatie/dbsync/nosql/MyMongoService'{0x0000000705609198} (e0ac1233)
 - 'serde' 'Lorg/disertatie/dbsync/common/DeserializerProvider;' @16  a 'org/disertatie/dbsync/common/DeserializerProvider'{0x00000007056018c8} (e0ac0319)
stack at sp + 2 slots: 0x000000eceaefe788 is pointing into the stack for thread: 0x000002d64f2ebf00
stack at sp + 3 slots: 0x00000008007366b3 is pointing into metadata
stack at sp + 4 slots: 0x000000eceaefe7f8 is pointing into the stack for thread: 0x000002d64f2ebf00
stack at sp + 5 slots: 0x00000008000d4e18 is pointing into metadata
stack at sp + 6 slots: 0x000002d64cbba510 is pointing into metadata
stack at sp + 7 slots: 0x00000007021ca580 is an oop: java.lang.Class 
{0x00000007021ca580} - klass: 'java/lang/Class'
 - ---- fields (total size 14 words):
 - private volatile transient 'classRedefinedCount' 'I' @12  0
 - abstract internal 'klass' 'J' @16  34360609272 (d49f8 8)
 - abstract internal 'array_klass' 'J' @24  0 (0 0)
 - abstract internal 'oop_size' 'I' @32  14 (e)
 - abstract internal 'static_oop_field_count' 'I' @36  0
 - private volatile transient 'cachedConstructor' 'Ljava/lang/reflect/Constructor;' @40  NULL (0)
 - private transient 'name' 'Ljava/lang/String;' @44  NULL (0)
 - private transient 'module' 'Ljava/lang/Module;' @48  a 'java/lang/Module'{0x00000007021d16c8} (e043a2d9)
 - private final 'classLoader' 'Ljava/lang/ClassLoader;' @52  NULL (0)
 - private transient 'classData' 'Ljava/lang/Object;' @56  NULL (0)
 - private transient 'packageName' 'Ljava/lang/String;' @60  NULL (0)
 - private final 'componentType' 'Ljava/lang/Class;' @64  NULL (0)
 - private volatile transient 'reflectionData' 'Ljava/lang/ref/SoftReference;' @68  NULL (0)
 - private volatile transient 'genericInfo' 'Lsun/reflect/generics/repository/ClassRepository;' @72  NULL (0)
 - private volatile transient 'enumConstants' '[Ljava/lang/Object;' @76  NULL (0)
 - private volatile transient 'enumConstantDirectory' 'Ljava/util/Map;' @80  NULL (0)
 - private volatile transient 'annotationData' 'Ljava/lang/Class$AnnotationData;' @84  NULL (0)
 - private volatile transient 'annotationType' 'Lsun/reflect/annotation/AnnotationType;' @88  NULL (0)
 - transient 'classValueMap' 'Ljava/lang/ClassValue$ClassValueMap;' @92  NULL (0)
 - abstract internal 'protection_domain' 'Ljava/lang/Object;' @96  NULL (0)
 - abstract internal 'signers_name' 'Ljava/lang/Object;' @100  NULL (0)
 - abstract internal 'source_file' 'Ljava/lang/Object;' @104  NULL (0)
 - signature: Ljava/lang/invoke/DirectMethodHandle$Holder;
 - ---- static fields (0):

MethodHandle::interpreter_entry::_linkToVirtual [0x000002d6344192e3, 0x000002d63441934a] (103 bytes)
[MachCode]
  0x000002d6344192e3: 6666 660f | 1f84 0000 | 0000 0066 | 6666 9066 | 660f 1f84 | 0000 0000 | 0066 6666 | 9048 8b53 
  0x000002d634419303: 080f b752 | 2c48 8b0c | d458 5b50 | 448b 5108 | 49bb 0000 | 0000 0800 | 0000 4d03 | d34c 8b5b 
  0x000002d634419323: 104b 8b9c | dab8 0100 | 0048 85db | 0f84 1000 | 0000 4180 | bff8 0400 | 0000 7403 | ff63 38ff 
  0x000002d634419343: 6350 e9b6 | 
[/MachCode]

---------------  P R O C E S S  ---------------

Threads class SMR info:
_java_thread_list=0x000002d6510ffe90, length=30, elements={
0x000002d64973cb90, 0x000002d64973d980, 0x000002d64973f000, 0x000002d6497432a0,
0x000002d649743e50, 0x000002d649744780, 0x000002d649747cb0, 0x000002d649748760,
0x000002d64974d0f0, 0x000002d64da70250, 0x000002d64da750f0, 0x000002d64da77650,
0x000002d64da804c0, 0x000002d64da85870, 0x000002d64f083c90, 0x000002d64f085c70,
0x000002d64f0831f0, 0x000002d64f084730, 0x000002d64f083740, 0x000002d64f0841e0,
0x000002d64f2e7f40, 0x000002d64f2e74a0, 0x000002d64f2e9f20, 0x000002d64f2e8f30,
0x000002d64f2ecef0, 0x000002d64f2e8490, 0x000002d64f2ebf00, 0x000002d64f2ee430,
0x000002d64f2ea470, 0x000002d64f2ea9c0
}

Java Threads: ( => current thread )
  0x000002d64973cb90 JavaThread "Reference Handler" daemon [_thread_blocked, id=12184, stack(0x000000ece7b00000,0x000000ece7c00000)]
  0x000002d64973d980 JavaThread "Finalizer" daemon [_thread_blocked, id=17248, stack(0x000000ece7c00000,0x000000ece7d00000)]
  0x000002d64973f000 JavaThread "Signal Dispatcher" daemon [_thread_blocked, id=5936, stack(0x000000ece7d00000,0x000000ece7e00000)]
  0x000002d6497432a0 JavaThread "Attach Listener" daemon [_thread_blocked, id=22452, stack(0x000000ece7e00000,0x000000ece7f00000)]
  0x000002d649743e50 JavaThread "Service Thread" daemon [_thread_blocked, id=22636, stack(0x000000ece7f00000,0x000000ece8000000)]
  0x000002d649744780 JavaThread "Monitor Deflation Thread" daemon [_thread_blocked, id=16708, stack(0x000000ece8000000,0x000000ece8100000)]
  0x000002d649747cb0 JavaThread "C2 CompilerThread0" daemon [_thread_blocked, id=11344, stack(0x000000ece8100000,0x000000ece8200000)]
  0x000002d649748760 JavaThread "C1 CompilerThread0" daemon [_thread_blocked, id=17024, stack(0x000000ece8200000,0x000000ece8300000)]
  0x000002d64974d0f0 JavaThread "Sweeper thread" daemon [_thread_blocked, id=12208, stack(0x000000ece8300000,0x000000ece8400000)]
  0x000002d64da70250 JavaThread "JDWP Transport Listener: dt_socket" daemon [_thread_blocked, id=24796, stack(0x000000ece8600000,0x000000ece8700000)]
  0x000002d64da750f0 JavaThread "JDWP Event Helper Thread" daemon [_thread_blocked, id=24192, stack(0x000000ece8700000,0x000000ece8800000)]
  0x000002d64da77650 JavaThread "JDWP Command Reader" daemon [_thread_in_native, id=25100, stack(0x000000ece8800000,0x000000ece8900000)]
  0x000002d64da804c0 JavaThread "Notification Thread" daemon [_thread_blocked, id=7576, stack(0x000000ece8900000,0x000000ece8a00000)]
  0x000002d64da85870 JavaThread "Common-Cleaner" daemon [_thread_blocked, id=24236, stack(0x000000ece8b00000,0x000000ece8c00000)]
  0x000002d64f083c90 JavaThread "mysql-cj-abandoned-connection-cleanup" daemon [_thread_blocked, id=17260, stack(0x000000ece9900000,0x000000ece9a00000)]
  0x000002d64f085c70 JavaThread "HikariPool-1 housekeeper" daemon [_thread_blocked, id=24876, stack(0x000000ecea100000,0x000000ecea200000)]
  0x000002d64f0831f0 JavaThread "BufferPoolPruner-1-thread-1" daemon [_thread_blocked, id=23356, stack(0x000000ecea300000,0x000000ecea400000)]
  0x000002d64f084730 JavaThread "cluster-ClusterId{value='64734fe049a38344ce97435a', description='null'}-localhost:27017" daemon [_thread_in_native, id=22680, stack(0x000000ecea400000,0x000000ecea500000)]
  0x000002d64f083740 JavaThread "cluster-rtt-ClusterId{value='64734fe049a38344ce97435a', description='null'}-localhost:27017" daemon [_thread_blocked, id=24316, stack(0x000000ecea500000,0x000000ecea600000)]
  0x000002d64f0841e0 JavaThread "MaintenanceTimer-2-thread-1" daemon [_thread_blocked, id=14612, stack(0x000000ecea600000,0x000000ecea700000)]
  0x000002d64f2e7f40 JavaThread "cluster-ClusterId{value='64734fe049a38344ce97435b', description='null'}-localhost:27017" daemon [_thread_in_native, id=23848, stack(0x000000ecea800000,0x000000ecea900000)]
  0x000002d64f2e74a0 JavaThread "cluster-rtt-ClusterId{value='64734fe049a38344ce97435b', description='null'}-localhost:27017" daemon [_thread_blocked, id=5724, stack(0x000000ecea900000,0x000000eceaa00000)]
  0x000002d64f2e9f20 JavaThread "MaintenanceTimer-3-thread-1" daemon [_thread_blocked, id=5868, stack(0x000000eceaa00000,0x000000eceab00000)]
  0x000002d64f2e8f30 JavaThread "ThreadPoolTaskScheduler-1" [_thread_blocked, id=22532, stack(0x000000eceab00000,0x000000eceac00000)]
  0x000002d64f2ecef0 JavaThread "org.springframework.kafka.KafkaListenerEndpointContainer#0-0-C-1" [_thread_in_native, id=7584, stack(0x000000eceac00000,0x000000ecead00000)]
  0x000002d64f2e8490 JavaThread "ThreadPoolTaskScheduler-1" [_thread_blocked, id=22072, stack(0x000000ecead00000,0x000000eceae00000)]
=>0x000002d64f2ebf00 JavaThread "org.springframework.kafka.KafkaListenerEndpointContainer#1-0-C-1" [_thread_in_Java, id=25084, stack(0x000000eceae00000,0x000000eceaf00000)]
  0x000002d64f2ee430 JavaThread "DestroyJavaVM" [_thread_blocked, id=8164, stack(0x000000ece7400000,0x000000ece7500000)]
  0x000002d64f2ea470 JavaThread "kafka-coordinator-heartbeat-thread | test-group" daemon [_thread_blocked, id=22700, stack(0x000000ece9a00000,0x000000ece9b00000)]
  0x000002d64f2ea9c0 JavaThread "kafka-coordinator-heartbeat-thread | test-group" daemon [_thread_blocked, id=25580, stack(0x000000ece9b00000,0x000000ece9c00000)]

Other Threads:
  0x000002d6497246f0 VMThread "VM Thread" [stack: 0x000000ece7a00000,0x000000ece7b00000] [id=20704] _threads_hazard_ptr=0x000002d6510ffe90
  0x000002d64da80a00 WatcherThread "VM Periodic Task Thread" [stack: 0x000000ece8a00000,0x000000ece8b00000] [id=24676]
  0x000002d62386cd00 WorkerThread "GC Thread#0" [stack: 0x000000ece7500000,0x000000ece7600000] [id=6232]
  0x000002d64eb96fb0 WorkerThread "GC Thread#1" [stack: 0x000000ece8e00000,0x000000ece8f00000] [id=17296]
  0x000002d64eb96740 WorkerThread "GC Thread#2" [stack: 0x000000ece8f00000,0x000000ece9000000] [id=24028]
  0x000002d64eb95c00 WorkerThread "GC Thread#3" [stack: 0x000000ece9000000,0x000000ece9100000] [id=20332]
  0x000002d64eb97280 WorkerThread "GC Thread#4" [stack: 0x000000ece9100000,0x000000ece9200000] [id=22868]
  0x000002d64eb95ed0 WorkerThread "GC Thread#5" [stack: 0x000000ece9200000,0x000000ece9300000] [id=8360]
  0x000002d64eb961a0 WorkerThread "GC Thread#6" [stack: 0x000000ece9300000,0x000000ece9400000] [id=8376]
  0x000002d64eb96a10 WorkerThread "GC Thread#7" [stack: 0x000000ece9400000,0x000000ece9500000] [id=22352]
  0x000002d64efd56a0 WorkerThread "GC Thread#8" [stack: 0x000000ece9600000,0x000000ece9700000] [id=19424]
  0x000002d64efd8670 WorkerThread "GC Thread#9" [stack: 0x000000ece9700000,0x000000ece9800000] [id=15796]
  0x000002d64efd7e00 WorkerThread "GC Thread#10" [stack: 0x000000ece9800000,0x000000ece9900000] [id=25172]
  0x000002d64efd7b30 WorkerThread "GC Thread#11" [stack: 0x000000ece9d00000,0x000000ece9e00000] [id=22940]
  0x000002d64efd61e0 WorkerThread "GC Thread#12" [stack: 0x000000ece9e00000,0x000000ece9f00000] [id=23940]
  0x000002d62387eb70 ConcurrentGCThread "G1 Main Marker" [stack: 0x000000ece7600000,0x000000ece7700000] [id=15280]
  0x000002d623880750 WorkerThread "G1 Conc#0" [stack: 0x000000ece7700000,0x000000ece7800000] [id=21468]
  0x000002d64efd5100 WorkerThread "G1 Conc#1" [stack: 0x000000ece9f00000,0x000000ecea000000] [id=23540]
  0x000002d64efd83a0 WorkerThread "G1 Conc#2" [stack: 0x000000ecea000000,0x000000ecea100000] [id=20556]
  0x000002d6495dee40 ConcurrentGCThread "G1 Refine#0" [stack: 0x000000ece7800000,0x000000ece7900000] [id=20244]
  0x000002d6495df980 ConcurrentGCThread "G1 Service" [stack: 0x000000ece7900000,0x000000ece7a00000] [id=8036]

Threads with active compile tasks:

VM state: synchronizing (normal execution)

VM Mutex/Monitor currently owned by a thread:  ([mutex/lock_event])
[0x000002d6237f16f0] Threads_lock - owner thread: 0x000002d6497246f0

Heap address: 0x0000000701000000, size: 4080 MB, Compressed Oops mode: Zero based, Oop shift amount: 3

CDS archive(s) mapped at: [0x0000000800000000-0x0000000800c40000-0x0000000800c40000), size 12845056, SharedBaseAddress: 0x0000000800000000, ArchiveRelocationMode: 0.
Compressed class space mapped at: 0x0000000801000000-0x0000000841000000, reserved size: 1073741824
Narrow klass base: 0x0000000800000000, Narrow klass shift: 0, Narrow klass range: 0x100000000

GC Precious Log:
 CardTable entry size: 512
 Card Set container configuration: InlinePtr #cards 4 size 8 Array Of Cards #cards 16 size 48 Howl #buckets 8 coarsen threshold 3686 Howl Bitmap #cards 512 size 80 coarsen threshold 460 Card regions per heap region 1 cards per card region 4096
 CPUs: 16 total, 16 available
 Memory: 16315M
 Large Page Support: Disabled
 NUMA Support: Disabled
 Compressed Oops: Enabled (Zero based)
 Heap Region Size: 2M
 Heap Min Capacity: 8M
 Heap Initial Capacity: 256M
 Heap Max Capacity: 4080M
 Pre-touch: Disabled
 Parallel Workers: 13
 Concurrent Workers: 3
 Concurrent Refinement Workers: 13
 Periodic GC: Disabled

Heap:
 garbage-first heap   total 96256K, used 47118K [0x0000000701000000, 0x0000000800000000)
  region size 2048K, 16 young (32768K), 4 survivors (8192K)
 Metaspace       used 63390K, committed 63936K, reserved 1114112K
  class space    used 7723K, committed 8000K, reserved 1048576K

Heap Regions: E=young(eden), S=young(survivor), O=old, HS=humongous(starts), HC=humongous(continues), CS=collection set, F=free, OA=open archive, CA=closed archive, TAMS=top-at-mark-start (previous, next)
|   0|0x0000000701000000, 0x0000000701200000, 0x0000000701200000|100%| O|  |TAMS 0x0000000701200000, 0x0000000701000000| Untracked 
|   1|0x0000000701200000, 0x0000000701200000, 0x0000000701400000|  0%| F|  |TAMS 0x0000000701200000, 0x0000000701200000| Untracked 
|   2|0x0000000701400000, 0x0000000701600000, 0x0000000701600000|100%| O|  |TAMS 0x0000000701600000, 0x0000000701400000| Untracked 
|   3|0x0000000701600000, 0x0000000701800000, 0x0000000701800000|100%| O|  |TAMS 0x0000000701800000, 0x0000000701600000| Untracked 
|   4|0x0000000701800000, 0x0000000701a00000, 0x0000000701a00000|100%| O|  |TAMS 0x0000000701a00000, 0x0000000701800000| Untracked 
|   5|0x0000000701a00000, 0x0000000701c00000, 0x0000000701c00000|100%| O|  |TAMS 0x0000000701c00000, 0x0000000701a00000| Untracked 
|   6|0x0000000701c00000, 0x0000000701e00000, 0x0000000701e00000|100%| O|  |TAMS 0x0000000701e00000, 0x0000000701c00000| Untracked 
|   7|0x0000000701e00000, 0x0000000702000000, 0x0000000702000000|100%| O|  |TAMS 0x0000000702000000, 0x0000000701e00000| Untracked 
|   8|0x0000000702000000, 0x0000000702200000, 0x0000000702200000|100%| O|  |TAMS 0x0000000702200000, 0x0000000702000000| Untracked 
|   9|0x0000000702200000, 0x0000000702325400, 0x0000000702400000| 57%| O|  |TAMS 0x0000000702325400, 0x0000000702200000| Complete 
|  10|0x0000000702400000, 0x0000000702400000, 0x0000000702600000|  0%| F|  |TAMS 0x0000000702400000, 0x0000000702400000| Untracked 
|  11|0x0000000702600000, 0x0000000702600000, 0x0000000702800000|  0%| F|  |TAMS 0x0000000702600000, 0x0000000702600000| Untracked 
|  12|0x0000000702800000, 0x0000000702800000, 0x0000000702a00000|  0%| F|  |TAMS 0x0000000702800000, 0x0000000702800000| Untracked 
|  13|0x0000000702a00000, 0x0000000702a00000, 0x0000000702c00000|  0%| F|  |TAMS 0x0000000702a00000, 0x0000000702a00000| Untracked 
|  14|0x0000000702c00000, 0x0000000702c00000, 0x0000000702e00000|  0%| F|  |TAMS 0x0000000702c00000, 0x0000000702c00000| Untracked 
|  15|0x0000000702e00000, 0x0000000702e00000, 0x0000000703000000|  0%| F|  |TAMS 0x0000000702e00000, 0x0000000702e00000| Untracked 
|  16|0x0000000703000000, 0x0000000703000000, 0x0000000703200000|  0%| F|  |TAMS 0x0000000703000000, 0x0000000703000000| Untracked 
|  17|0x0000000703200000, 0x0000000703200000, 0x0000000703400000|  0%| F|  |TAMS 0x0000000703200000, 0x0000000703200000| Untracked 
|  18|0x0000000703400000, 0x0000000703400000, 0x0000000703600000|  0%| F|  |TAMS 0x0000000703400000, 0x0000000703400000| Untracked 
|  19|0x0000000703600000, 0x0000000703600000, 0x0000000703800000|  0%| F|  |TAMS 0x0000000703600000, 0x0000000703600000| Untracked 
|  20|0x0000000703800000, 0x0000000703800000, 0x0000000703a00000|  0%| F|  |TAMS 0x0000000703800000, 0x0000000703800000| Untracked 
|  21|0x0000000703a00000, 0x0000000703a00000, 0x0000000703c00000|  0%| F|  |TAMS 0x0000000703a00000, 0x0000000703a00000| Untracked 
|  22|0x0000000703c00000, 0x0000000703c00000, 0x0000000703e00000|  0%| F|  |TAMS 0x0000000703c00000, 0x0000000703c00000| Untracked 
|  23|0x0000000703e00000, 0x0000000703e00000, 0x0000000704000000|  0%| F|  |TAMS 0x0000000703e00000, 0x0000000703e00000| Untracked 
|  24|0x0000000704000000, 0x0000000704000000, 0x0000000704200000|  0%| F|  |TAMS 0x0000000704000000, 0x0000000704000000| Untracked 
|  25|0x0000000704200000, 0x0000000704200000, 0x0000000704400000|  0%| F|  |TAMS 0x0000000704200000, 0x0000000704200000| Untracked 
|  26|0x0000000704400000, 0x0000000704400000, 0x0000000704600000|  0%| F|  |TAMS 0x0000000704400000, 0x0000000704400000| Untracked 
|  27|0x0000000704600000, 0x0000000704600000, 0x0000000704800000|  0%| F|  |TAMS 0x0000000704600000, 0x0000000704600000| Untracked 
|  28|0x0000000704800000, 0x0000000704800000, 0x0000000704a00000|  0%| F|  |TAMS 0x0000000704800000, 0x0000000704800000| Untracked 
|  29|0x0000000704a00000, 0x0000000704a00000, 0x0000000704c00000|  0%| F|  |TAMS 0x0000000704a00000, 0x0000000704a00000| Untracked 
|  30|0x0000000704c00000, 0x0000000704c00000, 0x0000000704e00000|  0%| F|  |TAMS 0x0000000704c00000, 0x0000000704c00000| Untracked 
|  31|0x0000000704e00000, 0x0000000705000000, 0x0000000705000000|100%| E|  |TAMS 0x0000000704e00000, 0x0000000704e00000| Complete 
|  32|0x0000000705000000, 0x00000007050de758, 0x0000000705200000| 43%| S|CS|TAMS 0x0000000705000000, 0x0000000705000000| Complete 
|  33|0x0000000705200000, 0x0000000705400000, 0x0000000705400000|100%| S|CS|TAMS 0x0000000705200000, 0x0000000705200000| Complete 
|  34|0x0000000705400000, 0x0000000705600000, 0x0000000705600000|100%| S|CS|TAMS 0x0000000705400000, 0x0000000705400000| Complete 
|  35|0x0000000705600000, 0x0000000705800000, 0x0000000705800000|100%| S|CS|TAMS 0x0000000705600000, 0x0000000705600000| Complete 
|  36|0x0000000705800000, 0x0000000705a00000, 0x0000000705a00000|100%| E|CS|TAMS 0x0000000705800000, 0x0000000705800000| Complete 
|  37|0x0000000705a00000, 0x0000000705c00000, 0x0000000705c00000|100%| E|CS|TAMS 0x0000000705a00000, 0x0000000705a00000| Complete 
|  38|0x0000000705c00000, 0x0000000705e00000, 0x0000000705e00000|100%| E|CS|TAMS 0x0000000705c00000, 0x0000000705c00000| Complete 
|  39|0x0000000705e00000, 0x0000000706000000, 0x0000000706000000|100%| E|CS|TAMS 0x0000000705e00000, 0x0000000705e00000| Complete 
|  40|0x0000000706000000, 0x0000000706200000, 0x0000000706200000|100%| E|CS|TAMS 0x0000000706000000, 0x0000000706000000| Complete 
|  41|0x0000000706200000, 0x0000000706400000, 0x0000000706400000|100%| E|CS|TAMS 0x0000000706200000, 0x0000000706200000| Complete 
|  42|0x0000000706400000, 0x0000000706600000, 0x0000000706600000|100%| E|CS|TAMS 0x0000000706400000, 0x0000000706400000| Complete 
|  43|0x0000000706600000, 0x0000000706800000, 0x0000000706800000|100%| E|CS|TAMS 0x0000000706600000, 0x0000000706600000| Complete 
|  44|0x0000000706800000, 0x0000000706a00000, 0x0000000706a00000|100%| E|CS|TAMS 0x0000000706800000, 0x0000000706800000| Complete 
|  45|0x0000000706a00000, 0x0000000706c00000, 0x0000000706c00000|100%| E|CS|TAMS 0x0000000706a00000, 0x0000000706a00000| Complete 
| 127|0x0000000710e00000, 0x0000000711000000, 0x0000000711000000|100%| E|CS|TAMS 0x0000000710e00000, 0x0000000710e00000| Complete 

Card table byte_map: [0x000002d63d750000,0x000002d63df50000] _byte_map_base: 0x000002d639f48000

Marking Bits (Prev, Next): (CMBitMap*) 0x000002d62386d370, (CMBitMap*) 0x000002d62386d330
 Prev Bits: [0x000002d642710000, 0x000002d6466d0000)
 Next Bits: [0x000002d63e750000, 0x000002d642710000)

Polling page: 0x000002d6234e0000

Metaspace:

Usage:
  Non-class:     54.36 MB used.
      Class:      7.54 MB used.
       Both:     61.91 MB used.

Virtual space:
  Non-class space:       64.00 MB reserved,      54.62 MB ( 85%) committed,  1 nodes.
      Class space:        1.00 GB reserved,       7.81 MB ( <1%) committed,  1 nodes.
             Both:        1.06 GB reserved,      62.44 MB (  6%) committed. 

Chunk freelists:
   Non-Class:  1.20 MB
       Class:  204.00 KB
        Both:  1.40 MB

MaxMetaspaceSize: unlimited
CompressedClassSpaceSize: 1.00 GB
Initial GC threshold: 21.00 MB
Current GC threshold: 98.56 MB
CDS: on
MetaspaceReclaimPolicy: balanced
 - commit_granule_bytes: 65536.
 - commit_granule_words: 8192.
 - virtual_space_node_default_size: 8388608.
 - enlarge_chunks_in_place: 1.
 - new_chunks_are_fully_committed: 0.
 - uncommit_free_chunks: 1.
 - use_allocation_guard: 0.


Internal statistics:

num_allocs_failed_limit: 9.
num_arena_births: 778.
num_arena_deaths: 0.
num_vsnodes_births: 2.
num_vsnodes_deaths: 0.
num_space_committed: 999.
num_space_uncommitted: 0.
num_chunks_returned_to_freelist: 9.
num_chunks_taken_from_freelist: 2867.
num_chunk_merges: 9.
num_chunk_splits: 2083.
num_chunks_enlarged: 1671.
num_inconsistent_stats: 0.

CodeHeap 'non-profiled nmethods': size=119168Kb used=3563Kb max_used=3563Kb free=115604Kb
 bounds [0x000002d634b00000, 0x000002d634e80000, 0x000002d63bf60000]
CodeHeap 'profiled nmethods': size=119104Kb used=12952Kb max_used=12952Kb free=106151Kb
 bounds [0x000002d62cf60000, 0x000002d62dc10000, 0x000002d6343b0000]
CodeHeap 'non-nmethods': size=7488Kb used=1539Kb max_used=3274Kb free=5948Kb
 bounds [0x000002d6343b0000, 0x000002d634700000, 0x000002d634b00000]
 total_blobs=6883 nmethods=6149 adapters=642
 compilation: enabled
              stopped_count=0, restarted_count=0
 full_count=0

Compilation events (20 events):
Event: 120.509 Thread 0x000002d649747cb0 6952       4       org.apache.kafka.common.utils.Timer::remainingMs (14 bytes)
Event: 120.509 Thread 0x000002d649747cb0 nmethod 6952 0x000002d634e7a710 code [0x000002d634e7a880, 0x000002d634e7a918]
Event: 123.487 Thread 0x000002d649748760 6953       3       org.bson.BsonDocument::entrySet (10 bytes)
Event: 123.487 Thread 0x000002d649748760 nmethod 6953 0x000002d62dc03610 code [0x000002d62dc037c0, 0x000002d62dc039a8]
Event: 123.487 Thread 0x000002d649748760 6954       1       org.bson.BsonBoolean::getValue (5 bytes)
Event: 123.487 Thread 0x000002d649748760 nmethod 6954 0x000002d634e7aa10 code [0x000002d634e7aba0, 0x000002d634e7ac78]
Event: 123.580 Thread 0x000002d649748760 6955       3       org.bson.io.ByteBufferBsonInput::readBytes (22 bytes)
Event: 123.580 Thread 0x000002d649748760 nmethod 6955 0x000002d62dc03a90 code [0x000002d62dc03c80, 0x000002d62dc04268]
Event: 133.253 Thread 0x000002d649748760 6956       3       org.bson.AbstractBsonWriter$Context::<init> (20 bytes)
Event: 133.254 Thread 0x000002d649748760 nmethod 6956 0x000002d62dc04510 code [0x000002d62dc046c0, 0x000002d62dc04958]
Event: 133.254 Thread 0x000002d649748760 6957       3       org.bson.ByteBufNIO::release (44 bytes)
Event: 133.254 Thread 0x000002d649748760 nmethod 6957 0x000002d62dc04a10 code [0x000002d62dc04c00, 0x000002d62dc04f28]
Event: 133.487 Thread 0x000002d649748760 6958       3       com.mongodb.assertions.Assertions::assertNotNull (14 bytes)
Event: 133.487 Thread 0x000002d649748760 nmethod 6958 0x000002d62dc05090 code [0x000002d62dc05240, 0x000002d62dc05448]
Event: 133.587 Thread 0x000002d649748760 6959       3       org.bson.AbstractBsonReader::readString (23 bytes)
Event: 133.587 Thread 0x000002d649748760 nmethod 6959 0x000002d62dc05590 code [0x000002d62dc057a0, 0x000002d62dc05ed8]
Event: 133.587 Thread 0x000002d649748760 6960       3       org.bson.BsonBinaryReader::doReadString (10 bytes)
Event: 133.587 Thread 0x000002d649748760 nmethod 6960 0x000002d62dc06110 code [0x000002d62dc062c0, 0x000002d62dc06468]
Event: 133.587 Thread 0x000002d649748760 6961       3       org.bson.io.ByteBufferBsonInput::readString (48 bytes)
Event: 133.588 Thread 0x000002d649748760 nmethod 6961 0x000002d62dc06590 code [0x000002d62dc068e0, 0x000002d62dc07d18]

GC Heap History (18 events):
Event: 0.576 GC heap before
{Heap before GC invocations=0 (full 0):
 garbage-first heap   total 262144K, used 20480K [0x0000000701000000, 0x0000000800000000)
  region size 2048K, 11 young (22528K), 0 survivors (0K)
 Metaspace       used 6150K, committed 6336K, reserved 1114112K
  class space    used 699K, committed 768K, reserved 1048576K
}
Event: 0.579 GC heap after
{Heap after GC invocations=1 (full 0):
 garbage-first heap   total 262144K, used 6796K [0x0000000701000000, 0x0000000800000000)
  region size 2048K, 2 young (4096K), 2 survivors (4096K)
 Metaspace       used 6150K, committed 6336K, reserved 1114112K
  class space    used 699K, committed 768K, reserved 1048576K
}
Event: 0.961 GC heap before
{Heap before GC invocations=1 (full 0):
 garbage-first heap   total 262144K, used 29324K [0x0000000701000000, 0x0000000800000000)
  region size 2048K, 14 young (28672K), 2 survivors (4096K)
 Metaspace       used 11852K, committed 12096K, reserved 1114112K
  class space    used 1385K, committed 1536K, reserved 1048576K
}
Event: 0.964 GC heap after
{Heap after GC invocations=2 (full 0):
 garbage-first heap   total 262144K, used 9530K [0x0000000701000000, 0x0000000800000000)
  region size 2048K, 2 young (4096K), 2 survivors (4096K)
 Metaspace       used 11852K, committed 12096K, reserved 1114112K
  class space    used 1385K, committed 1536K, reserved 1048576K
}
Event: 1.910 GC heap before
{Heap before GC invocations=2 (full 0):
 garbage-first heap   total 262144K, used 54586K [0x0000000701000000, 0x0000000800000000)
  region size 2048K, 25 young (51200K), 2 survivors (4096K)
 Metaspace       used 21144K, committed 21504K, reserved 1114112K
  class space    used 2622K, committed 2816K, reserved 1048576K
}
Event: 1.918 GC heap after
{Heap after GC invocations=3 (full 0):
 garbage-first heap   total 262144K, used 12797K [0x0000000701000000, 0x0000000800000000)
  region size 2048K, 3 young (6144K), 3 survivors (6144K)
 Metaspace       used 21144K, committed 21504K, reserved 1114112K
  class space    used 2622K, committed 2816K, reserved 1048576K
}
Event: 2.392 GC heap before
{Heap before GC invocations=4 (full 0):
 garbage-first heap   total 55296K, used 39421K [0x0000000701000000, 0x0000000800000000)
  region size 2048K, 16 young (32768K), 3 survivors (6144K)
 Metaspace       used 32506K, committed 32960K, reserved 1114112K
  class space    used 3970K, committed 4160K, reserved 1048576K
}
Event: 2.398 GC heap after
{Heap after GC invocations=5 (full 0):
 garbage-first heap   total 55296K, used 15808K [0x0000000701000000, 0x0000000800000000)
  region size 2048K, 2 young (4096K), 2 survivors (4096K)
 Metaspace       used 32506K, committed 32960K, reserved 1114112K
  class space    used 3970K, committed 4160K, reserved 1048576K
}
Event: 2.429 GC heap before
{Heap before GC invocations=5 (full 0):
 garbage-first heap   total 55296K, used 17856K [0x0000000701000000, 0x0000000800000000)
  region size 2048K, 3 young (6144K), 2 survivors (4096K)
 Metaspace       used 32976K, committed 33408K, reserved 1114112K
  class space    used 4029K, committed 4224K, reserved 1048576K
}
Event: 2.432 GC heap after
{Heap after GC invocations=6 (full 0):
 garbage-first heap   total 55296K, used 16859K [0x0000000701000000, 0x0000000800000000)
  region size 2048K, 1 young (2048K), 1 survivors (2048K)
 Metaspace       used 32976K, committed 33408K, reserved 1114112K
  class space    used 4029K, committed 4224K, reserved 1048576K
}
Event: 2.591 GC heap before
{Heap before GC invocations=6 (full 0):
 garbage-first heap   total 55296K, used 25051K [0x0000000701000000, 0x0000000800000000)
  region size 2048K, 7 young (14336K), 1 survivors (2048K)
 Metaspace       used 35615K, committed 35968K, reserved 1114112K
  class space    used 4294K, committed 4480K, reserved 1048576K
}
Event: 2.593 GC heap after
{Heap after GC invocations=7 (full 0):
 garbage-first heap   total 55296K, used 17158K [0x0000000701000000, 0x0000000800000000)
  region size 2048K, 1 young (2048K), 1 survivors (2048K)
 Metaspace       used 35615K, committed 35968K, reserved 1114112K
  class space    used 4294K, committed 4480K, reserved 1048576K
}
Event: 2.913 GC heap before
{Heap before GC invocations=8 (full 0):
 garbage-first heap   total 55296K, used 35590K [0x0000000701000000, 0x0000000800000000)
  region size 2048K, 11 young (22528K), 1 survivors (2048K)
 Metaspace       used 41191K, committed 41664K, reserved 1114112K
  class space    used 5071K, committed 5312K, reserved 1048576K
}
Event: 2.916 GC heap after
{Heap after GC invocations=9 (full 0):
 garbage-first heap   total 55296K, used 18396K [0x0000000701000000, 0x0000000800000000)
  region size 2048K, 2 young (4096K), 2 survivors (4096K)
 Metaspace       used 41191K, committed 41664K, reserved 1114112K
  class space    used 5071K, committed 5312K, reserved 1048576K
}
Event: 2.985 GC heap before
{Heap before GC invocations=9 (full 0):
 garbage-first heap   total 55296K, used 20444K [0x0000000701000000, 0x0000000800000000)
  region size 2048K, 3 young (6144K), 2 survivors (4096K)
 Metaspace       used 41810K, committed 42240K, reserved 1114112K
  class space    used 5162K, committed 5376K, reserved 1048576K
}
Event: 2.997 GC heap after
{Heap after GC invocations=10 (full 0):
 garbage-first heap   total 159744K, used 17904K [0x0000000701000000, 0x0000000800000000)
  region size 2048K, 1 young (2048K), 1 survivors (2048K)
 Metaspace       used 41810K, committed 42240K, reserved 1114112K
  class space    used 5162K, committed 5376K, reserved 1048576K
}
Event: 13.938 GC heap before
{Heap before GC invocations=10 (full 0):
 garbage-first heap   total 159744K, used 97776K [0x0000000701000000, 0x0000000800000000)
  region size 2048K, 42 young (86016K), 1 survivors (2048K)
 Metaspace       used 60000K, committed 60480K, reserved 1114112K
  class space    used 7347K, committed 7552K, reserved 1048576K
}
Event: 13.943 GC heap after
{Heap after GC invocations=11 (full 0):
 garbage-first heap   total 159744K, used 24590K [0x0000000701000000, 0x0000000800000000)
  region size 2048K, 4 young (8192K), 4 survivors (8192K)
 Metaspace       used 60000K, committed 60480K, reserved 1114112K
  class space    used 7347K, committed 7552K, reserved 1048576K
}

Dll operation events (11 events):
Event: 0.006 Loaded shared library C:\Program Files\jdk-19.0.2\bin\java.dll
Event: 0.014 Loaded shared library C:\Program Files\jdk-19.0.2\bin\jsvml.dll
Event: 0.211 Loaded shared library C:\Program Files\jdk-19.0.2\bin\net.dll
Event: 0.212 Loaded shared library C:\Program Files\jdk-19.0.2\bin\nio.dll
Event: 0.217 Loaded shared library C:\Program Files\jdk-19.0.2\bin\zip.dll
Event: 0.286 Loaded shared library C:\Program Files\jdk-19.0.2\bin\jimage.dll
Event: 0.733 Loaded shared library C:\Program Files\jdk-19.0.2\bin\verify.dll
Event: 2.171 Loaded shared library C:\Program Files\jdk-19.0.2\bin\extnet.dll
Event: 2.262 Loaded shared library C:\Program Files\jdk-19.0.2\bin\sunmscapi.dll
Event: 3.898 Loaded shared library C:\Program Files\jdk-19.0.2\bin\management.dll
Event: 3.908 Loaded shared library C:\Program Files\jdk-19.0.2\bin\management_ext.dll

Deoptimization events (20 events):
Event: 44.782 Thread 0x000002d64f2ebf00 DEOPT PACKING pc=0x000002d62d4a07dc sp=0x000000eceaefda10
Event: 44.782 Thread 0x000002d64f2ebf00 DEOPT UNPACKING pc=0x000002d634417543 sp=0x000000eceaefcf40 mode 1
Event: 44.782 Thread 0x000002d64f2ebf00 DEOPT PACKING pc=0x000002d62d8a2e34 sp=0x000000eceaefdb20
Event: 44.782 Thread 0x000002d64f2ebf00 DEOPT UNPACKING pc=0x000002d634417543 sp=0x000000eceaefd078 mode 1
Event: 44.783 Thread 0x000002d64f2ebf00 DEOPT PACKING pc=0x000002d62d688f9c sp=0x000000eceaefd490
Event: 44.783 Thread 0x000002d64f2ebf00 DEOPT UNPACKING pc=0x000002d634417543 sp=0x000000eceaefc9e8 mode 1
Event: 44.786 Thread 0x000002d64f2ebf00 Uncommon trap: trap_request=0xffffff45 fr.pc=0x000002d634bcdc30 relative=0x0000000000000110
Event: 44.786 Thread 0x000002d64f2ebf00 Uncommon trap: reason=unstable_if action=reinterpret pc=0x000002d634bcdc30 method=org.springframework.util.ObjectUtils.nullSafeEquals(Ljava/lang/Object;Ljava/lang/Object;)Z @ 12 c2
Event: 44.786 Thread 0x000002d64f2ebf00 DEOPT PACKING pc=0x000002d634bcdc30 sp=0x000000eceaefe2b0
Event: 44.786 Thread 0x000002d64f2ebf00 DEOPT UNPACKING pc=0x000002d634416da3 sp=0x000000eceaefe250 mode 2
Event: 44.804 Thread 0x000002d64f2ebf00 Uncommon trap: trap_request=0xffffffc6 fr.pc=0x000002d634df80c0 relative=0x0000000000000400
Event: 44.804 Thread 0x000002d64f2ebf00 Uncommon trap: reason=bimorphic_or_optimized_type_check action=maybe_recompile pc=0x000002d634df80c0 method=java.util.concurrent.ConcurrentHashMap.get(Ljava/lang/Object;)Ljava/lang/Object; @ 93 c2
Event: 44.804 Thread 0x000002d64f2ebf00 DEOPT PACKING pc=0x000002d634df80c0 sp=0x000000eceaefd2b0
Event: 44.804 Thread 0x000002d64f2ebf00 DEOPT UNPACKING pc=0x000002d634416da3 sp=0x000000eceaefd238 mode 2
Event: 44.804 Thread 0x000002d64f2ebf00 Uncommon trap: trap_request=0xffffff45 fr.pc=0x000002d634b709f8 relative=0x00000000000002d8
Event: 44.804 Thread 0x000002d64f2ebf00 Uncommon trap: reason=unstable_if action=reinterpret pc=0x000002d634b709f8 method=java.util.concurrent.ConcurrentHashMap$Traverser.advance()Ljava/util/concurrent/ConcurrentHashMap$Node; @ 84 c2
Event: 44.804 Thread 0x000002d64f2ebf00 DEOPT PACKING pc=0x000002d634b709f8 sp=0x000000eceaefd2b0
Event: 44.804 Thread 0x000002d64f2ebf00 DEOPT UNPACKING pc=0x000002d634416da3 sp=0x000000eceaefd260 mode 2
Event: 135.176 Thread 0x000002d64f2ebf00 DEOPT PACKING pc=0x000002d62dab17dc sp=0x000000eceaefe790
Event: 135.176 Thread 0x000002d64f2ebf00 DEOPT UNPACKING pc=0x000002d634417543 sp=0x000000eceaefdc38 mode 0

Classes loaded (20 events):
Event: 18.335 Loading class java/util/zip/DeflaterOutputStream done
Event: 18.335 Loading class java/util/zip/GZIPOutputStream done
Event: 18.337 Loading class java/util/AbstractMap$SimpleEntry
Event: 18.337 Loading class java/util/AbstractMap$SimpleEntry done
Event: 18.350 Loading class org/w3c/dom/Node
Event: 18.350 Loading class org/w3c/dom/Node done
Event: 18.350 Loading class org/w3c/dom/Document
Event: 18.350 Loading class org/w3c/dom/Document done
Event: 18.386 Loading class java/util/TreeMap$KeySpliterator
Event: 18.386 Loading class java/util/TreeMap$TreeMapSpliterator
Event: 18.386 Loading class java/util/TreeMap$TreeMapSpliterator done
Event: 18.386 Loading class java/util/TreeMap$KeySpliterator done
Event: 18.416 Loading class sun/util/resources/LocaleData$CommonResourceBundleProvider
Event: 18.416 Loading class sun/util/resources/LocaleData$LocaleDataResourceBundleProvider
Event: 18.416 Loading class java/util/spi/ResourceBundleProvider
Event: 18.416 Loading class java/util/spi/ResourceBundleProvider done
Event: 18.416 Loading class sun/util/resources/LocaleData$LocaleDataResourceBundleProvider done
Event: 18.416 Loading class sun/util/resources/LocaleData$CommonResourceBundleProvider done
Event: 18.416 Loading class sun/util/resources/Bundles$2
Event: 18.416 Loading class sun/util/resources/Bundles$2 done

Classes unloaded (0 events):
No events

Classes redefined (1 events):
Event: 135.191 Thread 0x000002d6497246f0 redefined class name=org.disertatie.dbsync.kafka.KafkaSqlChangeConsumer, count=1

Internal exceptions (20 events):
Event: 3.831 Thread 0x000002d6237f6d90 Exception <a 'java/lang/NoSuchMethodError'{0x0000000707cc4250}: 'java.lang.Object java.lang.invoke.DirectMethodHandle$Holder.invokeSpecial(java.lang.Object, java.lang.Object, int, java.lang.Object, int, java.lang.Object)'> (0x0000000707cc4250) 
thrown [s\open\src\hotspot\share\interpreter\linkResolver.cpp, line 774]
Event: 3.831 Thread 0x000002d6237f6d90 Exception <a 'java/lang/NoSuchMethodError'{0x0000000707ccc2f0}: 'java.lang.Object java.lang.invoke.DirectMethodHandle$Holder.newInvokeSpecial(java.lang.Object, java.lang.Object, int, java.lang.Object, int)'> (0x0000000707ccc2f0) 
thrown [s\open\src\hotspot\share\interpreter\linkResolver.cpp, line 774]
Event: 3.831 Thread 0x000002d6237f6d90 Exception <a 'java/lang/NoSuchMethodError'{0x0000000707cd0408}: 'java.lang.Object java.lang.invoke.DirectMethodHandle$Holder.invokeSpecial(java.lang.Object, java.lang.Object, java.lang.Object, int, java.lang.Object, int)'> (0x0000000707cd0408) 
thrown [s\open\src\hotspot\share\interpreter\linkResolver.cpp, line 774]
Event: 3.911 Thread 0x000002d6237f6d90 Exception <a 'java/lang/IncompatibleClassChangeError'{0x0000000707be0318}: Found class java.lang.Object, but interface was expected> (0x0000000707be0318) 
thrown [s\open\src\hotspot\share\interpreter\linkResolver.cpp, line 841]
Event: 4.243 Thread 0x000002d64f2ecef0 Exception <a 'java/lang/NoSuchMethodError'{0x0000000706044508}: 'java.lang.Object java.lang.invoke.DirectMethodHandle$Holder.newInvokeSpecial(java.lang.Object, java.lang.Object, long)'> (0x0000000706044508) 
thrown [s\open\src\hotspot\share\interpreter\linkResolver.cpp, line 774]
Event: 4.243 Thread 0x000002d64f2ebf00 Exception <a 'java/lang/NoSuchMethodError'{0x00000007071fa5f0}: 'java.lang.Object java.lang.invoke.DirectMethodHandle$Holder.newInvokeSpecial(java.lang.Object, java.lang.Object, long)'> (0x00000007071fa5f0) 
thrown [s\open\src\hotspot\share\interpreter\linkResolver.cpp, line 774]
Event: 4.243 Thread 0x000002d64f2ecef0 Exception <a 'java/lang/NoSuchMethodError'{0x0000000706047d50}: 'java.lang.Object java.lang.invoke.Invokers$Holder.linkToTargetMethod(java.lang.Object, long, java.lang.Object)'> (0x0000000706047d50) 
thrown [s\open\src\hotspot\share\interpreter\linkResolver.cpp, line 774]
Event: 4.243 Thread 0x000002d64f2ebf00 Exception <a 'java/lang/NoSuchMethodError'{0x00000007071fdf20}: 'java.lang.Object java.lang.invoke.Invokers$Holder.linkToTargetMethod(java.lang.Object, long, java.lang.Object)'> (0x00000007071fdf20) 
thrown [s\open\src\hotspot\share\interpreter\linkResolver.cpp, line 774]
Event: 4.289 Thread 0x000002d64f2ebf00 Exception <a 'java/lang/NoSuchMethodError'{0x0000000705fbd6e8}: 'void java.lang.invoke.DirectMethodHandle$Holder.invokeStatic(java.lang.Object, int, java.lang.Object)'> (0x0000000705fbd6e8) 
thrown [s\open\src\hotspot\share\interpreter\linkResolver.cpp, line 774]
Event: 4.289 Thread 0x000002d64f2ecef0 Exception <a 'java/lang/NoSuchMethodError'{0x0000000705fd9770}: 'void java.lang.invoke.DirectMethodHandle$Holder.invokeStatic(java.lang.Object, int, java.lang.Object)'> (0x0000000705fd9770) 
thrown [s\open\src\hotspot\share\interpreter\linkResolver.cpp, line 774]
Event: 4.344 Thread 0x000002d64f2ecef0 Exception <a 'java/lang/NoSuchMethodError'{0x0000000705a4aba0}: 'java.lang.Object java.lang.invoke.DirectMethodHandle$Holder.invokeVirtual(java.lang.Object, java.lang.Object, int)'> (0x0000000705a4aba0) 
thrown [s\open\src\hotspot\share\interpreter\linkResolver.cpp, line 774]
Event: 4.344 Thread 0x000002d64f2ebf00 Exception <a 'java/lang/NoSuchMethodError'{0x0000000705a8ba68}: 'java.lang.Object java.lang.invoke.DirectMethodHandle$Holder.invokeVirtual(java.lang.Object, java.lang.Object, int)'> (0x0000000705a8ba68) 
thrown [s\open\src\hotspot\share\interpreter\linkResolver.cpp, line 774]
Event: 4.858 Thread 0x000002d64f2ebf00 Exception <a 'java/lang/NoSuchMethodError'{0x0000000705b48028}: 'java.lang.Object java.lang.invoke.DirectMethodHandle$Holder.newInvokeSpecial(java.lang.Object, int, java.lang.Object, java.lang.Object)'> (0x0000000705b48028) 
thrown [s\open\src\hotspot\share\interpreter\linkResolver.cpp, line 774]
Event: 4.858 Thread 0x000002d64f2ecef0 Exception <a 'java/lang/NoSuchMethodError'{0x0000000705b0fbb0}: 'java.lang.Object java.lang.invoke.DirectMethodHandle$Holder.newInvokeSpecial(java.lang.Object, int, java.lang.Object, java.lang.Object)'> (0x0000000705b0fbb0) 
thrown [s\open\src\hotspot\share\interpreter\linkResolver.cpp, line 774]
Event: 18.378 Thread 0x000002d64f2ecef0 Implicit null exception at 0x000002d634b6e9e0 to 0x000002d634b6ec2c
Event: 18.430 Thread 0x000002d64f2ecef0 Exception <a 'java/lang/NoSuchMethodError'{0x00000007064d19c0}: 'void java.lang.invoke.Invokers$Holder.invoke_MT(java.lang.Object, java.lang.Object, java.lang.Object, java.lang.Object)'> (0x00000007064d19c0) 
thrown [s\open\src\hotspot\share\interpreter\linkResolver.cpp, line 774]
Event: 18.431 Thread 0x000002d64f2ecef0 Exception <a 'java/lang/NoSuchMethodError'{0x00000007064dfac8}: 'int java.lang.invoke.DirectMethodHandle$Holder.invokeSpecialIFC(java.lang.Object, java.lang.Object, java.lang.Object)'> (0x00000007064dfac8) 
thrown [s\open\src\hotspot\share\interpreter\linkResolver.cpp, line 774]
Event: 44.786 Thread 0x000002d64f2ebf00 Implicit null exception at 0x000002d634bcdb46 to 0x000002d634bcdc1e
Event: 44.795 Thread 0x000002d64f2ebf00 Exception <a 'java/lang/NoSuchMethodError'{0x0000000705e251e0}: 'void java.lang.invoke.DirectMethodHandle$Holder.invokeSpecial(java.lang.Object, java.lang.Object, int)'> (0x0000000705e251e0) 
thrown [s\open\src\hotspot\share\interpreter\linkResolver.cpp, line 774]
Event: 44.795 Thread 0x000002d64f2ebf00 Exception <a 'java/lang/NoSuchMethodError'{0x0000000705e2b308}: 'java.lang.Object java.lang.invoke.DirectMethodHandle$Holder.newInvokeSpecial(java.lang.Object, java.lang.Object, int)'> (0x0000000705e2b308) 
thrown [s\open\src\hotspot\share\interpreter\linkResolver.cpp, line 774]

VM Operations (20 events):
Event: 128.372 Executing VM operation: get/set locals
Event: 128.372 Executing VM operation: get/set locals done
Event: 128.372 Executing VM operation: get/set locals
Event: 128.372 Executing VM operation: get/set locals done
Event: 128.372 Executing VM operation: get/set locals
Event: 128.372 Executing VM operation: get/set locals done
Event: 128.372 Executing VM operation: get/set locals
Event: 128.372 Executing VM operation: get/set locals done
Event: 128.525 Executing VM operation: get/set locals
Event: 128.525 Executing VM operation: get/set locals done
Event: 128.527 Executing VM operation: get/set locals
Event: 128.527 Executing VM operation: get/set locals done
Event: 135.176 Executing VM operation: ChangeSingleStep
Event: 135.176 Executing VM operation: ChangeSingleStep done
Event: 135.176 Executing VM operation: ChangeSingleStep
Event: 135.176 Executing VM operation: ChangeSingleStep done
Event: 135.184 Executing VM operation: RedefineClasses
Event: 135.206 Executing VM operation: RedefineClasses done
Event: 135.211 Executing VM operation: ChangeSingleStep
Event: 135.211 Executing VM operation: ChangeSingleStep done

Events (20 events):
Event: 5.366 Thread 0x000002d64da11360 Thread exited: 0x000002d64da11360
Event: 7.775 Thread 0x000002d64f084c80 Thread exited: 0x000002d64f084c80
Event: 8.391 Thread 0x000002d6546a71c0 Thread added: 0x000002d6546a71c0
Event: 11.413 Thread 0x000002d6546a71c0 Thread exited: 0x000002d6546a71c0
Event: 12.425 Thread 0x000002d6546a55f0 Thread added: 0x000002d6546a55f0
Event: 15.450 Thread 0x000002d6546a55f0 Thread exited: 0x000002d6546a55f0
Event: 18.429 Thread 0x000002d6546a7750 Thread added: 0x000002d6546a7750
Event: 18.966 Thread 0x000002d6546a7750 Thread exited: 0x000002d6546a7750
Event: 21.470 Thread 0x000002d6546a5060 Thread added: 0x000002d6546a5060
Event: 24.984 Thread 0x000002d6546a5060 Thread exited: 0x000002d6546a5060
Event: 28.026 Thread 0x000002d6546a71c0 Thread added: 0x000002d6546a71c0
Event: 31.020 Thread 0x000002d6546a71c0 Thread exited: 0x000002d6546a71c0
Event: 44.822 Thread 0x000002d6546a6c30 Thread added: 0x000002d6546a6c30
Event: 44.827 Thread 0x000002d6546a6110 Thread added: 0x000002d6546a6110
Event: 46.423 Thread 0x000002d6546a6110 Thread exited: 0x000002d6546a6110
Event: 46.423 Thread 0x000002d6546a6c30 Thread exited: 0x000002d6546a6c30
Event: 103.166 Thread 0x000002d6546a71c0 Thread added: 0x000002d6546a71c0
Event: 107.779 Thread 0x000002d6546a71c0 Thread exited: 0x000002d6546a71c0
Event: 113.487 Thread 0x000002d6546a5060 Thread added: 0x000002d6546a5060
Event: 114.343 Thread 0x000002d6546a5060 Thread exited: 0x000002d6546a5060


Dynamic libraries:
0x00007ff6e1310000 - 0x00007ff6e131e000 	C:\Program Files\jdk-19.0.2\bin\java.exe
0x00007ff9431b0000 - 0x00007ff9433a8000 	C:\WINDOWS\SYSTEM32\ntdll.dll
0x00007ff941330000 - 0x00007ff9413ef000 	C:\WINDOWS\System32\KERNEL32.DLL
0x00007ff940c40000 - 0x00007ff940f36000 	C:\WINDOWS\System32\KERNELBASE.dll
0x00007ff9408e0000 - 0x00007ff9409e0000 	C:\WINDOWS\System32\ucrtbase.dll
0x00007ff933960000 - 0x00007ff933977000 	C:\Program Files\jdk-19.0.2\bin\jli.dll
0x00007ff933a30000 - 0x00007ff933a4b000 	C:\Program Files\jdk-19.0.2\bin\VCRUNTIME140.dll
0x00007ff9418a0000 - 0x00007ff941a3d000 	C:\WINDOWS\System32\USER32.dll
0x00007ff934da0000 - 0x00007ff93503a000 	C:\WINDOWS\WinSxS\amd64_microsoft.windows.common-controls_6595b64144ccf1df_6.0.19041.1110_none_60b5254171f9507e\COMCTL32.dll
0x00007ff940c10000 - 0x00007ff940c32000 	C:\WINDOWS\System32\win32u.dll
0x00007ff9413f0000 - 0x00007ff94148e000 	C:\WINDOWS\System32\msvcrt.dll
0x00007ff941a40000 - 0x00007ff941a6c000 	C:\WINDOWS\System32\GDI32.dll
0x00007ff941060000 - 0x00007ff941175000 	C:\WINDOWS\System32\gdi32full.dll
0x00007ff9409e0000 - 0x00007ff940a7d000 	C:\WINDOWS\System32\msvcp_win.dll
0x00007ff941850000 - 0x00007ff941880000 	C:\WINDOWS\System32\IMM32.DLL
0x00007ff93be90000 - 0x00007ff93be9c000 	C:\Program Files\jdk-19.0.2\bin\vcruntime140_1.dll
0x00007ff9116c0000 - 0x00007ff91174e000 	C:\Program Files\jdk-19.0.2\bin\msvcp140.dll
0x00007ff8fcb10000 - 0x00007ff8fd7d0000 	C:\Program Files\jdk-19.0.2\bin\server\jvm.dll
0x00007ff9428e0000 - 0x00007ff94298f000 	C:\WINDOWS\System32\ADVAPI32.dll
0x00007ff942680000 - 0x00007ff94271c000 	C:\WINDOWS\System32\sechost.dll
0x00007ff942550000 - 0x00007ff942676000 	C:\WINDOWS\System32\RPCRT4.dll
0x00007ff936bc0000 - 0x00007ff936be7000 	C:\WINDOWS\SYSTEM32\WINMM.dll
0x00007ff933710000 - 0x00007ff933719000 	C:\WINDOWS\SYSTEM32\WSOCK32.dll
0x00007ff93a280000 - 0x00007ff93a28a000 	C:\WINDOWS\SYSTEM32\VERSION.dll
0x00007ff942480000 - 0x00007ff9424eb000 	C:\WINDOWS\System32\WS2_32.dll
0x00007ff93f0f0000 - 0x00007ff93f102000 	C:\WINDOWS\SYSTEM32\kernel.appcore.dll
0x00007ff933a20000 - 0x00007ff933a2a000 	C:\Program Files\jdk-19.0.2\bin\jimage.dll
0x00007ff93ed30000 - 0x00007ff93ef14000 	C:\WINDOWS\SYSTEM32\DBGHELP.DLL
0x00007ff932700000 - 0x00007ff932734000 	C:\WINDOWS\SYSTEM32\dbgcore.DLL
0x00007ff941180000 - 0x00007ff941202000 	C:\WINDOWS\System32\bcryptPrimitives.dll
0x00007ff933920000 - 0x00007ff93395c000 	C:\Program Files\jdk-19.0.2\bin\jdwp.dll
0x00007ff9338a0000 - 0x00007ff9338c6000 	C:\Program Files\jdk-19.0.2\bin\java.dll
0x00007ff90a470000 - 0x00007ff90a547000 	C:\Program Files\jdk-19.0.2\bin\jsvml.dll
0x00007ff941b80000 - 0x00007ff9422c4000 	C:\WINDOWS\System32\SHELL32.dll
0x00007ff93e4d0000 - 0x00007ff93ec63000 	C:\WINDOWS\SYSTEM32\windows.storage.dll
0x00007ff9414f0000 - 0x00007ff941844000 	C:\WINDOWS\System32\combase.dll
0x00007ff940210000 - 0x00007ff94023e000 	C:\WINDOWS\SYSTEM32\Wldp.dll
0x00007ff942990000 - 0x00007ff942a3d000 	C:\WINDOWS\System32\SHCORE.dll
0x00007ff9424f0000 - 0x00007ff942545000 	C:\WINDOWS\System32\shlwapi.dll
0x00007ff9407d0000 - 0x00007ff9407ef000 	C:\WINDOWS\SYSTEM32\profapi.dll
0x00007ff933910000 - 0x00007ff93391c000 	C:\Program Files\jdk-19.0.2\bin\dt_socket.dll
0x00007ff93fcb0000 - 0x00007ff93fcec000 	C:\WINDOWS\SYSTEM32\IPHLPAPI.DLL
0x00007ff93fff0000 - 0x00007ff94005a000 	C:\WINDOWS\system32\mswsock.dll
0x00007ff93fcf0000 - 0x00007ff93fdbb000 	C:\WINDOWS\SYSTEM32\DNSAPI.dll
0x00007ff9423c0000 - 0x00007ff9423c8000 	C:\WINDOWS\System32\NSI.dll
0x00007ff9392f0000 - 0x00007ff9392fa000 	C:\Windows\System32\rasadhlp.dll
0x00007ff937900000 - 0x00007ff937982000 	C:\WINDOWS\System32\fwpuclnt.dll
0x00007ff940be0000 - 0x00007ff940c07000 	C:\WINDOWS\System32\bcrypt.dll
0x00007ff933840000 - 0x00007ff933853000 	C:\Program Files\jdk-19.0.2\bin\net.dll
0x00007ff93a630000 - 0x00007ff93a73a000 	C:\WINDOWS\SYSTEM32\WINHTTP.dll
0x00007ff933820000 - 0x00007ff933836000 	C:\Program Files\jdk-19.0.2\bin\nio.dll
0x00007ff928b40000 - 0x00007ff928b58000 	C:\Program Files\jdk-19.0.2\bin\zip.dll
0x00007ff933900000 - 0x00007ff933910000 	C:\Program Files\jdk-19.0.2\bin\verify.dll
0x00007ff940250000 - 0x00007ff940268000 	C:\WINDOWS\SYSTEM32\CRYPTSP.dll
0x00007ff93f8c0000 - 0x00007ff93f8f4000 	C:\WINDOWS\system32\rsaenh.dll
0x00007ff940790000 - 0x00007ff9407be000 	C:\WINDOWS\SYSTEM32\USERENV.dll
0x00007ff940180000 - 0x00007ff94018c000 	C:\WINDOWS\SYSTEM32\CRYPTBASE.dll
0x00007ff93a8f0000 - 0x00007ff93a907000 	C:\WINDOWS\SYSTEM32\dhcpcsvc6.DLL
0x00007ff93a260000 - 0x00007ff93a27d000 	C:\WINDOWS\SYSTEM32\dhcpcsvc.DLL
0x00007ff933810000 - 0x00007ff933818000 	C:\Program Files\jdk-19.0.2\bin\extnet.dll
0x00007ff933790000 - 0x00007ff93379e000 	C:\Program Files\jdk-19.0.2\bin\sunmscapi.dll
0x00007ff940a80000 - 0x00007ff940bde000 	C:\WINDOWS\System32\CRYPT32.dll
0x00007ff940360000 - 0x00007ff940388000 	C:\WINDOWS\SYSTEM32\ncrypt.dll
0x00007ff940320000 - 0x00007ff94035b000 	C:\WINDOWS\SYSTEM32\NTASN1.dll
0x00007ff928980000 - 0x00007ff92898a000 	C:\Program Files\jdk-19.0.2\bin\management.dll
0x00007ff928970000 - 0x00007ff92897b000 	C:\Program Files\jdk-19.0.2\bin\management_ext.dll
0x00007ff9423b0000 - 0x00007ff9423b8000 	C:\WINDOWS\System32\PSAPI.DLL
0x00007ff927ed0000 - 0x00007ff927ed7000 	C:\WINDOWS\system32\wshunix.dll

dbghelp: loaded successfully - version: 4.0.5 - missing functions: none
symbol engine: initialized successfully - sym options: 0x614 - pdb path: .;C:\Program Files\jdk-19.0.2\bin;C:\WINDOWS\SYSTEM32;C:\WINDOWS\WinSxS\amd64_microsoft.windows.common-controls_6595b64144ccf1df_6.0.19041.1110_none_60b5254171f9507e;C:\Program Files\jdk-19.0.2\bin\server

VM Arguments:
jvm_args: -agentlib:jdwp=transport=dt_socket,server=n,suspend=y,address=localhost:59570 -XX:+ShowCodeDetailsInExceptionMessages 
java_command: org.disertatie.dbsync.DbsyncApplication
java_class_path (initial): C:\Users\turtu\Desktop\dise\disertatie\dbsync\target\classes;C:\Users\turtu\.m2\repository\org\springframework\boot\spring-boot-starter\3.0.3\spring-boot-starter-3.0.3.jar;C:\Users\turtu\.m2\repository\org\springframework\boot\spring-boot\3.0.3\spring-boot-3.0.3.jar;C:\Users\turtu\.m2\repository\org\springframework\boot\spring-boot-autoconfigure\3.0.3\spring-boot-autoconfigure-3.0.3.jar;C:\Users\turtu\.m2\repository\org\springframework\boot\spring-boot-starter-logging\3.0.3\spring-boot-starter-logging-3.0.3.jar;C:\Users\turtu\.m2\repository\ch\qos\logback\logback-classic\1.4.5\logback-classic-1.4.5.jar;C:\Users\turtu\.m2\repository\ch\qos\logback\logback-core\1.4.5\logback-core-1.4.5.jar;C:\Users\turtu\.m2\repository\org\apache\logging\log4j\log4j-to-slf4j\2.19.0\log4j-to-slf4j-2.19.0.jar;C:\Users\turtu\.m2\repository\org\apache\logging\log4j\log4j-api\2.19.0\log4j-api-2.19.0.jar;C:\Users\turtu\.m2\repository\org\slf4j\jul-to-slf4j\2.0.6\jul-to-slf4j-2.0.6.jar;C:\Users\turtu\.m2\repository\jakarta\annotation\jakarta.annotation-api\2.1.1\jakarta.annotation-api-2.1.1.jar;C:\Users\turtu\.m2\repository\org\springframework\spring-core\6.0.5\spring-core-6.0.5.jar;C:\Users\turtu\.m2\repository\org\springframework\spring-jcl\6.0.5\spring-jcl-6.0.5.jar;C:\Users\turtu\.m2\repository\org\yaml\snakeyaml\1.33\snakeyaml-1.33.jar;C:\Users\turtu\.m2\repository\org\springframework\boot\spring-boot-starter-data-mongodb\3.0.3\spring-boot-starter-data-mongodb-3.0.3.jar;C:\Users\turtu\.m2\repository\org\mongodb\mongodb-driver-sync\4.8.2\mongodb-driver-sync-4.8.2.jar;C:\Users\turtu\.m2\repository\org\mongodb\bson\4.8.2\bson-4.8.2.jar;C:\Users\turtu\.m2\repository\org\mongodb\mongodb-driver-core\4.8.2\mongodb-driver-core-4.8.2.jar;C:\Users\turtu\.m2\repository\org\mongodb\bson-record-codec\4.8.2\bson-record-codec-4.8.2.jar;C:\Users\turtu\.m2\repository\org\springframework\data\spring-data-mongodb\4.0.2\spring-data-mongodb-4.0.2.jar;C:\Users\turtu\.m2\repository\org\springframework\spring-beans\6.0.5\spring-beans-6.0.5.jar;C:\Users\turtu\.m2\repository\org\springframework\spring-expression\6.0.5\spring-expression-6.0.5.jar;C:\Users\turtu\.m2\repository\org\springframework\data\spring-data-commons\3.0.2\spring-data-commons-3.0.2.jar;C:\Users\turtu\.m2\repository\org\springframework\boot\spring-boot-starter-data-jpa\3.0.3\spring-boot-starter-data-jpa-3.0.3.jar;C:\Users\turtu\.m2\repository\org\springframework\boot\spring-boot-starter-aop\3.0.3\spring-boot-starter-aop-3.0.3.jar;C:\Users\turtu\.m2\repository\org\springframework\spring-aop\6.0.5\spring-aop-6.0.5.jar;C:\Users\turtu\.m2\repository\org\aspectj\aspectjweaver\1.9.19\aspectjweaver-1.9.19.jar;C:\Users\turtu\.m2\repository\org\springframework\boot\spring-boot-starter-jdbc\3.0.3\spring-boot-starter-jdbc-3.0.3.jar;C:\Users\turtu\.m2\repository\com\zaxxer\HikariCP\5.0.1\HikariCP-5.0.1.jar;C:\Users\turtu\.m2\repository\org\springframework\spring-jdbc\6.0.5\spring-jdbc-6.0.5.jar;C:\Users\turtu\.m2\repository\org\hibernate\orm\hibernate-core\6.1.7.Final\hibernate-core-6.1.7.Final.jar;C:\Users\turtu\.m2\repository\jakarta\persistence\jakarta.persistence-api\3.1.0\jakarta.persistence-api-3.1.0.jar;C:\Users\turtu\.m2\repository\jakarta\transaction\jakarta.transaction-api\2.0.1\jakarta.transaction-api-2.0.1.jar;C:\Users\turtu\.m2\repository\org\jboss\logging\jboss-logging\3.5.0.Final\jboss-logging-3.5.0.Final.jar;C:\Users\turtu\.m2\repository\org\hibernate\common\hibernate-commons-annotations\6.0.6.Final\hibernate-commons-annotations-6.0.6.Final.jar;C:\Users\turtu\.m2\repository\org\jboss\jandex\2.4.2.Final\jandex-2.4.2.Final.jar;C:\Users\turtu\.m2\repository\com\fasterxml\classmate\1.5.1\classmate-1.5.1.jar;C:\Users\turtu\.m2\repository\net\bytebuddy\byte-buddy\1.12.23\byte-buddy-1.12.23.jar;C:\Users\turtu\.m2\repository\org\glassfish\jaxb\jaxb-runtime\4.0.2\jaxb-runtime-4.0.2.jar;C:\Users\turtu\.m2\repository\org\glassfish\jaxb\jaxb-core\4.0.2\jaxb-core-4.0.2.jar;C:\Users\turtu\.m2\repository\org\eclipse\angus\angus-activation\2.0.0\angus-activation-2.0.0.jar;C:\Users\turtu\.m2\repository\org\glassfish\jaxb\txw2\4.0.2\txw2-4.0.2.jar;C:\Users\turtu\.m2\repository\com\sun\istack\istack-commons-runtime\4.1.1\istack-commons-runtime-4.1.1.jar;C:\Users\turtu\.m2\repository\jakarta\inject\jakarta.inject-api\2.0.0\jakarta.inject-api-2.0.0.jar;C:\Users\turtu\.m2\repository\org\antlr\antlr4-runtime\4.10.1\antlr4-runtime-4.10.1.jar;C:\Users\turtu\.m2\repository\org\springframework\data\spring-data-jpa\3.0.2\spring-data-jpa-3.0.2.jar;C:\Users\turtu\.m2\repository\org\springframework\spring-orm\6.0.5\spring-orm-6.0.5.jar;C:\Users\turtu\.m2\repository\org\springframework\spring-aspects\6.0.5\spring-aspects-6.0.5.jar;C:\Users\turtu\.m2\repository\com\mysql\mysql-connector-j\8.0.32\mysql-connector-j-8.0.32.jar;C:\Users\turtu\.m2\repository\org\apache\kafka\kafka-streams\3.3.2\kafka-streams-3.3.2.jar;C:\Users\turtu\.m2\repository\org\apache\kafka\kafka-clients\3.3.2\kafka-clients-3.3.2.jar;C:\Users\turtu\.m2\repository\com\github\luben\zstd-jni\1.5.2-1\zstd-jni-1.5.2-1.jar;C:\Users\turtu\.m2\repository\org\lz4\lz4-java\1.8.0\lz4-java-1.8.0.jar;C:\Users\turtu\.m2\repository\org\xerial\snappy\snappy-java\1.1.8.4\snappy-java-1.1.8.4.jar;C:\Users\turtu\.m2\repository\org\rocksdb\rocksdbjni\7.1.2\rocksdbjni-7.1.2.jar;C:\Users\turtu\.m2\repository\org\slf4j\slf4j-api\2.0.6\slf4j-api-2.0.6.jar;C:\Users\turtu\.m2\repository\com\fasterxml\jackson\core\jackson-annotations\2.14.2\jackson-annotations-2.14.2.jar;C:\Users\turtu\.m2\repository\com\fasterxml\jackson\core\jackson-databind\2.14.2\jackson-databind-2.14.2.jar;C:\Users\turtu\.m2\repository\org\springframework\kafka\spring-kafka\3.0.3\spring-kafka-3.0.3.jar;C:\Users\turtu\.m2\repository\org\springframework\spring-context\6.0.5\spring-context-6.0.5.jar;C:\Users\turtu\.m2\repository\org\springframework\spring-messaging\6.0.5\spring-messaging-6.0.5.jar;C:\Users\turtu\.m2\repository\org\springframework\spring-tx\6.0.5\spring-tx-6.0.5.jar;C:\Users\turtu\.m2\repository\org\springframework\retry\spring-retry\2.0.0\spring-retry-2.0.0.jar;C:\Users\turtu\.m2\repository\io\micrometer\micrometer-observation\1.10.4\micrometer-observation-1.10.4.jar;C:\Users\turtu\.m2\repository\io\micrometer\micrometer-commons\1.10.4\micrometer-commons-1.10.4.jar;C:\Users\turtu\.m2\repository\com\google\code\findbugs\jsr305\3.0.2\jsr305-3.0.2.jar;C:\Users\turtu\.m2\repository\io\debezium\debezium-core\2.2.0.Final\debezium-core-2.2.0.Final.jar;C:\Users\turtu\.m2\repository\io\debezium\debezium-api\2.2.0.Final\debezium-api-2.2.0.Final.jar;C:\Users\turtu\.m2\repository\com\fasterxml\jackson\datatype\jackson-datatype-jsr310\2.14.2\jackson-datatype-jsr310-2.14.2.jar;C:\Users\turtu\.m2\repository\com\fasterxml\jackson\core\jackson-core\2.14.2\jackson-core-2.14.2.jar;C:\Users\turtu\.m2\repository\jakarta\xml\bind\jakarta.xml.bind-api\4.0.0\jakarta.xml.bind-api-4.0.0.jar;C:\Users\turtu\.m2\repository\jakarta\activation\jakarta.activation-api\2.1.1\jakarta.activation-api-2.1.1.jar
Launcher Type: SUN_STANDARD

[Global flags]
     intx CICompilerCount                          = 12                                        {product} {ergonomic}
     uint ConcGCThreads                            = 3                                         {product} {ergonomic}
     uint G1ConcRefinementThreads                  = 13                                        {product} {ergonomic}
   size_t G1HeapRegionSize                         = 2097152                                   {product} {ergonomic}
    uintx GCDrainStackTargetSize                   = 64                                        {product} {ergonomic}
   size_t InitialHeapSize                          = 268435456                                 {product} {ergonomic}
   size_t MarkStackSize                            = 4194304                                   {product} {ergonomic}
   size_t MaxHeapSize                              = 4278190080                                {product} {ergonomic}
   size_t MaxNewSize                               = 2566914048                                {product} {ergonomic}
   size_t MinHeapDeltaBytes                        = 2097152                                   {product} {ergonomic}
   size_t MinHeapSize                              = 8388608                                   {product} {ergonomic}
    uintx NonNMethodCodeHeapSize                   = 7602480                                {pd product} {ergonomic}
    uintx NonProfiledCodeHeapSize                  = 122027880                              {pd product} {ergonomic}
    uintx ProfiledCodeHeapSize                     = 122027880                              {pd product} {ergonomic}
    uintx ReservedCodeCacheSize                    = 251658240                              {pd product} {ergonomic}
     bool SegmentedCodeCache                       = true                                      {product} {ergonomic}
     bool ShowCodeDetailsInExceptionMessages       = true                                   {manageable} {command line}
   size_t SoftMaxHeapSize                          = 4278190080                             {manageable} {ergonomic}
     bool UseCompressedClassPointers               = true                           {product lp64_product} {ergonomic}
     bool UseCompressedOops                        = true                           {product lp64_product} {ergonomic}
     bool UseG1GC                                  = true                                      {product} {ergonomic}
     bool UseLargePagesIndividualAllocation        = false                                  {pd product} {ergonomic}

Logging:
Log output configuration:
 #0: stdout all=warning uptime,level,tags foldmultilines=false
 #1: stderr all=off uptime,level,tags foldmultilines=false

Environment Variables:
JAVA_HOME=C:\Program Files\jdk-19.0.2
PATH=C:\Program Files (x86)\Common Files\Intel\Shared Libraries\redist\intel64_win\compiler;C:\Program Files (x86)\Common Files\Oracle\Java\javapath;C:\Python311\Scripts\;C:\Python311\;C:\WINDOWS\system32;C:\WINDOWS;C:\WINDOWS\System32\Wbem;C:\WINDOWS\System32\WindowsPowerShell\v1.0\;C:\WINDOWS\System32\OpenSSH\;C:\Program Files\Git\cmd;C:\ProgramData\chocolatey\bin;C:\Program Files\nodejs\;C:\Program Files\SafeNet\Authentication\SAC\x64;C:\Program Files\SafeNet\Authentication\SAC\x32;C:\Program Files\dotnet\;C:\Program Files\NVIDIA Corporation\NVIDIA NvDLISR;C:\Program Files (x86)\NVIDIA Corporation\PhysX\Common;C:\Program Files\Docker\Docker\resources\bin;C:\composer;C:\Users\turtu\AppData\Local\Programs\Python\Python310\Scripts\;C:\Users\turtu\AppData\Local\Programs\Python\Python310\;C:\Users\turtu\AppData\Local\Microsoft\WindowsApps;C:\Users\turtu\AppData\Local\Programs\Microsoft VS Code\bin;C:\mvn\bin;C:\Program Files\jdk-19.0.2\bin;C:\Users\turtu\AppData\Roaming\npm;C:\mysql\bin;C:\Users\turtu\.dotnet\tools;C:\php;C:\Users\turtu\AppData\Roaming\Composer\vendor\bin;C:\composer;
USERNAME=turtu
LANG=en_US.UTF-8
OS=Windows_NT
PROCESSOR_IDENTIFIER=Intel64 Family 6 Model 158 Stepping 13, GenuineIntel
TMP=C:\Users\turtu\AppData\Local\Temp
TEMP=C:\Users\turtu\AppData\Local\Temp



---------------  S Y S T E M  ---------------

OS:
 Windows 10 , 64 bit Build 19041 (10.0.19041.2913)
OS uptime: 0 days 4:23 hours
Hyper-V role detected

CPU: total 16 (initial active 16) (8 cores per cpu, 2 threads per core) family 6 model 158 stepping 13 microcode 0xb8, cx8, cmov, fxsr, ht, mmx, 3dnowpref, sse, sse2, sse3, ssse3, sse4.1, sse4.2, popcnt, lzcnt, tsc, tscinvbit, avx, avx2, aes, erms, clmul, bmi1, bmi2, rtm, adx, fma, vzeroupper, clflush, clflushopt, hv, rdtscp

Memory: 4k page, system-wide physical 16315M (3243M free)
TotalPageFile size 29650M (AvailPageFile size 4630M)
current process WorkingSet (physical memory assigned to process): 230M, peak: 328M
current process commit charge ("private bytes"): 300M, peak: 478M

vm_info: OpenJDK 64-Bit Server VM (19.0.2+7-44) for windows-amd64 JRE (19.0.2+7-44), built on 2022-11-30T18:02:09Z by "mach5one" with MS VC++ 17.1 (VS2022)

END.
