#
# A fatal error has been detected by the Java Runtime Environment:
#
#  EXCEPTION_ACCESS_VIOLATION (0xc0000005) at pc=0x000001ebe0279324, pid=17640, tid=9360
#
# JRE version: OpenJDK Runtime Environment (19.0.2+7) (build 19.0.2+7-44)
# Java VM: OpenJDK 64-Bit Server VM (19.0.2+7-44, mixed mode, sharing, tiered, compressed oops, compressed class ptrs, g1 gc, windows-amd64)
# Problematic frame:
# v  ~BufferBlob::MethodHandles adapters 0x000001ebe0279324
#
# No core dump will be written. Minidumps are not enabled by default on client versions of Windows
#
# If you would like to submit a bug report, please visit:
#   https://bugreport.java.com/bugreport/crash.jsp
#

---------------  S U M M A R Y ------------

Command Line: -agentlib:jdwp=transport=dt_socket,server=n,suspend=y,address=localhost:53465 -XX:+ShowCodeDetailsInExceptionMessages org.disertatie.dbsync.DbsyncApplication

Host: Intel(R) Core(TM) i9-9900K CPU @ 3.60GHz, 16 cores, 15G,  Windows 10 , 64 bit Build 19041 (10.0.19041.2913)
Time: Sun Jun 11 21:44:56 2023 GTB Daylight Time elapsed time: 35.212309 seconds (0d 0h 0m 35s)

---------------  T H R E A D  ---------------

Current thread (0x000001eb829afd20):  JavaThread "http-nio-8080-exec-1" daemon [_thread_in_Java, id=9360, stack(0x0000005fe3e00000,0x0000005fe3f00000)]

Stack: [0x0000005fe3e00000,0x0000005fe3f00000],  sp=0x0000005fe3efd308,  free space=1012k
Native frames: (J=compiled Java code, j=interpreted, Vv=VM code, C=native code)
C  0x000001ebe0279324


siginfo: EXCEPTION_ACCESS_VIOLATION (0xc0000005), reading address 0x0000000f01f12e82


Registers:
RAX=0x000001ebe022c61a, RBX=0x0000000702e7a658, RCX=0x0000005fe3efd310, RDX=0x0000000000000002
RSP=0x0000005fe3efd308, RBP=0x0000005fe3efd358, RSI=0x000001ebfc7ba1d8, RDI=0x000001eb82ef3910
R8 =0x0000000000000004, R9 =0x0000000000000004, R10=0x000000080073671a, R11=0x00000000e02fb8b6
R12=0x0000000000000000, R13=0x0000005fe3efd308, R14=0x0000005fe3efd378, R15=0x000001eb829afd20
RIP=0x000001ebe0279324, EFLAGS=0x0000000000010202


Register to memory mapping:

RIP=0x000001ebe0279324 is at begin+65 in a stub
MethodHandle::interpreter_entry::_linkToVirtual [0x000001ebe02792e3, 0x000001ebe027934a] (103 bytes)
RAX=0x000001ebe022c61a is at code_begin+4634 in an Interpreter codelet
return entry points  [0x000001ebe022b400, 0x000001ebe022d4d0]  8400 bytes
RBX=0x0000000702e7a658 is an oop: org.disertatie.dbsync.test.TestController 
{0x0000000702e7a658} - klass: 'org/disertatie/dbsync/test/TestController'
 - ---- fields (total size 3 words):
 - 'mongoTemplate' 'Lorg/springframework/data/mongodb/core/MongoTemplate;' @12  a 'org/springframework/data/mongodb/core/MongoTemplate'{0x0000000702741730} (e04e82e6)
 - private 'jdbcTemplate' 'Lorg/springframework/jdbc/core/JdbcTemplate;' @16  a 'org/springframework/jdbc/core/JdbcTemplate'{0x00000007017dc5b0} (e02fb8b6)
RCX=0x0000005fe3efd310 is pointing into the stack for thread: 0x000001eb829afd20
RDX=0x0000000000000002 is an unknown value
RSP=0x0000005fe3efd308 is pointing into the stack for thread: 0x000001eb829afd20
RBP=0x0000005fe3efd358 is pointing into the stack for thread: 0x000001eb829afd20
RSI=0x000001ebfc7ba1d8 points into unknown readable memory: 0x800009f80b8b7d54 | 54 7d 8b 0b f8 09 00 80
RDI=0x000001eb82ef3910 points into unknown readable memory: 0x0000001800000060 | 60 00 00 00 18 00 00 00
R8 =0x0000000000000004 is an unknown value
R9 =0x0000000000000004 is an unknown value
R10=0x000000080073671a is pointing into metadata
R11=3761223862 is a compressed pointer to object: org.springframework.jdbc.core.JdbcTemplate 
{0x00000007017dc5b0} - klass: 'org/springframework/jdbc/core/JdbcTemplate'
 - ---- fields (total size 6 words):
 - private 'lazyInit' 'Z' @12  true
 - protected final 'logger' 'Lorg/apache/commons/logging/Log;' @16  a 'org/apache/commons/logging/LogAdapter$Slf4jLocationAwareLog'{0x00000007017dc5e0} (e02fb8bc)
 - private 'dataSource' 'Ljavax/sql/DataSource;' @20  a 'com/zaxxer/hikari/HikariDataSource'{0x00000007017dc5f8} (e02fb8bf)
 - private volatile 'exceptionTranslator' 'Lorg/springframework/jdbc/support/SQLExceptionTranslator;' @24  NULL (0)
 - private 'ignoreWarnings' 'Z' @13  true
 - private 'skipResultsProcessing' 'Z' @14  false
 - private 'skipUndeclaredResults' 'Z' @15  false
 - private 'fetchSize' 'I' @28  -1 (ffffffff)
 - private 'maxRows' 'I' @32  -1 (ffffffff)
 - private 'queryTimeout' 'I' @36  -1 (ffffffff)
 - private 'resultsMapCaseInsensitive' 'Z' @40  false
R12=0x0 is NULL
R13=0x0000005fe3efd308 is pointing into the stack for thread: 0x000001eb829afd20
R14=0x0000005fe3efd378 is pointing into the stack for thread: 0x000001eb829afd20
R15=0x000001eb829afd20 is a thread


Top of Stack: (sp=0x0000005fe3efd308)
0x0000005fe3efd308:   000001ebe022c61a 0000005fe3efd310
0x0000005fe3efd318:   000000080073671a 0000005fe3efd378
0x0000005fe3efd328:   00000008000d4e18 000001ebf958d808
0x0000005fe3efd338:   000000070283caf0 00000008000d7958
0x0000005fe3efd348:   0000005fe3efd308 0000005fe3efd380
0x0000005fe3efd358:   0000005fe3efd6b8 000001ebd923f576
0x0000005fe3efd368:   0000000703c78c78 0000000702e7a658
0x0000005fe3efd378:   0000000703c78c50 000000070d29fb40
0x0000005fe3efd388:   000000080004cf20 0000005fe3efd6b8
0x0000005fe3efd398:   000001ebd90000a4 0000000703c78ca8
0x0000005fe3efd3a8:   0000000702e7a658 0000000703c78cd0
0x0000005fe3efd3b8:   0000000703c78c50 0000000702e7a658
0x0000005fe3efd3c8:   000001ebd923f404 0000005fe3efd6b8
0x0000005fe3efd3d8:   000001ebd94cbb26 000000080004ac00
0x0000005fe3efd3e8:   000000080004e828 000001eb829afd20
0x0000005fe3efd3f8:   000000080004e828 000001eb829afd20 

Instructions: (pc=0x000001ebe0279324)
0x000001ebe0279224:   ff ff ff ff f0 10 00 00 00 00 00 00 80 92 27 e0
0x000001ebe0279234:   eb 01 00 00 00 a3 27 e0 eb 01 00 00 80 92 27 e0
0x000001ebe0279244:   eb 01 00 00 00 a3 27 e0 eb 01 00 00 78 92 27 e0
0x000001ebe0279254:   eb 01 00 00 78 92 27 e0 eb 01 00 00 00 00 00 00
0x000001ebe0279264:   00 00 00 00 00 00 00 00 00 00 00 00 38 3b 99 89
0x000001ebe0279274:   f8 7f 00 00 00 00 00 00 00 00 00 00 f4 66 66 66
0x000001ebe0279284:   0f 1f 84 00 00 00 00 00 66 66 66 90 66 66 66 0f
0x000001ebe0279294:   1f 84 00 00 00 00 00 66 66 66 90 90 48 8b 53 08
0x000001ebe02792a4:   0f b7 52 2c 48 8b 0c d4 8b 59 14 48 c1 e3 03 8b
0x000001ebe02792b4:   5b 28 48 c1 e3 03 8b 5b 24 48 c1 e3 03 48 8b 5b
0x000001ebe02792c4:   10 48 85 db 0f 84 10 00 00 00 41 80 bf f8 04 00
0x000001ebe02792d4:   00 00 74 03 ff 63 38 ff 63 50 e9 1d ac fd ff 66
0x000001ebe02792e4:   66 66 0f 1f 84 00 00 00 00 00 66 66 66 90 66 66
0x000001ebe02792f4:   0f 1f 84 00 00 00 00 00 66 66 66 90 48 8b 53 08
0x000001ebe0279304:   0f b7 52 2c 48 8b 0c d4 58 5b 50 44 8b 51 08 49
0x000001ebe0279314:   bb 00 00 00 00 08 00 00 00 4d 03 d3 4c 8b 5b 10
0x000001ebe0279324:   4b 8b 9c da b8 01 00 00 48 85 db 0f 84 10 00 00
0x000001ebe0279334:   00 41 80 bf f8 04 00 00 00 74 03 ff 63 38 ff 63
0x000001ebe0279344:   50 e9 b6 ab fd ff 66 66 66 0f 1f 84 00 00 00 00
0x000001ebe0279354:   00 66 66 66 90 0f 1f 80 00 00 00 00 58 5b 50 8b
0x000001ebe0279364:   5b 24 48 c1 e3 03 48 8b 5b 10 48 85 db 0f 84 10
0x000001ebe0279374:   00 00 00 41 80 bf f8 04 00 00 00 74 03 ff 63 38
0x000001ebe0279384:   ff 63 50 e9 74 ab fd ff 66 66 66 0f 1f 84 00 00
0x000001ebe0279394:   00 00 00 66 66 66 90 0f 1f 44 00 00 48 8b 53 08
0x000001ebe02793a4:   0f b7 52 2c 48 8b 0c d4 58 5b 50 48 3b 01 8b 5b
0x000001ebe02793b4:   24 48 c1 e3 03 48 8b 5b 10 48 85 db 0f 84 10 00
0x000001ebe02793c4:   00 00 41 80 bf f8 04 00 00 00 74 03 ff 63 38 ff
0x000001ebe02793d4:   63 50 e9 25 ab fd ff 0f 1f 44 00 00 48 8b 53 08
0x000001ebe02793e4:   0f b7 52 2c 48 8b 0c d4 58 5b 50 44 8b 51 08 49
0x000001ebe02793f4:   bb 00 00 00 00 08 00 00 00 4d 03 d3 8b 43 18 48
0x000001ebe0279404:   c1 e0 03 48 8b 40 10 48 8b 5b 10 45 8b 9a a0 00
0x000001ebe0279414:   00 00 4f 8d 9c da b8 01 00 00 4d 8d 14 da 49 8b 


Stack slot to memory mapping:
stack at sp + 0 slots: 0x000001ebe022c61a is at code_begin+4634 in an Interpreter codelet
return entry points  [0x000001ebe022b400, 0x000001ebe022d4d0]  8400 bytes
stack at sp + 1 slots: 0x0000005fe3efd310 is pointing into the stack for thread: 0x000001eb829afd20
stack at sp + 2 slots: 0x000000080073671a is pointing into metadata
stack at sp + 3 slots: 0x0000005fe3efd378 is pointing into the stack for thread: 0x000001eb829afd20
stack at sp + 4 slots: 0x00000008000d4e18 is pointing into metadata
stack at sp + 5 slots: 0x000001ebf958d808 is pointing into metadata
stack at sp + 6 slots: 0x000000070283caf0 is an oop: java.lang.Class 
{0x000000070283caf0} - klass: 'java/lang/Class'
 - ---- fields (total size 14 words):
 - private volatile transient 'classRedefinedCount' 'I' @12  0
 - abstract internal 'klass' 'J' @16  34360609272 (d49f8 8)
 - abstract internal 'array_klass' 'J' @24  0 (0 0)
 - abstract internal 'oop_size' 'I' @32  14 (e)
 - abstract internal 'static_oop_field_count' 'I' @36  0
 - private volatile transient 'cachedConstructor' 'Ljava/lang/reflect/Constructor;' @40  NULL (0)
 - private transient 'name' 'Ljava/lang/String;' @44  NULL (0)
 - private transient 'module' 'Ljava/lang/Module;' @48  a 'java/lang/Module'{0x000000070282db08} (e0505b61)
 - private final 'classLoader' 'Ljava/lang/ClassLoader;' @52  NULL (0)
 - private transient 'classData' 'Ljava/lang/Object;' @56  NULL (0)
 - private transient 'packageName' 'Ljava/lang/String;' @60  NULL (0)
 - private final 'componentType' 'Ljava/lang/Class;' @64  NULL (0)
 - private volatile transient 'reflectionData' 'Ljava/lang/ref/SoftReference;' @68  NULL (0)
 - private volatile transient 'genericInfo' 'Lsun/reflect/generics/repository/ClassRepository;' @72  NULL (0)
 - private volatile transient 'enumConstants' '[Ljava/lang/Object;' @76  NULL (0)
 - private volatile transient 'enumConstantDirectory' 'Ljava/util/Map;' @80  NULL (0)
 - private volatile transient 'annotationData' 'Ljava/lang/Class$AnnotationData;' @84  NULL (0)
 - private volatile transient 'annotationType' 'Lsun/reflect/annotation/AnnotationType;' @88  NULL (0)
 - transient 'classValueMap' 'Ljava/lang/ClassValue$ClassValueMap;' @92  NULL (0)
 - abstract internal 'protection_domain' 'Ljava/lang/Object;' @96  NULL (0)
 - abstract internal 'signers_name' 'Ljava/lang/Object;' @100  NULL (0)
 - abstract internal 'source_file' 'Ljava/lang/Object;' @104  NULL (0)
 - signature: Ljava/lang/invoke/DirectMethodHandle$Holder;
 - ---- static fields (0):
stack at sp + 7 slots: {method} {0x00000008000d7960} 'invokeVirtual' '(Ljava/lang/Object;Ljava/lang/Object;)Ljava/lang/Object;' in 'java/lang/invoke/DirectMethodHandle$Holder'

MethodHandle::interpreter_entry::_linkToVirtual [0x000001ebe02792e3, 0x000001ebe027934a] (103 bytes)
[MachCode]
  0x000001ebe02792e3: 6666 660f | 1f84 0000 | 0000 0066 | 6666 9066 | 660f 1f84 | 0000 0000 | 0066 6666 | 9048 8b53 
  0x000001ebe0279303: 080f b752 | 2c48 8b0c | d458 5b50 | 448b 5108 | 49bb 0000 | 0000 0800 | 0000 4d03 | d34c 8b5b 
  0x000001ebe0279323: 104b 8b9c | dab8 0100 | 0048 85db | 0f84 1000 | 0000 4180 | bff8 0400 | 0000 7403 | ff63 38ff 
  0x000001ebe0279343: 6350 e9b6 | 
[/MachCode]

---------------  P R O C E S S  ---------------

Threads class SMR info:
_java_thread_list=0x000001ebfc638770, length=43, elements={
0x000001ebf535b450, 0x000001ebf535c240, 0x000001ebf535d3f0, 0x000001ebf5363150,
0x000001ebf5366360, 0x000001ebf5367050, 0x000001ebf9820090, 0x000001ebf9821a10,
0x000001ebf5369e00, 0x000001ebf997bcc0, 0x000001ebf997c210, 0x000001ebf99806f0,
0x000001ebf9986810, 0x000001ebf9992ca0, 0x000001ebfef20a00, 0x000001ebfe3fa7d0,
0x000001ebfe3fad10, 0x000001ebfc5a0c50, 0x000001ebfc5a0700, 0x000001ebfc5a2190,
0x000001ebfc5a26e0, 0x000001ebfc5a2c30, 0x000001ebfc5a3180, 0x000001ebfc59fc60,
0x000001ebfc5a01b0, 0x000001eb829a8d90, 0x000001eb829ac800, 0x000001eb829a92e0,
0x000001eb829ad2a0, 0x000001eb829a9d80, 0x000001eb829afd20, 0x000001eb829aa820,
0x000001eb829af280, 0x000001eb829a9830, 0x000001eb829aa2d0, 0x000001eb829aad70,
0x000001eb829a8840, 0x000001eb829ab2c0, 0x000001eb829ab810, 0x000001eb829abd60,
0x000001eb829af7d0, 0x000001eb829ac2b0, 0x000001eb829ae290
}

Java Threads: ( => current thread )
  0x000001ebf535b450 JavaThread "Reference Handler" daemon [_thread_blocked, id=22576, stack(0x0000005fe0b00000,0x0000005fe0c00000)]
  0x000001ebf535c240 JavaThread "Finalizer" daemon [_thread_blocked, id=6620, stack(0x0000005fe0c00000,0x0000005fe0d00000)]
  0x000001ebf535d3f0 JavaThread "Signal Dispatcher" daemon [_thread_blocked, id=21224, stack(0x0000005fe0d00000,0x0000005fe0e00000)]
  0x000001ebf5363150 JavaThread "Attach Listener" daemon [_thread_blocked, id=22988, stack(0x0000005fe0e00000,0x0000005fe0f00000)]
  0x000001ebf5366360 JavaThread "Service Thread" daemon [_thread_blocked, id=5832, stack(0x0000005fe0f00000,0x0000005fe1000000)]
  0x000001ebf5367050 JavaThread "Monitor Deflation Thread" daemon [_thread_blocked, id=20080, stack(0x0000005fe1000000,0x0000005fe1100000)]
  0x000001ebf9820090 JavaThread "C2 CompilerThread0" daemon [_thread_blocked, id=10920, stack(0x0000005fe1100000,0x0000005fe1200000)]
  0x000001ebf9821a10 JavaThread "C1 CompilerThread0" daemon [_thread_blocked, id=20960, stack(0x0000005fe1200000,0x0000005fe1300000)]
  0x000001ebf5369e00 JavaThread "Sweeper thread" daemon [_thread_blocked, id=23360, stack(0x0000005fe1300000,0x0000005fe1400000)]
  0x000001ebf997bcc0 JavaThread "JDWP Transport Listener: dt_socket" daemon [_thread_blocked, id=16844, stack(0x0000005fe1600000,0x0000005fe1700000)]
  0x000001ebf997c210 JavaThread "JDWP Event Helper Thread" daemon [_thread_blocked, id=21876, stack(0x0000005fe1700000,0x0000005fe1800000)]
  0x000001ebf99806f0 JavaThread "JDWP Command Reader" daemon [_thread_in_native, id=20476, stack(0x0000005fe1800000,0x0000005fe1900000)]
  0x000001ebf9986810 JavaThread "Notification Thread" daemon [_thread_blocked, id=7832, stack(0x0000005fe1900000,0x0000005fe1a00000)]
  0x000001ebf9992ca0 JavaThread "Common-Cleaner" daemon [_thread_blocked, id=20152, stack(0x0000005fe1b00000,0x0000005fe1c00000)]
  0x000001ebfef20a00 JavaThread "Catalina-utility-1" [_thread_blocked, id=23172, stack(0x0000005fe2d00000,0x0000005fe2e00000)]
  0x000001ebfe3fa7d0 JavaThread "Catalina-utility-2" [_thread_blocked, id=3612, stack(0x0000005fe2e00000,0x0000005fe2f00000)]
  0x000001ebfe3fad10 JavaThread "container-0" [_thread_blocked, id=664, stack(0x0000005fe2f00000,0x0000005fe3000000)]
  0x000001ebfc5a0c50 JavaThread "mysql-cj-abandoned-connection-cleanup" daemon [_thread_blocked, id=18820, stack(0x0000005fe3000000,0x0000005fe3100000)]
  0x000001ebfc5a0700 JavaThread "HikariPool-1 housekeeper" daemon [_thread_blocked, id=21984, stack(0x0000005fe3200000,0x0000005fe3300000)]
  0x000001ebfc5a2190 JavaThread "BufferPoolPruner-1-thread-1" daemon [_thread_blocked, id=1360, stack(0x0000005fe3400000,0x0000005fe3500000)]
  0x000001ebfc5a26e0 JavaThread "cluster-ClusterId{value='6486160921e9ef18525010f9', description='null'}-localhost:27017" daemon [_thread_in_native, id=19812, stack(0x0000005fe3500000,0x0000005fe3600000)]
  0x000001ebfc5a2c30 JavaThread "cluster-rtt-ClusterId{value='6486160921e9ef18525010f9', description='null'}-localhost:27017" daemon [_thread_blocked, id=20528, stack(0x0000005fe3600000,0x0000005fe3700000)]
  0x000001ebfc5a3180 JavaThread "MaintenanceTimer-2-thread-1" daemon [_thread_blocked, id=16980, stack(0x0000005fe3700000,0x0000005fe3800000)]
  0x000001ebfc59fc60 JavaThread "cluster-ClusterId{value='6486160921e9ef18525010fa', description='null'}-localhost:27017" daemon [_thread_in_native, id=15236, stack(0x0000005fe3800000,0x0000005fe3900000)]
  0x000001ebfc5a01b0 JavaThread "cluster-rtt-ClusterId{value='6486160921e9ef18525010fa', description='null'}-localhost:27017" daemon [_thread_blocked, id=21476, stack(0x0000005fe3900000,0x0000005fe3a00000)]
  0x000001eb829a8d90 JavaThread "MaintenanceTimer-3-thread-1" daemon [_thread_blocked, id=19904, stack(0x0000005fe3a00000,0x0000005fe3b00000)]
  0x000001eb829ac800 JavaThread "Thread-1" [_thread_blocked, id=2664, stack(0x0000005fe1c00000,0x0000005fe1d00000)]
  0x000001eb829a92e0 JavaThread "Thread-2" [_thread_blocked, id=19736, stack(0x0000005fe2400000,0x0000005fe2500000)]
  0x000001eb829ad2a0 JavaThread "kafka-coordinator-heartbeat-thread | test-group" daemon [_thread_blocked, id=19760, stack(0x0000005fe3c00000,0x0000005fe3d00000)]
  0x000001eb829a9d80 JavaThread "kafka-coordinator-heartbeat-thread | test-group" daemon [_thread_blocked, id=21164, stack(0x0000005fe3d00000,0x0000005fe3e00000)]
=>0x000001eb829afd20 JavaThread "http-nio-8080-exec-1" daemon [_thread_in_Java, id=9360, stack(0x0000005fe3e00000,0x0000005fe3f00000)]
  0x000001eb829aa820 JavaThread "http-nio-8080-exec-2" daemon [_thread_blocked, id=16500, stack(0x0000005fe3f00000,0x0000005fe4000000)]
  0x000001eb829af280 JavaThread "http-nio-8080-exec-3" daemon [_thread_blocked, id=16192, stack(0x0000005fe4000000,0x0000005fe4100000)]
  0x000001eb829a9830 JavaThread "http-nio-8080-exec-4" daemon [_thread_blocked, id=10784, stack(0x0000005fe4100000,0x0000005fe4200000)]
  0x000001eb829aa2d0 JavaThread "http-nio-8080-exec-5" daemon [_thread_blocked, id=6976, stack(0x0000005fe4200000,0x0000005fe4300000)]
  0x000001eb829aad70 JavaThread "http-nio-8080-exec-6" daemon [_thread_blocked, id=18024, stack(0x0000005fe4300000,0x0000005fe4400000)]
  0x000001eb829a8840 JavaThread "http-nio-8080-exec-7" daemon [_thread_blocked, id=11976, stack(0x0000005fe4400000,0x0000005fe4500000)]
  0x000001eb829ab2c0 JavaThread "http-nio-8080-exec-8" daemon [_thread_blocked, id=12036, stack(0x0000005fe4500000,0x0000005fe4600000)]
  0x000001eb829ab810 JavaThread "http-nio-8080-exec-9" daemon [_thread_blocked, id=20516, stack(0x0000005fe4600000,0x0000005fe4700000)]
  0x000001eb829abd60 JavaThread "http-nio-8080-exec-10" daemon [_thread_blocked, id=7124, stack(0x0000005fe4700000,0x0000005fe4800000)]
  0x000001eb829af7d0 JavaThread "http-nio-8080-Poller" daemon [_thread_in_native, id=7616, stack(0x0000005fe4800000,0x0000005fe4900000)]
  0x000001eb829ac2b0 JavaThread "http-nio-8080-Acceptor" daemon [_thread_in_native, id=22296, stack(0x0000005fe4900000,0x0000005fe4a00000)]
  0x000001eb829ae290 JavaThread "DestroyJavaVM" [_thread_blocked, id=320, stack(0x0000005fe0400000,0x0000005fe0500000)]

Other Threads:
  0x000001ebf533dea0 VMThread "VM Thread" [stack: 0x0000005fe0a00000,0x0000005fe0b00000] [id=20076] _threads_hazard_ptr=0x000001ebfc638770
  0x000001ebf9989a20 WatcherThread "VM Periodic Task Thread" [stack: 0x0000005fe1a00000,0x0000005fe1b00000] [id=8540]
  0x000001ebcf6cd0f0 WorkerThread "GC Thread#0" [stack: 0x0000005fe0500000,0x0000005fe0600000] [id=4056]
  0x000001ebfa9a7490 WorkerThread "GC Thread#1" [stack: 0x0000005fe1e00000,0x0000005fe1f00000] [id=5008]
  0x000001ebfa9a71c0 WorkerThread "GC Thread#2" [stack: 0x0000005fe1f00000,0x0000005fe2000000] [id=22872]
  0x000001ebfa9a6ef0 WorkerThread "GC Thread#3" [stack: 0x0000005fe2000000,0x0000005fe2100000] [id=21372]
  0x000001ebfa9a7760 WorkerThread "GC Thread#4" [stack: 0x0000005fe2100000,0x0000005fe2200000] [id=4740]
  0x000001ebfa9a6680 WorkerThread "GC Thread#5" [stack: 0x0000005fe2200000,0x0000005fe2300000] [id=22064]
  0x000001ebfa9a6950 WorkerThread "GC Thread#6" [stack: 0x0000005fe2300000,0x0000005fe2400000] [id=21420]
  0x000001ebfa9a60e0 WorkerThread "GC Thread#7" [stack: 0x0000005fe2500000,0x0000005fe2600000] [id=12876]
  0x000001ebfa9a63b0 WorkerThread "GC Thread#8" [stack: 0x0000005fe2600000,0x0000005fe2700000] [id=18608]
  0x000001ebfabbb920 WorkerThread "GC Thread#9" [stack: 0x0000005fe2700000,0x0000005fe2800000] [id=1572]
  0x000001ebfabbc460 WorkerThread "GC Thread#10" [stack: 0x0000005fe2800000,0x0000005fe2900000] [id=21988]
  0x000001ebfabbade0 WorkerThread "GC Thread#11" [stack: 0x0000005fe2900000,0x0000005fe2a00000] [id=11640]
  0x000001ebfabbc190 WorkerThread "GC Thread#12" [stack: 0x0000005fe2a00000,0x0000005fe2b00000] [id=7132]
  0x000001ebcf6de0f0 ConcurrentGCThread "G1 Main Marker" [stack: 0x0000005fe0600000,0x0000005fe0700000] [id=22612]
  0x000001ebcf6dfb30 WorkerThread "G1 Conc#0" [stack: 0x0000005fe0700000,0x0000005fe0800000] [id=15124]
  0x000001ebfabbbec0 WorkerThread "G1 Conc#1" [stack: 0x0000005fe2b00000,0x0000005fe2c00000] [id=13004]
  0x000001ebfabbb380 WorkerThread "G1 Conc#2" [stack: 0x0000005fe2c00000,0x0000005fe2d00000] [id=22004]
  0x000001ebf51fe290 ConcurrentGCThread "G1 Refine#0" [stack: 0x0000005fe0800000,0x0000005fe0900000] [id=23312]
  0x000001ebf51fedd0 ConcurrentGCThread "G1 Service" [stack: 0x0000005fe0900000,0x0000005fe0a00000] [id=7440]

Threads with active compile tasks:

VM state: synchronizing (normal execution)

VM Mutex/Monitor currently owned by a thread:  ([mutex/lock_event])
[0x000001ebcf64f4a0] Threads_lock - owner thread: 0x000001ebf533dea0

Heap address: 0x0000000701000000, size: 4080 MB, Compressed Oops mode: Zero based, Oop shift amount: 3

CDS archive(s) mapped at: [0x0000000800000000-0x0000000800c40000-0x0000000800c40000), size 12845056, SharedBaseAddress: 0x0000000800000000, ArchiveRelocationMode: 0.
Compressed class space mapped at: 0x0000000801000000-0x0000000841000000, reserved size: 1073741824
Narrow klass base: 0x0000000800000000, Narrow klass shift: 0, Narrow klass range: 0x100000000

GC Precious Log:
 CardTable entry size: 512
 Card Set container configuration: InlinePtr #cards 4 size 8 Array Of Cards #cards 16 size 48 Howl #buckets 8 coarsen threshold 3686 Howl Bitmap #cards 512 size 80 coarsen threshold 460 Card regions per heap region 1 cards per card region 4096
 CPUs: 16 total, 16 available
 Memory: 16315M
 Large Page Support: Disabled
 NUMA Support: Disabled
 Compressed Oops: Enabled (Zero based)
 Heap Region Size: 2M
 Heap Min Capacity: 8M
 Heap Initial Capacity: 256M
 Heap Max Capacity: 4080M
 Pre-touch: Disabled
 Parallel Workers: 13
 Concurrent Workers: 3
 Concurrent Refinement Workers: 13
 Periodic GC: Disabled

Heap:
 garbage-first heap   total 212992K, used 146612K [0x0000000701000000, 0x0000000800000000)
  region size 2048K, 47 young (96256K), 1 survivors (2048K)
 Metaspace       used 75751K, committed 76352K, reserved 1179648K
  class space    used 8925K, committed 9216K, reserved 1048576K

Heap Regions: E=young(eden), S=young(survivor), O=old, HS=humongous(starts), HC=humongous(continues), CS=collection set, F=free, OA=open archive, CA=closed archive, TAMS=top-at-mark-start (previous, next)
|   0|0x0000000701000000, 0x0000000701200000, 0x0000000701200000|100%| O|  |TAMS 0x0000000701200000, 0x0000000701000000| Untracked 
|   1|0x0000000701200000, 0x0000000701400000, 0x0000000701400000|100%|HS|  |TAMS 0x0000000701200000, 0x0000000701200000| Complete 
|   2|0x0000000701400000, 0x0000000701600000, 0x0000000701600000|100%| O|  |TAMS 0x0000000701600000, 0x0000000701400000| Untracked 
|   3|0x0000000701600000, 0x0000000701800000, 0x0000000701800000|100%| O|  |TAMS 0x0000000701800000, 0x0000000701600000| Untracked 
|   4|0x0000000701800000, 0x0000000701a00000, 0x0000000701a00000|100%| O|  |TAMS 0x0000000701a00000, 0x0000000701800000| Untracked 
|   5|0x0000000701a00000, 0x0000000701c00000, 0x0000000701c00000|100%| O|  |TAMS 0x0000000701c00000, 0x0000000701a00000| Untracked 
|   6|0x0000000701c00000, 0x0000000701e00000, 0x0000000701e00000|100%| O|  |TAMS 0x0000000701e00000, 0x0000000701c00000| Untracked 
|   7|0x0000000701e00000, 0x0000000702000000, 0x0000000702000000|100%| O|  |TAMS 0x0000000702000000, 0x0000000701e00000| Untracked 
|   8|0x0000000702000000, 0x0000000702200000, 0x0000000702200000|100%| O|  |TAMS 0x0000000702000000, 0x0000000702000000| Untracked 
|   9|0x0000000702200000, 0x0000000702400000, 0x0000000702400000|100%| O|  |TAMS 0x0000000702400000, 0x0000000702200000| Untracked 
|  10|0x0000000702400000, 0x0000000702600000, 0x0000000702600000|100%| O|  |TAMS 0x0000000702600000, 0x0000000702400000| Untracked 
|  11|0x0000000702600000, 0x0000000702800000, 0x0000000702800000|100%| O|  |TAMS 0x000000070270e400, 0x0000000702600000| Untracked 
|  12|0x0000000702800000, 0x0000000702a00000, 0x0000000702a00000|100%| O|  |TAMS 0x0000000702800000, 0x0000000702800000| Untracked 
|  13|0x0000000702a00000, 0x0000000702c00000, 0x0000000702c00000|100%|HS|  |TAMS 0x0000000702a00000, 0x0000000702a00000| Complete 
|  14|0x0000000702c00000, 0x0000000702e00000, 0x0000000702e00000|100%|HS|  |TAMS 0x0000000702c00000, 0x0000000702c00000| Complete 
|  15|0x0000000702e00000, 0x0000000703000000, 0x0000000703000000|100%| O|  |TAMS 0x0000000702e00000, 0x0000000702e00000| Untracked 
|  16|0x0000000703000000, 0x0000000703200000, 0x0000000703200000|100%| O|  |TAMS 0x0000000703000000, 0x0000000703000000| Untracked 
|  17|0x0000000703200000, 0x0000000703400000, 0x0000000703400000|100%| O|  |TAMS 0x0000000703200000, 0x0000000703200000| Untracked 
|  18|0x0000000703400000, 0x0000000703600000, 0x0000000703600000|100%|HS|  |TAMS 0x0000000703400000, 0x0000000703400000| Complete 
|  19|0x0000000703600000, 0x0000000703800000, 0x0000000703800000|100%|HS|  |TAMS 0x0000000703600000, 0x0000000703600000| Complete 
|  20|0x0000000703800000, 0x0000000703a00000, 0x0000000703a00000|100%|HS|  |TAMS 0x0000000703800000, 0x0000000703800000| Complete 
|  21|0x0000000703a00000, 0x0000000703c00000, 0x0000000703c00000|100%|HS|  |TAMS 0x0000000703a00000, 0x0000000703a00000| Complete 
|  22|0x0000000703c00000, 0x0000000703e00000, 0x0000000703e00000|100%| O|  |TAMS 0x0000000703c00000, 0x0000000703c00000| Untracked 
|  23|0x0000000703e00000, 0x0000000704000000, 0x0000000704000000|100%|HS|  |TAMS 0x0000000703e00000, 0x0000000703e00000| Complete 
|  24|0x0000000704000000, 0x0000000704200000, 0x0000000704200000|100%| O|  |TAMS 0x0000000704000000, 0x0000000704000000| Untracked 
|  25|0x0000000704200000, 0x0000000704360c00, 0x0000000704400000| 68%| O|  |TAMS 0x0000000704200000, 0x0000000704200000| Untracked 
|  26|0x0000000704400000, 0x0000000704400000, 0x0000000704600000|  0%| F|  |TAMS 0x0000000704400000, 0x0000000704400000| Untracked 
|  27|0x0000000704600000, 0x0000000704600000, 0x0000000704800000|  0%| F|  |TAMS 0x0000000704600000, 0x0000000704600000| Untracked 
|  28|0x0000000704800000, 0x0000000704800000, 0x0000000704a00000|  0%| F|  |TAMS 0x0000000704800000, 0x0000000704800000| Untracked 
|  29|0x0000000704a00000, 0x0000000704a00000, 0x0000000704c00000|  0%| F|  |TAMS 0x0000000704a00000, 0x0000000704a00000| Untracked 
|  30|0x0000000704c00000, 0x0000000704c00000, 0x0000000704e00000|  0%| F|  |TAMS 0x0000000704c00000, 0x0000000704c00000| Untracked 
|  31|0x0000000704e00000, 0x0000000704e00000, 0x0000000705000000|  0%| F|  |TAMS 0x0000000704e00000, 0x0000000704e00000| Untracked 
|  32|0x0000000705000000, 0x0000000705000000, 0x0000000705200000|  0%| F|  |TAMS 0x0000000705000000, 0x0000000705000000| Untracked 
|  33|0x0000000705200000, 0x0000000705200000, 0x0000000705400000|  0%| F|  |TAMS 0x0000000705200000, 0x0000000705200000| Untracked 
|  34|0x0000000705400000, 0x0000000705400000, 0x0000000705600000|  0%| F|  |TAMS 0x0000000705400000, 0x0000000705400000| Untracked 
|  35|0x0000000705600000, 0x0000000705600000, 0x0000000705800000|  0%| F|  |TAMS 0x0000000705600000, 0x0000000705600000| Untracked 
|  36|0x0000000705800000, 0x0000000705800000, 0x0000000705a00000|  0%| F|  |TAMS 0x0000000705800000, 0x0000000705800000| Untracked 
|  37|0x0000000705a00000, 0x0000000705a00000, 0x0000000705c00000|  0%| F|  |TAMS 0x0000000705a00000, 0x0000000705a00000| Untracked 
|  38|0x0000000705c00000, 0x0000000705c00000, 0x0000000705e00000|  0%| F|  |TAMS 0x0000000705c00000, 0x0000000705c00000| Untracked 
|  39|0x0000000705e00000, 0x0000000705e00000, 0x0000000706000000|  0%| F|  |TAMS 0x0000000705e00000, 0x0000000705e00000| Untracked 
|  40|0x0000000706000000, 0x0000000706000000, 0x0000000706200000|  0%| F|  |TAMS 0x0000000706000000, 0x0000000706000000| Untracked 
|  41|0x0000000706200000, 0x00000007063cc440, 0x0000000706400000| 89%| S|CS|TAMS 0x0000000706200000, 0x0000000706200000| Complete 
|  42|0x0000000706400000, 0x0000000706400000, 0x0000000706600000|  0%| F|  |TAMS 0x0000000706400000, 0x0000000706400000| Untracked 
|  43|0x0000000706600000, 0x0000000706600000, 0x0000000706800000|  0%| F|  |TAMS 0x0000000706600000, 0x0000000706600000| Untracked 
|  44|0x0000000706800000, 0x0000000706800000, 0x0000000706a00000|  0%| F|  |TAMS 0x0000000706800000, 0x0000000706800000| Untracked 
|  45|0x0000000706a00000, 0x0000000706a00000, 0x0000000706c00000|  0%| F|  |TAMS 0x0000000706a00000, 0x0000000706a00000| Untracked 
|  46|0x0000000706c00000, 0x0000000706c00000, 0x0000000706e00000|  0%| F|  |TAMS 0x0000000706c00000, 0x0000000706c00000| Untracked 
|  47|0x0000000706e00000, 0x0000000706e00000, 0x0000000707000000|  0%| F|  |TAMS 0x0000000706e00000, 0x0000000706e00000| Untracked 
|  48|0x0000000707000000, 0x0000000707000000, 0x0000000707200000|  0%| F|  |TAMS 0x0000000707000000, 0x0000000707000000| Untracked 
|  49|0x0000000707200000, 0x0000000707200000, 0x0000000707400000|  0%| F|  |TAMS 0x0000000707200000, 0x0000000707200000| Untracked 
|  50|0x0000000707400000, 0x0000000707400000, 0x0000000707600000|  0%| F|  |TAMS 0x0000000707400000, 0x0000000707400000| Untracked 
|  51|0x0000000707600000, 0x0000000707600000, 0x0000000707800000|  0%| F|  |TAMS 0x0000000707600000, 0x0000000707600000| Untracked 
|  52|0x0000000707800000, 0x0000000707800000, 0x0000000707a00000|  0%| F|  |TAMS 0x0000000707800000, 0x0000000707800000| Untracked 
|  53|0x0000000707a00000, 0x0000000707a00000, 0x0000000707c00000|  0%| F|  |TAMS 0x0000000707a00000, 0x0000000707a00000| Untracked 
|  54|0x0000000707c00000, 0x0000000707c00000, 0x0000000707e00000|  0%| F|  |TAMS 0x0000000707c00000, 0x0000000707c00000| Untracked 
|  55|0x0000000707e00000, 0x0000000707e00000, 0x0000000708000000|  0%| F|  |TAMS 0x0000000707e00000, 0x0000000707e00000| Untracked 
|  56|0x0000000708000000, 0x0000000708000000, 0x0000000708200000|  0%| F|  |TAMS 0x0000000708000000, 0x0000000708000000| Untracked 
|  57|0x0000000708200000, 0x0000000708200000, 0x0000000708400000|  0%| F|  |TAMS 0x0000000708200000, 0x0000000708200000| Untracked 
|  58|0x0000000708400000, 0x0000000708600000, 0x0000000708600000|100%| E|  |TAMS 0x0000000708400000, 0x0000000708400000| Complete 
|  59|0x0000000708600000, 0x0000000708800000, 0x0000000708800000|100%| E|CS|TAMS 0x0000000708600000, 0x0000000708600000| Complete 
|  60|0x0000000708800000, 0x0000000708a00000, 0x0000000708a00000|100%| E|CS|TAMS 0x0000000708800000, 0x0000000708800000| Complete 
|  61|0x0000000708a00000, 0x0000000708c00000, 0x0000000708c00000|100%| E|CS|TAMS 0x0000000708a00000, 0x0000000708a00000| Complete 
|  62|0x0000000708c00000, 0x0000000708e00000, 0x0000000708e00000|100%| E|CS|TAMS 0x0000000708c00000, 0x0000000708c00000| Complete 
|  63|0x0000000708e00000, 0x0000000709000000, 0x0000000709000000|100%| E|CS|TAMS 0x0000000708e00000, 0x0000000708e00000| Complete 
|  64|0x0000000709000000, 0x0000000709200000, 0x0000000709200000|100%| E|CS|TAMS 0x0000000709000000, 0x0000000709000000| Complete 
|  65|0x0000000709200000, 0x0000000709400000, 0x0000000709400000|100%| E|CS|TAMS 0x0000000709200000, 0x0000000709200000| Complete 
|  66|0x0000000709400000, 0x0000000709600000, 0x0000000709600000|100%| E|CS|TAMS 0x0000000709400000, 0x0000000709400000| Complete 
|  67|0x0000000709600000, 0x0000000709800000, 0x0000000709800000|100%| E|CS|TAMS 0x0000000709600000, 0x0000000709600000| Complete 
|  68|0x0000000709800000, 0x0000000709a00000, 0x0000000709a00000|100%| E|CS|TAMS 0x0000000709800000, 0x0000000709800000| Complete 
|  69|0x0000000709a00000, 0x0000000709c00000, 0x0000000709c00000|100%| E|CS|TAMS 0x0000000709a00000, 0x0000000709a00000| Complete 
|  70|0x0000000709c00000, 0x0000000709e00000, 0x0000000709e00000|100%| E|CS|TAMS 0x0000000709c00000, 0x0000000709c00000| Complete 
|  71|0x0000000709e00000, 0x000000070a000000, 0x000000070a000000|100%| E|CS|TAMS 0x0000000709e00000, 0x0000000709e00000| Complete 
|  72|0x000000070a000000, 0x000000070a200000, 0x000000070a200000|100%| E|CS|TAMS 0x000000070a000000, 0x000000070a000000| Complete 
|  73|0x000000070a200000, 0x000000070a400000, 0x000000070a400000|100%| E|CS|TAMS 0x000000070a200000, 0x000000070a200000| Complete 
|  74|0x000000070a400000, 0x000000070a600000, 0x000000070a600000|100%| E|CS|TAMS 0x000000070a400000, 0x000000070a400000| Complete 
|  75|0x000000070a600000, 0x000000070a800000, 0x000000070a800000|100%| E|CS|TAMS 0x000000070a600000, 0x000000070a600000| Complete 
|  76|0x000000070a800000, 0x000000070aa00000, 0x000000070aa00000|100%| E|CS|TAMS 0x000000070a800000, 0x000000070a800000| Complete 
|  77|0x000000070aa00000, 0x000000070ac00000, 0x000000070ac00000|100%| E|CS|TAMS 0x000000070aa00000, 0x000000070aa00000| Complete 
|  78|0x000000070ac00000, 0x000000070ae00000, 0x000000070ae00000|100%| E|CS|TAMS 0x000000070ac00000, 0x000000070ac00000| Complete 
|  79|0x000000070ae00000, 0x000000070b000000, 0x000000070b000000|100%| E|CS|TAMS 0x000000070ae00000, 0x000000070ae00000| Complete 
|  80|0x000000070b000000, 0x000000070b200000, 0x000000070b200000|100%| E|CS|TAMS 0x000000070b000000, 0x000000070b000000| Complete 
|  81|0x000000070b200000, 0x000000070b400000, 0x000000070b400000|100%| E|CS|TAMS 0x000000070b200000, 0x000000070b200000| Complete 
|  82|0x000000070b400000, 0x000000070b600000, 0x000000070b600000|100%| E|CS|TAMS 0x000000070b400000, 0x000000070b400000| Complete 
|  83|0x000000070b600000, 0x000000070b800000, 0x000000070b800000|100%| E|CS|TAMS 0x000000070b600000, 0x000000070b600000| Complete 
|  84|0x000000070b800000, 0x000000070ba00000, 0x000000070ba00000|100%| E|CS|TAMS 0x000000070b800000, 0x000000070b800000| Complete 
|  85|0x000000070ba00000, 0x000000070bc00000, 0x000000070bc00000|100%| E|CS|TAMS 0x000000070ba00000, 0x000000070ba00000| Complete 
|  86|0x000000070bc00000, 0x000000070be00000, 0x000000070be00000|100%| E|CS|TAMS 0x000000070bc00000, 0x000000070bc00000| Complete 
|  87|0x000000070be00000, 0x000000070c000000, 0x000000070c000000|100%| E|CS|TAMS 0x000000070be00000, 0x000000070be00000| Complete 
|  88|0x000000070c000000, 0x000000070c200000, 0x000000070c200000|100%| E|CS|TAMS 0x000000070c000000, 0x000000070c000000| Complete 
|  89|0x000000070c200000, 0x000000070c400000, 0x000000070c400000|100%| E|CS|TAMS 0x000000070c200000, 0x000000070c200000| Complete 
|  90|0x000000070c400000, 0x000000070c600000, 0x000000070c600000|100%| E|CS|TAMS 0x000000070c400000, 0x000000070c400000| Complete 
|  91|0x000000070c600000, 0x000000070c800000, 0x000000070c800000|100%| E|CS|TAMS 0x000000070c600000, 0x000000070c600000| Complete 
|  92|0x000000070c800000, 0x000000070ca00000, 0x000000070ca00000|100%| E|CS|TAMS 0x000000070c800000, 0x000000070c800000| Complete 
|  93|0x000000070ca00000, 0x000000070cc00000, 0x000000070cc00000|100%| E|CS|TAMS 0x000000070ca00000, 0x000000070ca00000| Complete 
|  94|0x000000070cc00000, 0x000000070ce00000, 0x000000070ce00000|100%| E|CS|TAMS 0x000000070cc00000, 0x000000070cc00000| Complete 
|  95|0x000000070ce00000, 0x000000070d000000, 0x000000070d000000|100%| E|CS|TAMS 0x000000070ce00000, 0x000000070ce00000| Complete 
|  96|0x000000070d000000, 0x000000070d200000, 0x000000070d200000|100%| E|CS|TAMS 0x000000070d000000, 0x000000070d000000| Complete 
|  97|0x000000070d200000, 0x000000070d400000, 0x000000070d400000|100%| E|CS|TAMS 0x000000070d200000, 0x000000070d200000| Complete 
|  98|0x000000070d400000, 0x000000070d600000, 0x000000070d600000|100%| E|CS|TAMS 0x000000070d400000, 0x000000070d400000| Complete 
|  99|0x000000070d600000, 0x000000070d800000, 0x000000070d800000|100%| E|CS|TAMS 0x000000070d600000, 0x000000070d600000| Complete 
| 100|0x000000070d800000, 0x000000070da00000, 0x000000070da00000|100%| E|CS|TAMS 0x000000070d800000, 0x000000070d800000| Complete 
| 101|0x000000070da00000, 0x000000070dc00000, 0x000000070dc00000|100%| E|CS|TAMS 0x000000070da00000, 0x000000070da00000| Complete 
| 102|0x000000070dc00000, 0x000000070de00000, 0x000000070de00000|100%| E|CS|TAMS 0x000000070dc00000, 0x000000070dc00000| Complete 
| 127|0x0000000710e00000, 0x0000000711000000, 0x0000000711000000|100%| E|CS|TAMS 0x0000000710e00000, 0x0000000710e00000| Complete 

Card table byte_map: [0x000001ebe9570000,0x000001ebe9d70000] _byte_map_base: 0x000001ebe5d68000

Marking Bits (Prev, Next): (CMBitMap*) 0x000001ebcf6cd760, (CMBitMap*) 0x000001ebcf6cd720
 Prev Bits: [0x000001ebee530000, 0x000001ebf24f0000)
 Next Bits: [0x000001ebea570000, 0x000001ebee530000)

Polling page: 0x000001ebcf710000

Metaspace:

Usage:
  Non-class:     65.26 MB used.
      Class:      8.72 MB used.
       Both:     73.98 MB used.

Virtual space:
  Non-class space:      128.00 MB reserved,      65.56 MB ( 51%) committed,  2 nodes.
      Class space:        1.00 GB reserved,       9.00 MB ( <1%) committed,  1 nodes.
             Both:        1.12 GB reserved,      74.56 MB (  6%) committed. 

Chunk freelists:
   Non-Class:  2.38 MB
       Class:  2.82 MB
        Both:  5.20 MB

MaxMetaspaceSize: unlimited
CompressedClassSpaceSize: 1.00 GB
Initial GC threshold: 21.00 MB
Current GC threshold: 98.75 MB
CDS: on
MetaspaceReclaimPolicy: balanced
 - commit_granule_bytes: 65536.
 - commit_granule_words: 8192.
 - virtual_space_node_default_size: 8388608.
 - enlarge_chunks_in_place: 1.
 - new_chunks_are_fully_committed: 0.
 - uncommit_free_chunks: 1.
 - use_allocation_guard: 0.


Internal statistics:

num_allocs_failed_limit: 9.
num_arena_births: 960.
num_arena_deaths: 0.
num_vsnodes_births: 3.
num_vsnodes_deaths: 0.
num_space_committed: 1193.
num_space_uncommitted: 0.
num_chunks_returned_to_freelist: 9.
num_chunks_taken_from_freelist: 3562.
num_chunk_merges: 9.
num_chunk_splits: 2590.
num_chunks_enlarged: 2088.
num_inconsistent_stats: 0.

CodeHeap 'non-profiled nmethods': size=119168Kb used=11365Kb max_used=11365Kb free=107802Kb
 bounds [0x000001ebe0960000, 0x000001ebe1480000, 0x000001ebe7dc0000]
CodeHeap 'profiled nmethods': size=119104Kb used=16992Kb max_used=22368Kb free=102111Kb
 bounds [0x000001ebd8dc0000, 0x000001ebda3a0000, 0x000001ebe0210000]
CodeHeap 'non-nmethods': size=7488Kb used=1557Kb max_used=3354Kb free=5930Kb
 bounds [0x000001ebe0210000, 0x000001ebe0570000, 0x000001ebe0960000]
 total_blobs=10515 nmethods=9753 adapters=672
 compilation: enabled
              stopped_count=0, restarted_count=0
 full_count=0

Compilation events (20 events):
Event: 34.308 Thread 0x000001ebf9820090 13679   !   4       com.fasterxml.jackson.databind.deser.std.MapDeserializer::_readAndBindStringKeyMap (302 bytes)
Event: 34.320 Thread 0x000001ebf9820090 nmethod 13679 0x000001ebe1474a90 code [0x000001ebe1474d00, 0x000001ebe1475a50]
Event: 34.432 Thread 0x000001ebf9820090 13680       4       jdk.internal.misc.Unsafe::putIntUnaligned (14 bytes)
Event: 34.432 Thread 0x000001ebf9820090 nmethod 13680 0x000001ebe1476810 code [0x000001ebe14769a0, 0x000001ebe1476a58]
Event: 34.433 Thread 0x000001ebf9820090 13681       4       java.util.HashSet::remove (20 bytes)
Event: 34.434 Thread 0x000001ebf9820090 nmethod 13681 0x000001ebe1476b10 code [0x000001ebe1476cc0, 0x000001ebe1476f98]
Event: 34.492 Thread 0x000001ebf9821a10 13682       3       org.apache.kafka.common.metrics.stats.SampledStat::newSample (13 bytes)
Event: 34.492 Thread 0x000001ebf9821a10 nmethod 13682 0x000001ebd9417410 code [0x000001ebd94175c0, 0x000001ebd94177f8]
Event: 34.492 Thread 0x000001ebf9821a10 13683       3       org.apache.kafka.common.metrics.stats.SampledStat::record (50 bytes)
Event: 34.492 Thread 0x000001ebf9821a10 nmethod 13683 0x000001ebd97d9f90 code [0x000001ebd97da160, 0x000001ebd97da668]
Event: 34.493 Thread 0x000001ebf9821a10 13684       3       org.apache.kafka.common.metrics.stats.Meter::record (44 bytes)
Event: 34.493 Thread 0x000001ebf9821a10 nmethod 13684 0x000001ebd8dd3910 code [0x000001ebd8dd3b00, 0x000001ebd8dd3ed8]
Event: 34.493 Thread 0x000001ebf9821a10 13685       3       org.apache.kafka.common.metrics.stats.Rate::record (12 bytes)
Event: 34.493 Thread 0x000001ebf9821a10 nmethod 13685 0x000001ebd951c090 code [0x000001ebd951c240, 0x000001ebd951c448]
Event: 34.954 Thread 0x000001ebf9821a10 13686       3       java.util.concurrent.ScheduledThreadPoolExecutor$DelayedWorkQueue::setIndex (16 bytes)
Event: 34.954 Thread 0x000001ebf9821a10 nmethod 13686 0x000001ebd9b42e10 code [0x000001ebd9b42fc0, 0x000001ebd9b432d8]
Event: 35.093 Thread 0x000001ebf9820090 13687       4       com.mysql.cj.result.UtilCalendarValueFactory::<init> (16 bytes)
Event: 35.098 Thread 0x000001ebf9820090 nmethod 13687 0x000001ebe1477190 code [0x000001ebe1477380, 0x000001ebe1477d08]
Event: 35.098 Thread 0x000001ebf9820090 13688       4       com.mysql.cj.result.OffsetDateTimeValueFactory::<init> (16 bytes)
Event: 35.104 Thread 0x000001ebf9820090 nmethod 13688 0x000001ebe1478310 code [0x000001ebe1478500, 0x000001ebe1478e88]

GC Heap History (20 events):
Event: 25.045 GC heap before
{Heap before GC invocations=35 (full 0):
 garbage-first heap   total 212992K, used 177275K [0x0000000701000000, 0x0000000800000000)
  region size 2048K, 62 young (126976K), 2 survivors (4096K)
 Metaspace       used 75687K, committed 76352K, reserved 1179648K
  class space    used 8920K, committed 9216K, reserved 1048576K
}
Event: 25.047 GC heap after
{Heap after GC invocations=36 (full 0):
 garbage-first heap   total 212992K, used 50220K [0x0000000701000000, 0x0000000800000000)
  region size 2048K, 1 young (2048K), 1 survivors (2048K)
 Metaspace       used 75687K, committed 76352K, reserved 1179648K
  class space    used 8920K, committed 9216K, reserved 1048576K
}
Event: 25.973 GC heap before
{Heap before GC invocations=36 (full 0):
 garbage-first heap   total 212992K, used 179244K [0x0000000701000000, 0x0000000800000000)
  region size 2048K, 62 young (126976K), 1 survivors (2048K)
 Metaspace       used 75700K, committed 76352K, reserved 1179648K
  class space    used 8923K, committed 9216K, reserved 1048576K
}
Event: 25.975 GC heap after
{Heap after GC invocations=37 (full 0):
 garbage-first heap   total 212992K, used 48528K [0x0000000701000000, 0x0000000800000000)
  region size 2048K, 2 young (4096K), 2 survivors (4096K)
 Metaspace       used 75700K, committed 76352K, reserved 1179648K
  class space    used 8923K, committed 9216K, reserved 1048576K
}
Event: 26.651 GC heap before
{Heap before GC invocations=37 (full 0):
 garbage-first heap   total 212992K, used 175504K [0x0000000701000000, 0x0000000800000000)
  region size 2048K, 62 young (126976K), 2 survivors (4096K)
 Metaspace       used 75701K, committed 76352K, reserved 1179648K
  class space    used 8923K, committed 9216K, reserved 1048576K
}
Event: 26.652 GC heap after
{Heap after GC invocations=38 (full 0):
 garbage-first heap   total 212992K, used 50688K [0x0000000701000000, 0x0000000800000000)
  region size 2048K, 2 young (4096K), 2 survivors (4096K)
 Metaspace       used 75701K, committed 76352K, reserved 1179648K
  class space    used 8923K, committed 9216K, reserved 1048576K
}
Event: 27.248 GC heap before
{Heap before GC invocations=38 (full 0):
 garbage-first heap   total 212992K, used 179712K [0x0000000701000000, 0x0000000800000000)
  region size 2048K, 62 young (126976K), 2 survivors (4096K)
 Metaspace       used 75705K, committed 76352K, reserved 1179648K
  class space    used 8924K, committed 9216K, reserved 1048576K
}
Event: 27.249 GC heap after
{Heap after GC invocations=39 (full 0):
 garbage-first heap   total 212992K, used 52300K [0x0000000701000000, 0x0000000800000000)
  region size 2048K, 1 young (2048K), 1 survivors (2048K)
 Metaspace       used 75705K, committed 76352K, reserved 1179648K
  class space    used 8924K, committed 9216K, reserved 1048576K
}
Event: 28.678 GC heap before
{Heap before GC invocations=39 (full 0):
 garbage-first heap   total 212992K, used 181324K [0x0000000701000000, 0x0000000800000000)
  region size 2048K, 62 young (126976K), 1 survivors (2048K)
 Metaspace       used 75737K, committed 76352K, reserved 1179648K
  class space    used 8924K, committed 9216K, reserved 1048576K
}
Event: 28.681 GC heap after
{Heap after GC invocations=40 (full 0):
 garbage-first heap   total 212992K, used 52355K [0x0000000701000000, 0x0000000800000000)
  region size 2048K, 1 young (2048K), 1 survivors (2048K)
 Metaspace       used 75737K, committed 76352K, reserved 1179648K
  class space    used 8924K, committed 9216K, reserved 1048576K
}
Event: 29.972 GC heap before
{Heap before GC invocations=40 (full 0):
 garbage-first heap   total 212992K, used 179331K [0x0000000701000000, 0x0000000800000000)
  region size 2048K, 62 young (126976K), 1 survivors (2048K)
 Metaspace       used 75738K, committed 76352K, reserved 1179648K
  class space    used 8924K, committed 9216K, reserved 1048576K
}
Event: 29.974 GC heap after
{Heap after GC invocations=41 (full 0):
 garbage-first heap   total 212992K, used 50731K [0x0000000701000000, 0x0000000800000000)
  region size 2048K, 2 young (4096K), 2 survivors (4096K)
 Metaspace       used 75738K, committed 76352K, reserved 1179648K
  class space    used 8924K, committed 9216K, reserved 1048576K
}
Event: 31.158 GC heap before
{Heap before GC invocations=41 (full 0):
 garbage-first heap   total 212992K, used 177707K [0x0000000701000000, 0x0000000800000000)
  region size 2048K, 62 young (126976K), 2 survivors (4096K)
 Metaspace       used 75739K, committed 76352K, reserved 1179648K
  class space    used 8924K, committed 9216K, reserved 1048576K
}
Event: 31.160 GC heap after
{Heap after GC invocations=42 (full 0):
 garbage-first heap   total 212992K, used 50767K [0x0000000701000000, 0x0000000800000000)
  region size 2048K, 2 young (4096K), 2 survivors (4096K)
 Metaspace       used 75739K, committed 76352K, reserved 1179648K
  class space    used 8924K, committed 9216K, reserved 1048576K
}
Event: 32.282 GC heap before
{Heap before GC invocations=42 (full 0):
 garbage-first heap   total 212992K, used 175695K [0x0000000701000000, 0x0000000800000000)
  region size 2048K, 62 young (126976K), 2 survivors (4096K)
 Metaspace       used 75740K, committed 76352K, reserved 1179648K
  class space    used 8924K, committed 9216K, reserved 1048576K
}
Event: 32.283 GC heap after
{Heap after GC invocations=43 (full 0):
 garbage-first heap   total 212992K, used 48814K [0x0000000701000000, 0x0000000800000000)
  region size 2048K, 2 young (4096K), 2 survivors (4096K)
 Metaspace       used 75740K, committed 76352K, reserved 1179648K
  class space    used 8924K, committed 9216K, reserved 1048576K
}
Event: 33.334 GC heap before
{Heap before GC invocations=43 (full 0):
 garbage-first heap   total 212992K, used 175790K [0x0000000701000000, 0x0000000800000000)
  region size 2048K, 62 young (126976K), 2 survivors (4096K)
 Metaspace       used 75740K, committed 76352K, reserved 1179648K
  class space    used 8924K, committed 9216K, reserved 1048576K
}
Event: 33.335 GC heap after
{Heap after GC invocations=44 (full 0):
 garbage-first heap   total 212992K, used 48769K [0x0000000701000000, 0x0000000800000000)
  region size 2048K, 2 young (4096K), 2 survivors (4096K)
 Metaspace       used 75740K, committed 76352K, reserved 1179648K
  class space    used 8924K, committed 9216K, reserved 1048576K
}
Event: 34.399 GC heap before
{Heap before GC invocations=44 (full 0):
 garbage-first heap   total 212992K, used 175745K [0x0000000701000000, 0x0000000800000000)
  region size 2048K, 62 young (126976K), 2 survivors (4096K)
 Metaspace       used 75741K, committed 76352K, reserved 1179648K
  class space    used 8924K, committed 9216K, reserved 1048576K
}
Event: 34.400 GC heap after
{Heap after GC invocations=45 (full 0):
 garbage-first heap   total 212992K, used 52404K [0x0000000701000000, 0x0000000800000000)
  region size 2048K, 1 young (2048K), 1 survivors (2048K)
 Metaspace       used 75741K, committed 76352K, reserved 1179648K
  class space    used 8924K, committed 9216K, reserved 1048576K
}

Dll operation events (11 events):
Event: 0.004 Loaded shared library C:\Program Files\jdk-19.0.2\bin\java.dll
Event: 0.011 Loaded shared library C:\Program Files\jdk-19.0.2\bin\jsvml.dll
Event: 0.249 Loaded shared library C:\Program Files\jdk-19.0.2\bin\net.dll
Event: 0.249 Loaded shared library C:\Program Files\jdk-19.0.2\bin\nio.dll
Event: 0.251 Loaded shared library C:\Program Files\jdk-19.0.2\bin\zip.dll
Event: 0.325 Loaded shared library C:\Program Files\jdk-19.0.2\bin\jimage.dll
Event: 0.770 Loaded shared library C:\Program Files\jdk-19.0.2\bin\verify.dll
Event: 2.161 Loaded shared library C:\Program Files\jdk-19.0.2\bin\sunmscapi.dll
Event: 2.165 Loaded shared library C:\Program Files\jdk-19.0.2\bin\management.dll
Event: 2.166 Loaded shared library C:\Program Files\jdk-19.0.2\bin\management_ext.dll
Event: 2.754 Loaded shared library C:\Program Files\jdk-19.0.2\bin\extnet.dll

Deoptimization events (20 events):
Event: 31.160 Thread 0x000001eb829ac800 DEOPT PACKING pc=0x000001ebe0ccd280 sp=0x0000005fe1cfe4d0
Event: 31.160 Thread 0x000001eb829ac800 DEOPT UNPACKING pc=0x000001ebe0276da3 sp=0x0000005fe1cfe318 mode 2
Event: 31.160 Thread 0x000001eb829a92e0 Uncommon trap: trap_request=0xffffff45 fr.pc=0x000001ebe09b6d00 relative=0x0000000000000060
Event: 31.160 Thread 0x000001eb829a92e0 Uncommon trap: reason=unstable_if action=reinterpret pc=0x000001ebe09b6d00 method=java.lang.ref.ReferenceQueue.headIsNull()Z @ 4 c2
Event: 31.160 Thread 0x000001eb829a92e0 DEOPT PACKING pc=0x000001ebe09b6d00 sp=0x0000005fe24fe810
Event: 31.160 Thread 0x000001eb829a92e0 DEOPT UNPACKING pc=0x000001ebe0276da3 sp=0x0000005fe24fe738 mode 2
Event: 34.432 Thread 0x000001eb829a92e0 Uncommon trap: trap_request=0xffffff45 fr.pc=0x000001ebe1335808 relative=0x0000000000000488
Event: 34.432 Thread 0x000001eb829a92e0 Uncommon trap: reason=unstable_if action=reinterpret pc=0x000001ebe1335808 method=org.apache.kafka.common.metrics.stats.SampledStat$Sample.isComplete(JLorg/apache/kafka/common/metrics/MetricConfig;)Z @ 11 c2
Event: 34.432 Thread 0x000001eb829a92e0 DEOPT PACKING pc=0x000001ebe1335808 sp=0x0000005fe24fef20
Event: 34.432 Thread 0x000001eb829a92e0 DEOPT UNPACKING pc=0x000001ebe0276da3 sp=0x0000005fe24fed60 mode 2
Event: 34.432 Thread 0x000001eb829a92e0 Uncommon trap: trap_request=0xffffff45 fr.pc=0x000001ebe12dc9d4 relative=0x0000000000000274
Event: 34.432 Thread 0x000001eb829a92e0 Uncommon trap: reason=unstable_if action=reinterpret pc=0x000001ebe12dc9d4 method=org.apache.kafka.common.metrics.stats.SampledStat$Sample.isComplete(JLorg/apache/kafka/common/metrics/MetricConfig;)Z @ 11 c2
Event: 34.432 Thread 0x000001eb829a92e0 DEOPT PACKING pc=0x000001ebe12dc9d4 sp=0x0000005fe24fef50
Event: 34.432 Thread 0x000001eb829a92e0 DEOPT UNPACKING pc=0x000001ebe0276da3 sp=0x0000005fe24fee80 mode 2
Event: 34.432 Thread 0x000001eb829a92e0 Uncommon trap: trap_request=0xffffff45 fr.pc=0x000001ebe13346d4 relative=0x00000000000002f4
Event: 34.432 Thread 0x000001eb829a92e0 Uncommon trap: reason=unstable_if action=reinterpret pc=0x000001ebe13346d4 method=org.apache.kafka.common.metrics.stats.SampledStat$Sample.isComplete(JLorg/apache/kafka/common/metrics/MetricConfig;)Z @ 11 c2
Event: 34.432 Thread 0x000001eb829a92e0 DEOPT PACKING pc=0x000001ebe13346d4 sp=0x0000005fe24fee50
Event: 34.432 Thread 0x000001eb829a92e0 DEOPT UNPACKING pc=0x000001ebe0276da3 sp=0x0000005fe24fed48 mode 2
Event: 35.161 Thread 0x000001eb829afd20 DEOPT PACKING pc=0x000001ebd9c7adcc sp=0x0000005fe3efd320
Event: 35.161 Thread 0x000001eb829afd20 DEOPT UNPACKING pc=0x000001ebe0277543 sp=0x0000005fe3efc7c8 mode 0

Classes loaded (20 events):
Event: 5.058 Loading class sun/nio/cs/ThreadLocalCoders
Event: 5.058 Loading class sun/nio/cs/ThreadLocalCoders done
Event: 5.058 Loading class sun/nio/cs/ThreadLocalCoders$1
Event: 5.058 Loading class sun/nio/cs/ThreadLocalCoders$Cache
Event: 5.058 Loading class sun/nio/cs/ThreadLocalCoders$Cache done
Event: 5.058 Loading class sun/nio/cs/ThreadLocalCoders$1 done
Event: 5.058 Loading class sun/nio/cs/ThreadLocalCoders$2
Event: 5.059 Loading class sun/nio/cs/ThreadLocalCoders$2 done
Event: 6.215 Loading class java/util/concurrent/ConcurrentHashMap$EntrySpliterator
Event: 6.215 Loading class java/util/concurrent/ConcurrentHashMap$EntrySpliterator done
Event: 12.260 Loading class java/util/Collections$ReverseComparator
Event: 12.261 Loading class java/util/Collections$ReverseComparator done
Event: 12.261 Loading class java/util/Collections$ReverseComparator2
Event: 12.261 Loading class java/util/Collections$ReverseComparator2 done
Event: 15.064 Loading class java/util/concurrent/locks/StampedLock$Node
Event: 15.064 Loading class java/util/concurrent/locks/StampedLock$Node done
Event: 25.094 Loading class java/util/stream/ReduceOps$1
Event: 25.095 Loading class java/util/stream/ReduceOps$1 done
Event: 25.095 Loading class java/util/stream/ReduceOps$1ReducingSink
Event: 25.095 Loading class java/util/stream/ReduceOps$1ReducingSink done

Classes unloaded (0 events):
No events

Classes redefined (1 events):
Event: 35.182 Thread 0x000001ebf533dea0 redefined class name=org.disertatie.dbsync.test.TestController, count=1

Internal exceptions (20 events):
Event: 5.047 Thread 0x000001eb829afd20 Exception <a 'java/lang/NoSuchMethodError'{0x00000007045bf880}: 'java.lang.Object java.lang.invoke.DirectMethodHandle$Holder.invokeSpecial(java.lang.Object, java.lang.Object, java.lang.Object, java.lang.Object, java.lang.Object, long)'> (0x00000007045bf880) 
thrown [s\open\src\hotspot\share\interpreter\linkResolver.cpp, line 774]
Event: 5.047 Thread 0x000001eb829afd20 Exception <a 'java/lang/NoSuchMethodError'{0x00000007045c32d0}: 'java.lang.Object java.lang.invoke.Invokers$Holder.linkToTargetMethod(java.lang.Object, java.lang.Object, java.lang.Object, long, java.lang.Object)'> (0x00000007045c32d0) 
thrown [s\open\src\hotspot\share\interpreter\linkResolver.cpp, line 774]
Event: 5.233 Thread 0x000001eb829afd20 Implicit null exception at 0x000001ebe0a49546 to 0x000001ebe0a4961e
Event: 5.351 Thread 0x000001eb829afd20 Exception <a 'java/lang/NoSuchMethodError'{0x000000070c069558}: 'void java.lang.invoke.DirectMethodHandle$Holder.invokeSpecial(java.lang.Object, java.lang.Object, int)'> (0x000000070c069558) 
thrown [s\open\src\hotspot\share\interpreter\linkResolver.cpp, line 774]
Event: 5.351 Thread 0x000001eb829afd20 Exception <a 'java/lang/NoSuchMethodError'{0x000000070c06f930}: 'java.lang.Object java.lang.invoke.DirectMethodHandle$Holder.newInvokeSpecial(java.lang.Object, java.lang.Object, int)'> (0x000000070c06f930) 
thrown [s\open\src\hotspot\share\interpreter\linkResolver.cpp, line 774]
Event: 6.214 Thread 0x000001eb829ac800 Exception <a 'java/lang/NoSuchMethodError'{0x00000007083964c0}: 'long java.lang.invoke.DelegatingMethodHandle$Holder.reinvoke_L(java.lang.Object, java.lang.Object)'> (0x00000007083964c0) 
thrown [s\open\src\hotspot\share\interpreter\linkResolver.cpp, line 774]
Event: 7.933 Thread 0x000001eb829a92e0 Implicit null exception at 0x000001ebe0ac4f49 to 0x000001ebe0acc994
Event: 9.458 Thread 0x000001eb829a92e0 Implicit null exception at 0x000001ebe0dc83e5 to 0x000001ebe0dd05d4
Event: 10.036 Thread 0x000001eb829a92e0 Implicit null exception at 0x000001ebe0dde0e5 to 0x000001ebe0de62a8
Event: 10.036 Thread 0x000001eb829ac800 Implicit null exception at 0x000001ebe0dde0e5 to 0x000001ebe0de62a8
Event: 11.179 Thread 0x000001eb829ac800 Implicit null exception at 0x000001ebe0df2ac5 to 0x000001ebe0dfad10
Event: 11.926 Thread 0x000001eb829a92e0 Implicit null exception at 0x000001ebe0e07853 to 0x000001ebe0e0fc5c
Event: 12.742 Thread 0x000001eb829a92e0 Implicit null exception at 0x000001ebe0e1b046 to 0x000001ebe0e2353c
Event: 13.544 Thread 0x000001eb829a92e0 Implicit null exception at 0x000001ebe0dc8729 to 0x000001ebe0dd0c44
Event: 14.019 Thread 0x000001eb829ac800 Exception <a 'java/lang/NoSuchMethodError'{0x0000000709d24358}: 'void java.lang.invoke.DirectMethodHandle$Holder.invokeSpecial(java.lang.Object, java.lang.Object, java.lang.Object, java.lang.Object, java.lang.Object, java.lang.Object, java.lang.Object, java.lang.Object)'> (0x0000000709d24358) 
thrown [s\open\src\hotspot\share\interpreter\linkResolver.cpp, line 774]
Event: 18.101 Thread 0x000001eb829a92e0 Implicit null exception at 0x000001ebe0fcd040 to 0x000001ebe0fcd5fc
Event: 24.719 Thread 0x000001eb829ac800 Implicit null exception at 0x000001ebe0f67420 to 0x000001ebe0f67c34
Event: 24.719 Thread 0x000001eb829a92e0 Implicit null exception at 0x000001ebe0f67420 to 0x000001ebe0f67c34
Event: 25.160 Thread 0x000001eb829a92e0 Implicit null exception at 0x000001ebe10140a0 to 0x000001ebe1014864
Event: 31.160 Thread 0x000001eb829ac800 Implicit null exception at 0x000001ebe0cccae0 to 0x000001ebe0ccd230

VM Operations (20 events):
Event: 31.583 Executing VM operation: HandshakeAllThreads
Event: 31.583 Executing VM operation: HandshakeAllThreads done
Event: 32.282 Executing VM operation: G1CollectForAllocation
Event: 32.283 Executing VM operation: G1CollectForAllocation done
Event: 33.289 Executing VM operation: Cleanup
Event: 33.291 Executing VM operation: Cleanup done
Event: 33.334 Executing VM operation: G1CollectForAllocation
Event: 33.335 Executing VM operation: G1CollectForAllocation done
Event: 34.342 Executing VM operation: Cleanup
Event: 34.342 Executing VM operation: Cleanup done
Event: 34.399 Executing VM operation: G1CollectForAllocation
Event: 34.400 Executing VM operation: G1CollectForAllocation done
Event: 35.161 Executing VM operation: ChangeSingleStep
Event: 35.161 Executing VM operation: ChangeSingleStep done
Event: 35.161 Executing VM operation: ChangeSingleStep
Event: 35.161 Executing VM operation: ChangeSingleStep done
Event: 35.172 Executing VM operation: RedefineClasses
Event: 35.200 Executing VM operation: RedefineClasses done
Event: 35.206 Executing VM operation: ChangeSingleStep
Event: 35.206 Executing VM operation: ChangeSingleStep done

Events (20 events):
Event: 31.596 Thread 0x000001ebf5369e00 flushing nmethod 0x000001ebd9c54590
Event: 31.597 Thread 0x000001ebf5369e00 flushing nmethod 0x000001ebd9cd0e10
Event: 31.597 Thread 0x000001ebf5369e00 flushing nmethod 0x000001ebd9d83f90
Event: 31.598 Thread 0x000001ebf5369e00 flushing nmethod 0x000001ebda0b6c90
Event: 31.599 Thread 0x000001ebf5369e00 flushing nmethod 0x000001ebda228890
Event: 31.599 Thread 0x000001ebf5369e00 flushing nmethod 0x000001ebda2f2910
Event: 31.599 Thread 0x000001ebf5369e00 flushing nmethod 0x000001ebda2fee90
Event: 31.599 Thread 0x000001ebf5369e00 flushing nmethod 0x000001ebda30c110
Event: 31.599 Thread 0x000001ebf5369e00 flushing nmethod 0x000001ebda30ec90
Event: 31.600 Thread 0x000001ebf5369e00 flushing nmethod 0x000001ebda346890
Event: 31.600 Thread 0x000001ebf5369e00 flushing nmethod 0x000001ebda347190
Event: 31.600 Thread 0x000001ebf5369e00 flushing nmethod 0x000001ebda35f290
Event: 31.600 Thread 0x000001ebf5369e00 flushing nmethod 0x000001ebda368690
Event: 31.600 Thread 0x000001ebf5369e00 flushing nmethod 0x000001ebda36f590
Event: 31.600 Thread 0x000001ebf5369e00 flushing nmethod 0x000001ebda391190
Event: 32.249 Thread 0x000001ebf9a297f0 Thread exited: 0x000001ebf9a297f0
Event: 32.595 Thread 0x000001ebf9a297f0 Thread added: 0x000001ebf9a297f0
Event: 32.873 Thread 0x000001ebf9a297f0 Thread exited: 0x000001ebf9a297f0
Event: 33.202 Thread 0x000001ebf9a297f0 Thread added: 0x000001ebf9a297f0
Event: 34.059 Thread 0x000001ebf9a297f0 Thread exited: 0x000001ebf9a297f0


Dynamic libraries:
0x00007ff6e4880000 - 0x00007ff6e488e000 	C:\Program Files\jdk-19.0.2\bin\java.exe
0x00007ff922930000 - 0x00007ff922b28000 	C:\WINDOWS\SYSTEM32\ntdll.dll
0x00007ff921a20000 - 0x00007ff921adf000 	C:\WINDOWS\System32\KERNEL32.DLL
0x00007ff920290000 - 0x00007ff920586000 	C:\WINDOWS\System32\KERNELBASE.dll
0x00007ff920890000 - 0x00007ff920990000 	C:\WINDOWS\System32\ucrtbase.dll
0x00007ff8950b0000 - 0x00007ff8950c7000 	C:\Program Files\jdk-19.0.2\bin\jli.dll
0x00007ff889d70000 - 0x00007ff889d8b000 	C:\Program Files\jdk-19.0.2\bin\VCRUNTIME140.dll
0x00007ff9216c0000 - 0x00007ff92185d000 	C:\WINDOWS\System32\USER32.dll
0x00007ff912ef0000 - 0x00007ff91318a000 	C:\WINDOWS\WinSxS\amd64_microsoft.windows.common-controls_6595b64144ccf1df_6.0.19041.1110_none_60b5254171f9507e\COMCTL32.dll
0x00007ff920260000 - 0x00007ff920282000 	C:\WINDOWS\System32\win32u.dll
0x00007ff9212c0000 - 0x00007ff92135e000 	C:\WINDOWS\System32\msvcrt.dll
0x00007ff9220a0000 - 0x00007ff9220cc000 	C:\WINDOWS\System32\GDI32.dll
0x00007ff920770000 - 0x00007ff920885000 	C:\WINDOWS\System32\gdi32full.dll
0x00007ff920010000 - 0x00007ff9200ad000 	C:\WINDOWS\System32\msvcp_win.dll
0x00007ff921210000 - 0x00007ff921240000 	C:\WINDOWS\System32\IMM32.DLL
0x00007ff8f1630000 - 0x00007ff8f163c000 	C:\Program Files\jdk-19.0.2\bin\vcruntime140_1.dll
0x00007ff889ce0000 - 0x00007ff889d6e000 	C:\Program Files\jdk-19.0.2\bin\msvcp140.dll
0x00007ff889020000 - 0x00007ff889ce0000 	C:\Program Files\jdk-19.0.2\bin\server\jvm.dll
0x00007ff9222f0000 - 0x00007ff92239f000 	C:\WINDOWS\System32\ADVAPI32.dll
0x00007ff921ae0000 - 0x00007ff921b7c000 	C:\WINDOWS\System32\sechost.dll
0x00007ff921f00000 - 0x00007ff922026000 	C:\WINDOWS\System32\RPCRT4.dll
0x00007ff910820000 - 0x00007ff910829000 	C:\WINDOWS\SYSTEM32\WSOCK32.dll
0x00007ff912d00000 - 0x00007ff912d27000 	C:\WINDOWS\SYSTEM32\WINMM.dll
0x00007ff91a110000 - 0x00007ff91a11a000 	C:\WINDOWS\SYSTEM32\VERSION.dll
0x00007ff922030000 - 0x00007ff92209b000 	C:\WINDOWS\System32\WS2_32.dll
0x00007ff91e850000 - 0x00007ff91e862000 	C:\WINDOWS\SYSTEM32\kernel.appcore.dll
0x00007ff8eb7a0000 - 0x00007ff8eb7aa000 	C:\Program Files\jdk-19.0.2\bin\jimage.dll
0x00007ff91dbc0000 - 0x00007ff91dda4000 	C:\WINDOWS\SYSTEM32\DBGHELP.DLL
0x00007ff913640000 - 0x00007ff913674000 	C:\WINDOWS\SYSTEM32\dbgcore.DLL
0x00007ff9206e0000 - 0x00007ff920762000 	C:\WINDOWS\System32\bcryptPrimitives.dll
0x00007ff888fe0000 - 0x00007ff88901c000 	C:\Program Files\jdk-19.0.2\bin\jdwp.dll
0x00007ff888fb0000 - 0x00007ff888fd6000 	C:\Program Files\jdk-19.0.2\bin\java.dll
0x00007ff888ed0000 - 0x00007ff888fa7000 	C:\Program Files\jdk-19.0.2\bin\jsvml.dll
0x00007ff920ac0000 - 0x00007ff921204000 	C:\WINDOWS\System32\SHELL32.dll
0x00007ff91e080000 - 0x00007ff91e813000 	C:\WINDOWS\SYSTEM32\windows.storage.dll
0x00007ff921360000 - 0x00007ff9216b4000 	C:\WINDOWS\System32\combase.dll
0x00007ff91f990000 - 0x00007ff91f9be000 	C:\WINDOWS\SYSTEM32\Wldp.dll
0x00007ff921df0000 - 0x00007ff921e9d000 	C:\WINDOWS\System32\SHCORE.dll
0x00007ff922160000 - 0x00007ff9221b5000 	C:\WINDOWS\System32\shlwapi.dll
0x00007ff91ff50000 - 0x00007ff91ff6f000 	C:\WINDOWS\SYSTEM32\profapi.dll
0x00007ff8e9af0000 - 0x00007ff8e9afc000 	C:\Program Files\jdk-19.0.2\bin\dt_socket.dll
0x00007ff91f430000 - 0x00007ff91f46c000 	C:\WINDOWS\SYSTEM32\IPHLPAPI.DLL
0x00007ff91f770000 - 0x00007ff91f7da000 	C:\WINDOWS\system32\mswsock.dll
0x00007ff91f470000 - 0x00007ff91f53b000 	C:\WINDOWS\SYSTEM32\DNSAPI.dll
0x00007ff921860000 - 0x00007ff921868000 	C:\WINDOWS\System32\NSI.dll
0x00007ff919430000 - 0x00007ff91943a000 	C:\Windows\System32\rasadhlp.dll
0x00007ff919040000 - 0x00007ff9190c2000 	C:\WINDOWS\System32\fwpuclnt.dll
0x00007ff920590000 - 0x00007ff9205b7000 	C:\WINDOWS\System32\bcrypt.dll
0x00007ff888eb0000 - 0x00007ff888ec3000 	C:\Program Files\jdk-19.0.2\bin\net.dll
0x00007ff919810000 - 0x00007ff91991a000 	C:\WINDOWS\SYSTEM32\WINHTTP.dll
0x00007ff888e90000 - 0x00007ff888ea6000 	C:\Program Files\jdk-19.0.2\bin\nio.dll
0x00007ff888e70000 - 0x00007ff888e88000 	C:\Program Files\jdk-19.0.2\bin\zip.dll
0x00007ff8e8ff0000 - 0x00007ff8e9000000 	C:\Program Files\jdk-19.0.2\bin\verify.dll
0x00007ff91f9d0000 - 0x00007ff91f9e8000 	C:\WINDOWS\SYSTEM32\CRYPTSP.dll
0x00007ff91f040000 - 0x00007ff91f074000 	C:\WINDOWS\system32\rsaenh.dll
0x00007ff91ff10000 - 0x00007ff91ff3e000 	C:\WINDOWS\SYSTEM32\USERENV.dll
0x00007ff91f900000 - 0x00007ff91f90c000 	C:\WINDOWS\SYSTEM32\CRYPTBASE.dll
0x00007ff91a760000 - 0x00007ff91a777000 	C:\WINDOWS\SYSTEM32\dhcpcsvc6.DLL
0x00007ff91a740000 - 0x00007ff91a75d000 	C:\WINDOWS\SYSTEM32\dhcpcsvc.DLL
0x00007ff8e88d0000 - 0x00007ff8e88de000 	C:\Program Files\jdk-19.0.2\bin\sunmscapi.dll
0x00007ff920100000 - 0x00007ff92025e000 	C:\WINDOWS\System32\CRYPT32.dll
0x00007ff91fae0000 - 0x00007ff91fb08000 	C:\WINDOWS\SYSTEM32\ncrypt.dll
0x00007ff91faa0000 - 0x00007ff91fadb000 	C:\WINDOWS\SYSTEM32\NTASN1.dll
0x00007ff8e7b10000 - 0x00007ff8e7b1a000 	C:\Program Files\jdk-19.0.2\bin\management.dll
0x00007ff8e7940000 - 0x00007ff8e794b000 	C:\Program Files\jdk-19.0.2\bin\management_ext.dll
0x00007ff920990000 - 0x00007ff920998000 	C:\WINDOWS\System32\PSAPI.DLL
0x00007ff8e7900000 - 0x00007ff8e7908000 	C:\Program Files\jdk-19.0.2\bin\extnet.dll
0x00007ff91b690000 - 0x00007ff91b697000 	C:\WINDOWS\system32\wshunix.dll

dbghelp: loaded successfully - version: 4.0.5 - missing functions: none
symbol engine: initialized successfully - sym options: 0x614 - pdb path: .;C:\Program Files\jdk-19.0.2\bin;C:\WINDOWS\SYSTEM32;C:\WINDOWS\WinSxS\amd64_microsoft.windows.common-controls_6595b64144ccf1df_6.0.19041.1110_none_60b5254171f9507e;C:\Program Files\jdk-19.0.2\bin\server

VM Arguments:
jvm_args: -agentlib:jdwp=transport=dt_socket,server=n,suspend=y,address=localhost:53465 -XX:+ShowCodeDetailsInExceptionMessages 
java_command: org.disertatie.dbsync.DbsyncApplication
java_class_path (initial): C:\Users\turtu\Desktop\dise\disertatie\dbsync\target\classes;C:\Users\turtu\.m2\repository\org\springframework\boot\spring-boot-starter\3.0.3\spring-boot-starter-3.0.3.jar;C:\Users\turtu\.m2\repository\org\springframework\boot\spring-boot\3.0.3\spring-boot-3.0.3.jar;C:\Users\turtu\.m2\repository\org\springframework\boot\spring-boot-autoconfigure\3.0.3\spring-boot-autoconfigure-3.0.3.jar;C:\Users\turtu\.m2\repository\org\springframework\boot\spring-boot-starter-logging\3.0.3\spring-boot-starter-logging-3.0.3.jar;C:\Users\turtu\.m2\repository\ch\qos\logback\logback-classic\1.4.5\logback-classic-1.4.5.jar;C:\Users\turtu\.m2\repository\ch\qos\logback\logback-core\1.4.5\logback-core-1.4.5.jar;C:\Users\turtu\.m2\repository\org\apache\logging\log4j\log4j-to-slf4j\2.19.0\log4j-to-slf4j-2.19.0.jar;C:\Users\turtu\.m2\repository\org\apache\logging\log4j\log4j-api\2.19.0\log4j-api-2.19.0.jar;C:\Users\turtu\.m2\repository\org\slf4j\jul-to-slf4j\2.0.6\jul-to-slf4j-2.0.6.jar;C:\Users\turtu\.m2\repository\jakarta\annotation\jakarta.annotation-api\2.1.1\jakarta.annotation-api-2.1.1.jar;C:\Users\turtu\.m2\repository\org\springframework\spring-core\6.0.5\spring-core-6.0.5.jar;C:\Users\turtu\.m2\repository\org\springframework\spring-jcl\6.0.5\spring-jcl-6.0.5.jar;C:\Users\turtu\.m2\repository\org\yaml\snakeyaml\1.33\snakeyaml-1.33.jar;C:\Users\turtu\.m2\repository\org\springframework\boot\spring-boot-starter-data-mongodb\3.0.3\spring-boot-starter-data-mongodb-3.0.3.jar;C:\Users\turtu\.m2\repository\org\mongodb\mongodb-driver-sync\4.8.2\mongodb-driver-sync-4.8.2.jar;C:\Users\turtu\.m2\repository\org\mongodb\bson\4.8.2\bson-4.8.2.jar;C:\Users\turtu\.m2\repository\org\mongodb\mongodb-driver-core\4.8.2\mongodb-driver-core-4.8.2.jar;C:\Users\turtu\.m2\repository\org\mongodb\bson-record-codec\4.8.2\bson-record-codec-4.8.2.jar;C:\Users\turtu\.m2\repository\org\springframework\data\spring-data-mongodb\4.0.2\spring-data-mongodb-4.0.2.jar;C:\Users\turtu\.m2\repository\org\springframework\spring-beans\6.0.5\spring-beans-6.0.5.jar;C:\Users\turtu\.m2\repository\org\springframework\spring-expression\6.0.5\spring-expression-6.0.5.jar;C:\Users\turtu\.m2\repository\org\springframework\data\spring-data-commons\3.0.2\spring-data-commons-3.0.2.jar;C:\Users\turtu\.m2\repository\org\springframework\boot\spring-boot-starter-data-jpa\3.0.3\spring-boot-starter-data-jpa-3.0.3.jar;C:\Users\turtu\.m2\repository\org\springframework\boot\spring-boot-starter-aop\3.0.3\spring-boot-starter-aop-3.0.3.jar;C:\Users\turtu\.m2\repository\org\springframework\spring-aop\6.0.5\spring-aop-6.0.5.jar;C:\Users\turtu\.m2\repository\org\aspectj\aspectjweaver\1.9.19\aspectjweaver-1.9.19.jar;C:\Users\turtu\.m2\repository\org\springframework\boot\spring-boot-starter-jdbc\3.0.3\spring-boot-starter-jdbc-3.0.3.jar;C:\Users\turtu\.m2\repository\com\zaxxer\HikariCP\5.0.1\HikariCP-5.0.1.jar;C:\Users\turtu\.m2\repository\org\springframework\spring-jdbc\6.0.5\spring-jdbc-6.0.5.jar;C:\Users\turtu\.m2\repository\org\hibernate\orm\hibernate-core\6.1.7.Final\hibernate-core-6.1.7.Final.jar;C:\Users\turtu\.m2\repository\jakarta\persistence\jakarta.persistence-api\3.1.0\jakarta.persistence-api-3.1.0.jar;C:\Users\turtu\.m2\repository\jakarta\transaction\jakarta.transaction-api\2.0.1\jakarta.transaction-api-2.0.1.jar;C:\Users\turtu\.m2\repository\org\jboss\logging\jboss-logging\3.5.0.Final\jboss-logging-3.5.0.Final.jar;C:\Users\turtu\.m2\repository\org\hibernate\common\hibernate-commons-annotations\6.0.6.Final\hibernate-commons-annotations-6.0.6.Final.jar;C:\Users\turtu\.m2\repository\org\jboss\jandex\2.4.2.Final\jandex-2.4.2.Final.jar;C:\Users\turtu\.m2\repository\com\fasterxml\classmate\1.5.1\classmate-1.5.1.jar;C:\Users\turtu\.m2\repository\net\bytebuddy\byte-buddy\1.12.23\byte-buddy-1.12.23.jar;C:\Users\turtu\.m2\repository\org\glassfish\jaxb\jaxb-runtime\4.0.2\jaxb-runtime-4.0.2.jar;C:\Users\turtu\.m2\repository\org\glassfish\jaxb\jaxb-core\4.0.2\jaxb-core-4.0.2.jar;C:\Users\turtu\.m2\repository\org\eclipse\angus\angus-activation\2.0.0\angus-activation-2.0.0.jar;C:\Users\turtu\.m2\repository\org\glassfish\jaxb\txw2\4.0.2\txw2-4.0.2.jar;C:\Users\turtu\.m2\repository\com\sun\istack\istack-commons-runtime\4.1.1\istack-commons-runtime-4.1.1.jar;C:\Users\turtu\.m2\repository\jakarta\inject\jakarta.inject-api\2.0.0\jakarta.inject-api-2.0.0.jar;C:\Users\turtu\.m2\repository\org\antlr\antlr4-runtime\4.10.1\antlr4-runtime-4.10.1.jar;C:\Users\turtu\.m2\repository\org\springframework\data\spring-data-jpa\3.0.2\spring-data-jpa-3.0.2.jar;C:\Users\turtu\.m2\repository\org\springframework\spring-orm\6.0.5\spring-orm-6.0.5.jar;C:\Users\turtu\.m2\repository\org\springframework\spring-aspects\6.0.5\spring-aspects-6.0.5.jar;C:\Users\turtu\.m2\repository\org\springframework\boot\spring-boot-starter-web\3.0.3\spring-boot-starter-web-3.0.3.jar;C:\Users\turtu\.m2\repository\org\springframework\boot\spring-boot-starter-json\3.0.3\spring-boot-starter-json-3.0.3.jar;C:\Users\turtu\.m2\repository\com\fasterxml\jackson\datatype\jackson-datatype-jdk8\2.14.2\jackson-datatype-jdk8-2.14.2.jar;C:\Users\turtu\.m2\repository\com\fasterxml\jackson\module\jackson-module-parameter-names\2.14.2\jackson-module-parameter-names-2.14.2.jar;C:\Users\turtu\.m2\repository\org\springframework\boot\spring-boot-starter-tomcat\3.0.3\spring-boot-starter-tomcat-3.0.3.jar;C:\Users\turtu\.m2\repository\org\apache\tomcat\embed\tomcat-embed-core\10.1.5\tomcat-embed-core-10.1.5.jar;C:\Users\turtu\.m2\repository\org\apache\tomcat\embed\tomcat-embed-el\10.1.5\tomcat-embed-el-10.1.5.jar;C:\Users\turtu\.m2\repository\org\apache\tomcat\embed\tomcat-embed-websocket\10.1.5\tomcat-embed-websocket-10.1.5.jar;C:\Users\turtu\.m2\repository\org\springframework\spring-web\6.0.5\spring-web-6.0.5.jar;C:\Users\turtu\.m2\repository\org\springframework\spring-webmvc\6.0.5\spring-webmvc-6.0.5.jar;C:\Users\turtu\.m2\repository\com\mysql\mysql-connector-j\8.0.32\mysql-connector-j-8.0.32.jar;C:\Users\turtu\.m2\repository\org\apache\kafka\kafka-streams\3.3.2\kafka-streams-3.3.2.jar;C:\Users\turtu\.m2\repository\org\apache\kafka\kafka-clients\3.3.2\kafka-clients-3.3.2.jar;C:\Users\turtu\.m2\repository\com\github\luben\zstd-jni\1.5.2-1\zstd-jni-1.5.2-1.jar;C:\Users\turtu\.m2\repository\org\lz4\lz4-java\1.8.0\lz4-java-1.8.0.jar;C:\Users\turtu\.m2\repository\org\xerial\snappy\snappy-java\1.1.8.4\snappy-java-1.1.8.4.jar;C:\Users\turtu\.m2\repository\org\rocksdb\rocksdbjni\7.1.2\rocksdbjni-7.1.2.jar;C:\Users\turtu\.m2\repository\org\slf4j\slf4j-api\2.0.6\slf4j-api-2.0.6.jar;C:\Users\turtu\.m2\repository\com\fasterxml\jackson\core\jackson-annotations\2.14.2\jackson-annotations-2.14.2.jar;C:\Users\turtu\.m2\repository\com\fasterxml\jackson\core\jackson-databind\2.14.2\jackson-databind-2.14.2.jar;C:\Users\turtu\.m2\repository\org\springframework\kafka\spring-kafka\3.0.3\spring-kafka-3.0.3.jar;C:\Users\turtu\.m2\repository\org\springframework\spring-context\6.0.5\spring-context-6.0.5.jar;C:\Users\turtu\.m2\repository\org\springframework\spring-messaging\6.0.5\spring-messaging-6.0.5.jar;C:\Users\turtu\.m2\repository\org\springframework\spring-tx\6.0.5\spring-tx-6.0.5.jar;C:\Users\turtu\.m2\repository\org\springframework\retry\spring-retry\2.0.0\spring-retry-2.0.0.jar;C:\Users\turtu\.m2\repository\io\micrometer\micrometer-observation\1.10.4\micrometer-observation-1.10.4.jar;C:\Users\turtu\.m2\repository\io\micrometer\micrometer-commons\1.10.4\micrometer-commons-1.10.4.jar;C:\Users\turtu\.m2\repository\com\google\code\findbugs\jsr305\3.0.2\jsr305-3.0.2.jar;C:\Users\turtu\.m2\repository\io\debezium\debezium-core\2.2.0.Final\debezium-core-2.2.0.Final.jar;C:\Users\turtu\.m2\repository\io\debezium\debezium-api\2.2.0.Final\debezium-api-2.2.0.Final.jar;C:\Users\turtu\.m2\repository\com\fasterxml\jackson\datatype\jackson-datatype-jsr310\2.14.2\jackson-datatype-jsr310-2.14.2.jar;C:\Users\turtu\.m2\repository\com\fasterxml\jackson\core\jackson-core\2.14.2\jackson-core-2.14.2.jar;C:\Users\turtu\.m2\repository\jakarta\xml\bind\jakarta.xml.bind-api\4.0.0\jakarta.xml.bind-api-4.0.0.jar;C:\Users\turtu\.m2\repository\jakarta\activation\jakarta.activation-api\2.1.1\jakarta.activation-api-2.1.1.jar
Launcher Type: SUN_STANDARD

[Global flags]
     intx CICompilerCount                          = 12                                        {product} {ergonomic}
     uint ConcGCThreads                            = 3                                         {product} {ergonomic}
     uint G1ConcRefinementThreads                  = 13                                        {product} {ergonomic}
   size_t G1HeapRegionSize                         = 2097152                                   {product} {ergonomic}
    uintx GCDrainStackTargetSize                   = 64                                        {product} {ergonomic}
   size_t InitialHeapSize                          = 268435456                                 {product} {ergonomic}
   size_t MarkStackSize                            = 4194304                                   {product} {ergonomic}
   size_t MaxHeapSize                              = 4278190080                                {product} {ergonomic}
   size_t MaxNewSize                               = 2566914048                                {product} {ergonomic}
   size_t MinHeapDeltaBytes                        = 2097152                                   {product} {ergonomic}
   size_t MinHeapSize                              = 8388608                                   {product} {ergonomic}
    uintx NonNMethodCodeHeapSize                   = 7602480                                {pd product} {ergonomic}
    uintx NonProfiledCodeHeapSize                  = 122027880                              {pd product} {ergonomic}
    uintx ProfiledCodeHeapSize                     = 122027880                              {pd product} {ergonomic}
    uintx ReservedCodeCacheSize                    = 251658240                              {pd product} {ergonomic}
     bool SegmentedCodeCache                       = true                                      {product} {ergonomic}
     bool ShowCodeDetailsInExceptionMessages       = true                                   {manageable} {command line}
   size_t SoftMaxHeapSize                          = 4278190080                             {manageable} {ergonomic}
     bool UseCompressedClassPointers               = true                           {product lp64_product} {ergonomic}
     bool UseCompressedOops                        = true                           {product lp64_product} {ergonomic}
     bool UseG1GC                                  = true                                      {product} {ergonomic}
     bool UseLargePagesIndividualAllocation        = false                                  {pd product} {ergonomic}

Logging:
Log output configuration:
 #0: stdout all=warning uptime,level,tags foldmultilines=false
 #1: stderr all=off uptime,level,tags foldmultilines=false

Environment Variables:
JAVA_HOME=C:\Program Files\jdk-19.0.2
PATH=C:\Program Files (x86)\Common Files\Intel\Shared Libraries\redist\intel64_win\compiler;C:\Program Files (x86)\Common Files\Oracle\Java\javapath;C:\Python311\Scripts\;C:\Python311\;C:\WINDOWS\system32;C:\WINDOWS;C:\WINDOWS\System32\Wbem;C:\WINDOWS\System32\WindowsPowerShell\v1.0\;C:\WINDOWS\System32\OpenSSH\;C:\Program Files\Git\cmd;C:\ProgramData\chocolatey\bin;C:\Program Files\nodejs\;C:\Program Files\SafeNet\Authentication\SAC\x64;C:\Program Files\SafeNet\Authentication\SAC\x32;C:\Program Files\dotnet\;C:\Program Files\NVIDIA Corporation\NVIDIA NvDLISR;C:\Program Files (x86)\NVIDIA Corporation\PhysX\Common;C:\Program Files\Docker\Docker\resources\bin;C:\composer;C:\Users\turtu\AppData\Local\Programs\Python\Python310\Scripts\;C:\Users\turtu\AppData\Local\Programs\Python\Python310\;C:\Users\turtu\AppData\Local\Microsoft\WindowsApps;C:\Users\turtu\AppData\Local\Programs\Microsoft VS Code\bin;C:\mvn\bin;C:\Program Files\jdk-19.0.2\bin;C:\Users\turtu\AppData\Roaming\npm;C:\mysql\bin;C:\Users\turtu\.dotnet\tools;C:\php;C:\Users\turtu\AppData\Roaming\Composer\vendor\bin;C:\composer;
USERNAME=turtu
LANG=en_US.UTF-8
OS=Windows_NT
PROCESSOR_IDENTIFIER=Intel64 Family 6 Model 158 Stepping 13, GenuineIntel
TMP=C:\Users\turtu\AppData\Local\Temp
TEMP=C:\Users\turtu\AppData\Local\Temp



---------------  S Y S T E M  ---------------

OS:
 Windows 10 , 64 bit Build 19041 (10.0.19041.2913)
OS uptime: 0 days 6:01 hours
Hyper-V role detected

CPU: total 16 (initial active 16) (8 cores per cpu, 2 threads per core) family 6 model 158 stepping 13 microcode 0xb8, cx8, cmov, fxsr, ht, mmx, 3dnowpref, sse, sse2, sse3, ssse3, sse4.1, sse4.2, popcnt, lzcnt, tsc, tscinvbit, avx, avx2, aes, erms, clmul, bmi1, bmi2, rtm, adx, fma, vzeroupper, clflush, clflushopt, hv, rdtscp

Memory: 4k page, system-wide physical 16315M (521M free)
TotalPageFile size 29477M (AvailPageFile size 4213M)
current process WorkingSet (physical memory assigned to process): 443M, peak: 478M
current process commit charge ("private bytes"): 509M, peak: 545M

vm_info: OpenJDK 64-Bit Server VM (19.0.2+7-44) for windows-amd64 JRE (19.0.2+7-44), built on 2022-11-30T18:02:09Z by "mach5one" with MS VC++ 17.1 (VS2022)

END.
